2018-08-11 18:35:45,131 INFO eu.stamp_project.dspot.selector.PitMutantScoreSelector - The original test suite kill 228 / 3753
2018-08-11 18:35:45,152 WARN eu.stamp_project.automaticbuilder.AutomaticBuilderFactory - automaticBuilderName: unknown automatic builder specified in configuration, going to default.
2018-08-11 18:35:45,152 INFO eu.stamp_project.automaticbuilder.AutomaticBuilderFactory - Default: provided Maven automatic builder.
2018-08-11 18:35:45,169 INFO eu.stamp_project.automaticbuilder.MavenAutomaticBuilder - run maven clean test -DskipTests dependency:build-classpath -Dmdep.outputFile=target/dspot/classpath
[WARN] Maven will be executed in interactive mode, but no input stream has been configured for this MavenInvoker instance.
[INFO] Scanning for projects...
[INFO]                                                                         
[INFO] ------------------------------------------------------------------------
[INFO] Building compiler 0.9.6-SNAPSHOT
[INFO] ------------------------------------------------------------------------
[INFO] 
[INFO] --- maven-clean-plugin:2.5:clean (default-clean) @ compiler ---
[INFO] 
[INFO] --- maven-resources-plugin:2.6:resources (default-resources) @ compiler ---
[INFO] Using 'UTF-8' encoding to copy filtered resources.
[INFO] skip non existing resourceDirectory /tmp/dspot-experiments/dataset/mustache.java/compiler/src/main/resources
[INFO] 
[INFO] --- maven-compiler-plugin:3.5.1:compile (default-compile) @ compiler ---
[INFO] Changes detected - recompiling the module!
[INFO] Compiling 61 source files to /tmp/dspot-experiments/dataset/mustache.java/compiler/target/classes
[INFO] 
[INFO] --- maven-resources-plugin:2.6:testResources (default-testResources) @ compiler ---
[INFO] Using 'UTF-8' encoding to copy filtered resources.
[INFO] Copying 118 resources
[INFO] 
[INFO] --- maven-compiler-plugin:3.5.1:testCompile (default-testCompile) @ compiler ---
[INFO] Changes detected - recompiling the module!
[INFO] Compiling 43 source files to /tmp/dspot-experiments/dataset/mustache.java/compiler/target/test-classes
[INFO] /tmp/dspot-experiments/dataset/mustache.java/compiler/src/test/java/com/github/mustachejava/SpecTest.java: Some input files use or override a deprecated API.
[INFO] /tmp/dspot-experiments/dataset/mustache.java/compiler/src/test/java/com/github/mustachejava/SpecTest.java: Recompile with -Xlint:deprecation for details.
[INFO] /tmp/dspot-experiments/dataset/mustache.java/compiler/src/test/java/com/github/mustachejava/functions/CommentTest.java: Some input files use unchecked or unsafe operations.
[INFO] /tmp/dspot-experiments/dataset/mustache.java/compiler/src/test/java/com/github/mustachejava/functions/CommentTest.java: Recompile with -Xlint:unchecked for details.
[INFO] 
[INFO] --- maven-surefire-plugin:2.19.1:test (default-test) @ compiler ---
[INFO] Tests are skipped.
[INFO] 
[INFO] --- maven-dependency-plugin:2.8:build-classpath (default-cli) @ compiler ---
[INFO] Wrote classpath file '/tmp/dspot-experiments/dataset/mustache.java/compiler/target/dspot/classpath'.
[INFO] ------------------------------------------------------------------------
[INFO] BUILD SUCCESS
[INFO] ------------------------------------------------------------------------
[INFO] Total time: 5.876 s
[INFO] Finished at: 2018-08-11T18:35:52+02:00
[INFO] Final Memory: 24M/274M
[INFO] ------------------------------------------------------------------------
2018-08-11 18:35:55,724 INFO eu.stamp_project.dspot.Amplification - Amplification of com.github.mustachejava.ConcurrencyTest (2 test(s))
2018-08-11 18:35:55,724 INFO eu.stamp_project.dspot.Amplification - Assertion amplification of com.github.mustachejava.ConcurrencyTest (2 test(s))
2018-08-11 18:35:56,139 INFO eu.stamp_project.testrunner.EntryPoint - Run: java -classpath /tmp/dspot-experiments/dataset/mustache.java/compiler/target/test-classes:/tmp/dspot-experiments/dataset/mustache.java/compiler/target/classes/:/home/spirals/danglot/.m2/repository/junit/junit/4.11/junit-4.11.jar:/home/spirals/danglot/.m2/repository/org/hamcrest/hamcrest-core/1.3/hamcrest-core-1.3.jar:/home/spirals/danglot/.m2/repository/com/fasterxml/jackson/core/jackson-databind/2.7.4/jackson-databind-2.7.4.jar:/home/spirals/danglot/.m2/repository/com/fasterxml/jackson/core/jackson-annotations/2.7.0/jackson-annotations-2.7.0.jar:/home/spirals/danglot/.m2/repository/com/fasterxml/jackson/core/jackson-core/2.7.4/jackson-core-2.7.4.jar:/home/spirals/danglot/.m2/repository/com/fasterxml/jackson/dataformat/jackson-dataformat-yaml/2.7.4/jackson-dataformat-yaml-2.7.4.jar:/home/spirals/danglot/.m2/repository/org/yaml/snakeyaml/1.15/snakeyaml-1.15.jar:/home/spirals/danglot/.m2/repository/com/google/guava/guava/20.0/guava-20.0.jar:/tmp/dspot-experiments/dataset/mustache.java/compiler/src/test/resources/templates.jar/:/tmp/dspot-experiments/target/dspot/dependencies:/tmp/dspot/dspot/target/dspot-1.1.1-SNAPSHOT-jar-with-dependencies.jar eu.stamp_project.testrunner.runner.test.TestRunner com.github.mustachejava.ConcurrencyTest testConcurrentExecution:testConcurrentExecutionWithConcurrentTemplate
2018-08-11 18:36:17,141 WARN eu.stamp_project.testrunner.EntryPoint - Timeout when running java -classpath /tmp/dspot-experiments/dataset/mustache.java/compiler/target/test-classes:/tmp/dspot-experiments/dataset/mustache.java/compiler/target/classes/:/home/spirals/danglot/.m2/repository/junit/junit/4.11/junit-4.11.jar:/home/spirals/danglot/.m2/repository/org/hamcrest/hamcrest-core/1.3/hamcrest-core-1.3.jar:/home/spirals/danglot/.m2/repository/com/fasterxml/jackson/core/jackson-databind/2.7.4/jackson-databind-2.7.4.jar:/home/spirals/danglot/.m2/repository/com/fasterxml/jackson/core/jackson-annotations/2.7.0/jackson-annotations-2.7.0.jar:/home/spirals/danglot/.m2/repository/com/fasterxml/jackson/core/jackson-core/2.7.4/jackson-core-2.7.4.jar:/home/spirals/danglot/.m2/repository/com/fasterxml/jackson/dataformat/jackson-dataformat-yaml/2.7.4/jackson-dataformat-yaml-2.7.4.jar:/home/spirals/danglot/.m2/repository/org/yaml/snakeyaml/1.15/snakeyaml-1.15.jar:/home/spirals/danglot/.m2/repository/com/google/guava/guava/20.0/guava-20.0.jar:/tmp/dspot-experiments/dataset/mustache.java/compiler/src/test/resources/templates.jar/:/tmp/dspot-experiments/target/dspot/dependencies:/tmp/dspot/dspot/target/dspot-1.1.1-SNAPSHOT-jar-with-dependencies.jar eu.stamp_project.testrunner.runner.test.TestRunner com.github.mustachejava.ConcurrencyTest testConcurrentExecution:testConcurrentExecutionWithConcurrentTemplate
2018-08-11 18:36:17,143 WARN eu.stamp_project.utils.compilation.TestRunner - Timeout during execution of com.github.mustachejava.ConcurrencyTest: testConcurrentExecution,testConcurrentExecutionWithConcurrentTemplate
eu.stamp_project.dspot.AmplificationException: java.util.concurrent.TimeoutException
	at eu.stamp_project.utils.compilation.TestRunner.runGivenTestMethods(TestRunner.java:73)
	at eu.stamp_project.utils.compilation.TestCompiler.compileAndRun(TestCompiler.java:99)
	at eu.stamp_project.utils.compilation.TestCompiler.compileRunAndDiscardUncompilableAndFailingTestMethods(TestCompiler.java:55)
	at eu.stamp_project.dspot.Amplification.amplification(Amplification.java:82)
	at eu.stamp_project.dspot.DSpot.amplifyTest(DSpot.java:180)
	at eu.stamp_project.dspot.DSpot.amplifyTest(DSpot.java:170)
	at eu.stamp_project.Main.lambda$run$1(Main.java:69)
	at java.util.stream.ReferencePipeline$3$1.accept(ReferencePipeline.java:193)
	at java.util.Spliterators$ArraySpliterator.forEachRemaining(Spliterators.java:948)
	at java.util.stream.AbstractPipeline.copyInto(AbstractPipeline.java:481)
	at java.util.stream.AbstractPipeline.wrapAndCopyInto(AbstractPipeline.java:471)
	at java.util.stream.ReduceOps$ReduceOp.evaluateSequential(ReduceOps.java:708)
	at java.util.stream.AbstractPipeline.evaluate(AbstractPipeline.java:234)
	at java.util.stream.ReferencePipeline.collect(ReferencePipeline.java:499)
	at eu.stamp_project.Main.run(Main.java:71)
	at eu.stamp_project.Main.main(Main.java:40)
Caused by: java.util.concurrent.TimeoutException
	at java.util.concurrent.FutureTask.get(FutureTask.java:205)
	at eu.stamp_project.testrunner.EntryPoint.runGivenCommandLine(EntryPoint.java:357)
	at eu.stamp_project.testrunner.EntryPoint.runTests(EntryPoint.java:179)
	at eu.stamp_project.testrunner.EntryPoint.runTests(EntryPoint.java:166)
	at eu.stamp_project.utils.compilation.TestRunner.runGivenTestMethods(TestRunner.java:59)
	... 15 more
2018-08-11 18:36:17,146 INFO eu.stamp_project.dspot.Amplification - 0 amplified test methods has been selected to be kept. (global: 0)
2018-08-11 18:36:17,146 INFO eu.stamp_project.dspot.Amplification - Applying Input-amplification and Assertion-amplification test by test.
2018-08-11 18:36:17,151 INFO eu.stamp_project.dspot.Amplification - Amplification of testConcurrentExecution, (1/2)
2018-08-11 18:36:17,152 INFO eu.stamp_project.dspot.Amplification - iteration 0 / 3
2018-08-11 18:36:17,152 INFO eu.stamp_project.dspot.Amplification - 1 tests selected to be amplified over 1 available tests
2018-08-11 18:36:17,152 INFO eu.stamp_project.dspot.budget.NoBudgetizer - Amplification of inputs...
100% |================================================== ]/
Exception in thread "main" java.lang.IllegalArgumentException: should not happen
	at spoon.support.reflect.code.CtStatementImpl$InsertVisitor.visitCtIf(CtStatementImpl.java:117)
	at spoon.support.reflect.code.CtIfImpl.accept(CtIfImpl.java:45)
	at spoon.reflect.visitor.CtInheritanceScanner.scan(CtInheritanceScanner.java:181)
	at spoon.support.reflect.code.CtStatementImpl.insertBefore(CtStatementImpl.java:85)
	at spoon.support.reflect.code.CtStatementImpl.insertBefore(CtStatementImpl.java:66)
	at spoon.support.reflect.code.CtInvocationImpl.insertBefore(CtInvocationImpl.java:108)
	at eu.stamp_project.dspot.amplifier.TestMethodCallAdder.apply(TestMethodCallAdder.java:40)
	at eu.stamp_project.dspot.amplifier.TestMethodCallAdder.lambda$amplify$0(TestMethodCallAdder.java:27)
	at java.util.stream.ReferencePipeline$3$1.accept(ReferencePipeline.java:193)
	at java.util.ArrayList$ArrayListSpliterator.forEachRemaining(ArrayList.java:1374)
	at java.util.stream.AbstractPipeline.copyInto(AbstractPipeline.java:481)
	at java.util.stream.AbstractPipeline.wrapAndCopyInto(AbstractPipeline.java:471)
	at java.util.stream.ForEachOps$ForEachOp.evaluateSequential(ForEachOps.java:151)
	at java.util.stream.ForEachOps$ForEachOp$OfRef.evaluateSequential(ForEachOps.java:174)
	at java.util.stream.AbstractPipeline.evaluate(AbstractPipeline.java:234)
	at java.util.stream.ReferencePipeline.forEach(ReferencePipeline.java:418)
	at java.util.stream.ReferencePipeline$7$1.accept(ReferencePipeline.java:270)
	at java.util.ArrayList$ArrayListSpliterator.forEachRemaining(ArrayList.java:1374)
	at java.util.stream.AbstractPipeline.copyInto(AbstractPipeline.java:481)
	at java.util.stream.AbstractPipeline.wrapAndCopyInto(AbstractPipeline.java:471)
	at java.util.stream.ForEachOps$ForEachOp.evaluateSequential(ForEachOps.java:151)
	at java.util.stream.ForEachOps$ForEachOp$OfRef.evaluateSequential(ForEachOps.java:174)
	at java.util.stream.AbstractPipeline.evaluate(AbstractPipeline.java:234)
	at java.util.stream.ReferencePipeline.forEach(ReferencePipeline.java:418)
	at java.util.stream.ReferencePipeline$7$1.accept(ReferencePipeline.java:270)
	at java.util.ArrayList$ArrayListSpliterator.forEachRemaining(ArrayList.java:1374)
	at java.util.stream.AbstractPipeline.copyInto(AbstractPipeline.java:481)
	at java.util.stream.AbstractPipeline.wrapAndCopyInto(AbstractPipeline.java:471)
	at java.util.stream.ReduceOps$ReduceTask.doLeaf(ReduceOps.java:747)
	at java.util.stream.ReduceOps$ReduceTask.doLeaf(ReduceOps.java:721)
	at java.util.stream.AbstractTask.compute(AbstractTask.java:316)
	at java.util.concurrent.CountedCompleter.exec(CountedCompleter.java:731)
	at java.util.concurrent.ForkJoinTask.doExec(ForkJoinTask.java:289)
	at java.util.concurrent.ForkJoinTask.doInvoke(ForkJoinTask.java:401)
	at java.util.concurrent.ForkJoinTask.invoke(ForkJoinTask.java:734)
	at java.util.stream.ReduceOps$ReduceOp.evaluateParallel(ReduceOps.java:714)
	at java.util.stream.AbstractPipeline.evaluate(AbstractPipeline.java:233)
	at java.util.stream.ReferencePipeline.collect(ReferencePipeline.java:499)
	at eu.stamp_project.dspot.budget.NoBudgetizer.inputAmplify(NoBudgetizer.java:54)
	at eu.stamp_project.dspot.Amplification.amplification(Amplification.java:133)
	at eu.stamp_project.dspot.Amplification.amplification(Amplification.java:97)
	at eu.stamp_project.dspot.DSpot.amplifyTest(DSpot.java:180)
	at eu.stamp_project.dspot.DSpot.amplifyTest(DSpot.java:170)
	at eu.stamp_project.Main.lambda$run$1(Main.java:69)
	at java.util.stream.ReferencePipeline$3$1.accept(ReferencePipeline.java:193)
	at java.util.Spliterators$ArraySpliterator.forEachRemaining(Spliterators.java:948)
	at java.util.stream.AbstractPipeline.copyInto(AbstractPipeline.java:481)
	at java.util.stream.AbstractPipeline.wrapAndCopyInto(AbstractPipeline.java:471)
	at java.util.stream.ReduceOps$ReduceOp.evaluateSequential(ReduceOps.java:708)
	at java.util.stream.AbstractPipeline.evaluate(AbstractPipeline.java:234)
	at java.util.stream.ReferencePipeline.collect(ReferencePipeline.java:499)
	at eu.stamp_project.Main.run(Main.java:71)
	at eu.stamp_project.Main.main(Main.java:40)
File saved to the following path: /tmp/dspot-experiments/dataset/mustache.java/compiler/target/dspot/TestListener.ser
