2018-08-13 16:48:24,322 INFO eu.stamp_project.dspot.selector.PitMutantScoreSelector - The original test suite kill 82 / 22600
2018-08-13 16:48:24,340 WARN eu.stamp_project.automaticbuilder.AutomaticBuilderFactory - automaticBuilderName: unknown automatic builder specified in configuration, going to default.
2018-08-13 16:48:24,341 INFO eu.stamp_project.automaticbuilder.AutomaticBuilderFactory - Default: provided Maven automatic builder.
2018-08-13 16:48:24,353 INFO eu.stamp_project.automaticbuilder.MavenAutomaticBuilder - run maven clean test -DskipTests dependency:build-classpath -Dmdep.outputFile=target/dspot/classpath
[WARN] Maven will be executed in interactive mode, but no input stream has been configured for this MavenInvoker instance.
[INFO] Scanning for projects...
[INFO]                                                                         
[INFO] ------------------------------------------------------------------------
[INFO] Building mybatis 3.5.0-SNAPSHOT
[INFO] ------------------------------------------------------------------------
[INFO] 
[INFO] --- maven-clean-plugin:3.0.0:clean (default-clean) @ mybatis ---
[INFO] Deleting /tmp/dspot-experiments/dataset/mybatis/target
[INFO] 
[INFO] --- maven-enforcer-plugin:3.0.0-M1:enforce (enforce-java) @ mybatis ---
[INFO] Skipping Rule Enforcement.
[INFO] 
[INFO] --- jacoco-maven-plugin:0.8.1:prepare-agent (prepare-agent) @ mybatis ---
[INFO] argLine set to -javaagent:/home/spirals/danglot/.m2/repository/org/jacoco/org.jacoco.agent/0.8.1/org.jacoco.agent-0.8.1-runtime.jar=destfile=/tmp/dspot-experiments/dataset/mybatis/target/jacoco.exec,excludes=org.apache.ibatis.ognl.*:org.apache.ibatis.javassist.*
[INFO] 
[INFO] --- maven-resources-plugin:3.0.2:resources (default-resources) @ mybatis ---
[INFO] Using 'UTF-8' encoding to copy filtered resources.
[INFO] Copying 2 resources to META-INF
[INFO] Copying 2 resources
[INFO] 
[INFO] --- maven-compiler-plugin:3.7.0:compile (default-compile) @ mybatis ---
[INFO] Compiling 381 source files to /tmp/dspot-experiments/dataset/mybatis/target/classes
[INFO] /tmp/dspot-experiments/dataset/mybatis/src/main/java/org/apache/ibatis/reflection/MetaObject.java: Some input files use unchecked or unsafe operations.
[INFO] /tmp/dspot-experiments/dataset/mybatis/src/main/java/org/apache/ibatis/reflection/MetaObject.java: Recompile with -Xlint:unchecked for details.
[INFO] 
[INFO] --- license-maven-plugin:3.0:format (default) @ mybatis ---
[INFO] 
[INFO] --- animal-sniffer-maven-plugin:1.16:check (check-java-compat) @ mybatis ---
[INFO] Checking unresolved references to org.codehaus.mojo.signature:java18:1.0
[INFO] 
[INFO] --- maven-bundle-plugin:3.3.0:manifest (bundle-manifest) @ mybatis ---
[INFO] 
[INFO] --- maven-resources-plugin:3.0.2:testResources (default-testResources) @ mybatis ---
[INFO] Using 'UTF-8' encoding to copy filtered resources.
[INFO] Copying 469 resources
[INFO] 
[INFO] --- maven-compiler-plugin:3.7.0:testCompile (default-testCompile) @ mybatis ---
[INFO] Compiling 758 source files to /tmp/dspot-experiments/dataset/mybatis/target/test-classes
[INFO] /tmp/dspot-experiments/dataset/mybatis/src/test/java/org/apache/ibatis/jdbc/SelectBuilderTest.java: Some input files use or override a deprecated API.
[INFO] /tmp/dspot-experiments/dataset/mybatis/src/test/java/org/apache/ibatis/jdbc/SelectBuilderTest.java: Recompile with -Xlint:deprecation for details.
[INFO] /tmp/dspot-experiments/dataset/mybatis/src/test/java/org/apache/ibatis/executor/resultset/DefaultResultSetHandlerTest.java: Some input files use unchecked or unsafe operations.
[INFO] /tmp/dspot-experiments/dataset/mybatis/src/test/java/org/apache/ibatis/executor/resultset/DefaultResultSetHandlerTest.java: Recompile with -Xlint:unchecked for details.
[INFO] 
[INFO] --- maven-surefire-plugin:2.19.1:test (default-test) @ mybatis ---
[INFO] Tests are skipped.
[INFO] 
[INFO] --- maven-dependency-plugin:3.0.2:build-classpath (default-cli) @ mybatis ---
[INFO] Wrote classpath file '/tmp/dspot-experiments/dataset/mybatis/target/dspot/classpath'.
[INFO] ------------------------------------------------------------------------
[INFO] BUILD SUCCESS
[INFO] ------------------------------------------------------------------------
[INFO] Total time: 17.974 s
[INFO] Finished at: 2018-08-13T16:48:43+02:00
[INFO] Final Memory: 47M/812M
[INFO] ------------------------------------------------------------------------
2018-08-13 16:48:49,124 ERROR spoon.support.compiler.jdt.JDTCommentBuilder - // Interface Mapper is not added into the AST
spoon.reflect.declaration.ParentNotInitializedException: parent not initialized for class spoon.support.reflect.code.CtCommentImpl (/tmp/dspot-experiments/dataset/mybatis/src/main/java/org/apache/ibatis/annotations/Mapper.java:39)
	at spoon.support.reflect.declaration.CtElementImpl.getParent(CtElementImpl.java:381)
	at spoon.support.compiler.jdt.JDTCommentBuilder.insertCommentInAST(JDTCommentBuilder.java:484)
	at spoon.support.compiler.jdt.JDTCommentBuilder.buildComment(JDTCommentBuilder.java:156)
	at spoon.support.compiler.jdt.JDTCommentBuilder.build(JDTCommentBuilder.java:112)
	at spoon.support.compiler.jdt.JDTBasedSpoonCompiler.buildModel(JDTBasedSpoonCompiler.java:479)
	at spoon.support.compiler.jdt.JDTBasedSpoonCompiler.buildUnitsAndModel(JDTBasedSpoonCompiler.java:392)
	at spoon.support.compiler.jdt.JDTBasedSpoonCompiler.buildSources(JDTBasedSpoonCompiler.java:341)
	at spoon.support.compiler.jdt.JDTBasedSpoonCompiler.build(JDTBasedSpoonCompiler.java:130)
	at spoon.support.compiler.jdt.JDTBasedSpoonCompiler.build(JDTBasedSpoonCompiler.java:113)
	at spoon.Launcher.buildModel(Launcher.java:768)
	at eu.stamp_project.utils.compilation.DSpotCompiler.getSpoonModelOf(DSpotCompiler.java:104)
	at eu.stamp_project.utils.compilation.DSpotCompiler.createDSpotCompiler(DSpotCompiler.java:37)
	at eu.stamp_project.dspot.DSpot.<init>(DSpot.java:89)
	at eu.stamp_project.Main.run(Main.java:49)
	at eu.stamp_project.Main.main(Main.java:40)
2018-08-13 16:48:49,853 ERROR spoon.support.compiler.jdt.JDTCommentBuilder - /* because ResultHandler<?> is always ResultHandler<Object> */ is not added into the AST
spoon.reflect.declaration.ParentNotInitializedException: parent not initialized for class spoon.support.reflect.code.CtCommentImpl (/tmp/dspot-experiments/dataset/mybatis/src/main/java/org/apache/ibatis/executor/resultset/DefaultResultSetHandler.java:366)
	at spoon.support.reflect.declaration.CtElementImpl.getParent(CtElementImpl.java:381)
	at spoon.support.compiler.jdt.JDTCommentBuilder.insertCommentInAST(JDTCommentBuilder.java:484)
	at spoon.support.compiler.jdt.JDTCommentBuilder.buildComment(JDTCommentBuilder.java:156)
	at spoon.support.compiler.jdt.JDTCommentBuilder.build(JDTCommentBuilder.java:112)
	at spoon.support.compiler.jdt.JDTBasedSpoonCompiler.buildModel(JDTBasedSpoonCompiler.java:479)
	at spoon.support.compiler.jdt.JDTBasedSpoonCompiler.buildUnitsAndModel(JDTBasedSpoonCompiler.java:392)
	at spoon.support.compiler.jdt.JDTBasedSpoonCompiler.buildSources(JDTBasedSpoonCompiler.java:341)
	at spoon.support.compiler.jdt.JDTBasedSpoonCompiler.build(JDTBasedSpoonCompiler.java:130)
	at spoon.support.compiler.jdt.JDTBasedSpoonCompiler.build(JDTBasedSpoonCompiler.java:113)
	at spoon.Launcher.buildModel(Launcher.java:768)
	at eu.stamp_project.utils.compilation.DSpotCompiler.getSpoonModelOf(DSpotCompiler.java:104)
	at eu.stamp_project.utils.compilation.DSpotCompiler.createDSpotCompiler(DSpotCompiler.java:37)
	at eu.stamp_project.dspot.DSpot.<init>(DSpot.java:89)
	at eu.stamp_project.Main.run(Main.java:49)
	at eu.stamp_project.Main.main(Main.java:40)
2018-08-13 16:48:51,373 ERROR spoon.support.compiler.jdt.JDTCommentBuilder - // target for test (ordinal number -> Enum constant) is not added into the AST
spoon.reflect.declaration.ParentNotInitializedException: parent not initialized for class spoon.support.reflect.code.CtCommentImpl (/tmp/dspot-experiments/dataset/mybatis/src/test/java/org/apache/ibatis/submitted/enumtypehandler_on_annotation/PersonMapper.java:46)
	at spoon.support.reflect.declaration.CtElementImpl.getParent(CtElementImpl.java:381)
	at spoon.support.compiler.jdt.JDTCommentBuilder.insertCommentInAST(JDTCommentBuilder.java:484)
	at spoon.support.compiler.jdt.JDTCommentBuilder.buildComment(JDTCommentBuilder.java:156)
	at spoon.support.compiler.jdt.JDTCommentBuilder.build(JDTCommentBuilder.java:112)
	at spoon.support.compiler.jdt.JDTBasedSpoonCompiler.buildModel(JDTBasedSpoonCompiler.java:479)
	at spoon.support.compiler.jdt.JDTBasedSpoonCompiler.buildUnitsAndModel(JDTBasedSpoonCompiler.java:392)
	at spoon.support.compiler.jdt.JDTBasedSpoonCompiler.buildSources(JDTBasedSpoonCompiler.java:341)
	at spoon.support.compiler.jdt.JDTBasedSpoonCompiler.build(JDTBasedSpoonCompiler.java:130)
	at spoon.support.compiler.jdt.JDTBasedSpoonCompiler.build(JDTBasedSpoonCompiler.java:113)
	at spoon.Launcher.buildModel(Launcher.java:768)
	at eu.stamp_project.utils.compilation.DSpotCompiler.getSpoonModelOf(DSpotCompiler.java:104)
	at eu.stamp_project.utils.compilation.DSpotCompiler.createDSpotCompiler(DSpotCompiler.java:37)
	at eu.stamp_project.dspot.DSpot.<init>(DSpot.java:89)
	at eu.stamp_project.Main.run(Main.java:49)
	at eu.stamp_project.Main.main(Main.java:40)
2018-08-13 16:48:51,374 ERROR spoon.support.compiler.jdt.JDTCommentBuilder - // Switch using enum constant name(PERSON or EMPLOYEE) at cases attribute is not added into the AST
spoon.reflect.declaration.ParentNotInitializedException: parent not initialized for class spoon.support.reflect.code.CtCommentImpl (/tmp/dspot-experiments/dataset/mybatis/src/test/java/org/apache/ibatis/submitted/enumtypehandler_on_annotation/PersonMapper.java:48)
	at spoon.support.reflect.declaration.CtElementImpl.getParent(CtElementImpl.java:381)
	at spoon.support.compiler.jdt.JDTCommentBuilder.insertCommentInAST(JDTCommentBuilder.java:484)
	at spoon.support.compiler.jdt.JDTCommentBuilder.buildComment(JDTCommentBuilder.java:156)
	at spoon.support.compiler.jdt.JDTCommentBuilder.build(JDTCommentBuilder.java:112)
	at spoon.support.compiler.jdt.JDTBasedSpoonCompiler.buildModel(JDTBasedSpoonCompiler.java:479)
	at spoon.support.compiler.jdt.JDTBasedSpoonCompiler.buildUnitsAndModel(JDTBasedSpoonCompiler.java:392)
	at spoon.support.compiler.jdt.JDTBasedSpoonCompiler.buildSources(JDTBasedSpoonCompiler.java:341)
	at spoon.support.compiler.jdt.JDTBasedSpoonCompiler.build(JDTBasedSpoonCompiler.java:130)
	at spoon.support.compiler.jdt.JDTBasedSpoonCompiler.build(JDTBasedSpoonCompiler.java:113)
	at spoon.Launcher.buildModel(Launcher.java:768)
	at eu.stamp_project.utils.compilation.DSpotCompiler.getSpoonModelOf(DSpotCompiler.java:104)
	at eu.stamp_project.utils.compilation.DSpotCompiler.createDSpotCompiler(DSpotCompiler.java:37)
	at eu.stamp_project.dspot.DSpot.<init>(DSpot.java:89)
	at eu.stamp_project.Main.run(Main.java:49)
	at eu.stamp_project.Main.main(Main.java:40)
2018-08-13 16:48:51,599 ERROR spoon.support.compiler.jdt.JDTCommentBuilder - // @formatter:on is not added into the AST
spoon.reflect.declaration.ParentNotInitializedException: parent not initialized for class spoon.support.reflect.code.CtCommentImpl (/tmp/dspot-experiments/dataset/mybatis/src/test/java/org/apache/ibatis/submitted/member_access/MemberAccessTest.java:233)
	at spoon.support.reflect.declaration.CtElementImpl.getParent(CtElementImpl.java:381)
	at spoon.support.compiler.jdt.JDTCommentBuilder.insertCommentInAST(JDTCommentBuilder.java:484)
	at spoon.support.compiler.jdt.JDTCommentBuilder.buildComment(JDTCommentBuilder.java:156)
	at spoon.support.compiler.jdt.JDTCommentBuilder.build(JDTCommentBuilder.java:112)
	at spoon.support.compiler.jdt.JDTBasedSpoonCompiler.buildModel(JDTBasedSpoonCompiler.java:479)
	at spoon.support.compiler.jdt.JDTBasedSpoonCompiler.buildUnitsAndModel(JDTBasedSpoonCompiler.java:392)
	at spoon.support.compiler.jdt.JDTBasedSpoonCompiler.buildSources(JDTBasedSpoonCompiler.java:341)
	at spoon.support.compiler.jdt.JDTBasedSpoonCompiler.build(JDTBasedSpoonCompiler.java:130)
	at spoon.support.compiler.jdt.JDTBasedSpoonCompiler.build(JDTBasedSpoonCompiler.java:113)
	at spoon.Launcher.buildModel(Launcher.java:768)
	at eu.stamp_project.utils.compilation.DSpotCompiler.getSpoonModelOf(DSpotCompiler.java:104)
	at eu.stamp_project.utils.compilation.DSpotCompiler.createDSpotCompiler(DSpotCompiler.java:37)
	at eu.stamp_project.dspot.DSpot.<init>(DSpot.java:89)
	at eu.stamp_project.Main.run(Main.java:49)
	at eu.stamp_project.Main.main(Main.java:40)
2018-08-13 16:48:52,901 INFO eu.stamp_project.dspot.Amplification - Amplification of org.apache.ibatis.binding.WrongNamespacesTest (2 test(s))
2018-08-13 16:48:52,901 INFO eu.stamp_project.dspot.Amplification - Assertion amplification of org.apache.ibatis.binding.WrongNamespacesTest (2 test(s))
2018-08-13 16:48:53,084 INFO eu.stamp_project.testrunner.EntryPoint - Run: java -classpath /tmp/dspot-experiments/dataset/mybatis/target/test-classes:/tmp/dspot-experiments/dataset/mybatis/target/classes/:/home/spirals/danglot/.m2/repository/ognl/ognl/3.2.6/ognl-3.2.6.jar:/home/spirals/danglot/.m2/repository/org/javassist/javassist/3.22.0-GA/javassist-3.22.0-GA.jar:/home/spirals/danglot/.m2/repository/org/slf4j/slf4j-api/1.7.25/slf4j-api-1.7.25.jar:/home/spirals/danglot/.m2/repository/org/slf4j/slf4j-log4j12/1.7.25/slf4j-log4j12-1.7.25.jar:/home/spirals/danglot/.m2/repository/log4j/log4j/1.2.17/log4j-1.2.17.jar:/home/spirals/danglot/.m2/repository/org/apache/logging/log4j/log4j-core/2.11.0/log4j-core-2.11.0.jar:/home/spirals/danglot/.m2/repository/org/apache/logging/log4j/log4j-api/2.11.0/log4j-api-2.11.0.jar:/home/spirals/danglot/.m2/repository/commons-logging/commons-logging/1.2/commons-logging-1.2.jar:/home/spirals/danglot/.m2/repository/cglib/cglib/3.2.6/cglib-3.2.6.jar:/home/spirals/danglot/.m2/repository/org/ow2/asm/asm/6.0/asm-6.0.jar:/home/spirals/danglot/.m2/repository/org/apache/ant/ant/1.9.6/ant-1.9.6.jar:/home/spirals/danglot/.m2/repository/org/apache/ant/ant-launcher/1.9.6/ant-launcher-1.9.6.jar:/home/spirals/danglot/.m2/repository/org/junit/vintage/junit-vintage-engine/5.1.0/junit-vintage-engine-5.1.0.jar:/home/spirals/danglot/.m2/repository/org/apiguardian/apiguardian-api/1.0.0/apiguardian-api-1.0.0.jar:/home/spirals/danglot/.m2/repository/org/junit/platform/junit-platform-engine/1.1.0/junit-platform-engine-1.1.0.jar:/home/spirals/danglot/.m2/repository/org/junit/platform/junit-platform-commons/1.1.0/junit-platform-commons-1.1.0.jar:/home/spirals/danglot/.m2/repository/org/opentest4j/opentest4j/1.0.0/opentest4j-1.0.0.jar:/home/spirals/danglot/.m2/repository/junit/junit/4.12/junit-4.12.jar:/home/spirals/danglot/.m2/repository/org/hamcrest/hamcrest-core/1.3/hamcrest-core-1.3.jar:/home/spirals/danglot/.m2/repository/org/hsqldb/hsqldb/2.4.0/hsqldb-2.4.0.jar:/home/spirals/danglot/.m2/repository/org/apache/derby/derby/10.14.1.0/derby-10.14.1.0.jar:/home/spirals/danglot/.m2/repository/org/mockito/mockito-core/2.16.0/mockito-core-2.16.0.jar:/home/spirals/danglot/.m2/repository/net/bytebuddy/byte-buddy/1.7.9/byte-buddy-1.7.9.jar:/home/spirals/danglot/.m2/repository/net/bytebuddy/byte-buddy-agent/1.7.9/byte-buddy-agent-1.7.9.jar:/home/spirals/danglot/.m2/repository/org/objenesis/objenesis/2.6/objenesis-2.6.jar:/home/spirals/danglot/.m2/repository/org/apache/commons/commons-dbcp2/2.2.0/commons-dbcp2-2.2.0.jar:/home/spirals/danglot/.m2/repository/org/apache/commons/commons-pool2/2.5.0/commons-pool2-2.5.0.jar:/home/spirals/danglot/.m2/repository/javax/transaction/javax.transaction-api/1.3/javax.transaction-api-1.3.jar:/home/spirals/danglot/.m2/repository/org/apache/velocity/velocity/1.7/velocity-1.7.jar:/home/spirals/danglot/.m2/repository/commons-collections/commons-collections/3.2.1/commons-collections-3.2.1.jar:/home/spirals/danglot/.m2/repository/commons-lang/commons-lang/2.4/commons-lang-2.4.jar:/home/spirals/danglot/.m2/repository/org/postgresql/postgresql/42.2.1/postgresql-42.2.1.jar:/home/spirals/danglot/.m2/repository/org/assertj/assertj-core/3.9.1/assertj-core-3.9.1.jar:/home/spirals/danglot/.m2/repository/eu/codearte/catch-exception/catch-exception/1.4.6/catch-exception-1.4.6.jar:/home/spirals/danglot/.m2/repository/ru/yandex/qatools/embed/postgresql-embedded/2.8/postgresql-embedded-2.8.jar:/home/spirals/danglot/.m2/repository/de/flapdoodle/embed/de.flapdoodle.embed.process/2.0.2/de.flapdoodle.embed.process-2.0.2.jar:/home/spirals/danglot/.m2/repository/commons-io/commons-io/2.4/commons-io-2.4.jar:/home/spirals/danglot/.m2/repository/org/apache/commons/commons-lang3/3.1/commons-lang3-3.1.jar:/home/spirals/danglot/.m2/repository/net/java/dev/jna/jna/4.0.0/jna-4.0.0.jar:/home/spirals/danglot/.m2/repository/net/java/dev/jna/jna-platform/4.0.0/jna-platform-4.0.0.jar:/home/spirals/danglot/.m2/repository/org/apache/commons/commons-compress/1.10/commons-compress-1.10.jar:/tmp/dspot-experiments/target/dspot/dependencies:/tmp/dspot/dspot/target/dspot-1.1.1-SNAPSHOT-jar-with-dependencies.jar eu.stamp_project.testrunner.runner.test.TestRunner org.apache.ibatis.binding.WrongNamespacesTest shouldFailForMissingNamespace:shouldFailForWrongNamespace
File saved to the following path: /tmp/dspot-experiments/dataset/mybatis/target/dspot/TestListener.ser
SLF4J: Class path contains multiple SLF4J bindings.
SLF4J: Found binding in [jar:file:/home/spirals/danglot/.m2/repository/org/slf4j/slf4j-log4j12/1.7.25/slf4j-log4j12-1.7.25.jar!/org/slf4j/impl/StaticLoggerBinder.class]
SLF4J: Found binding in [jar:file:/tmp/dspot/dspot/target/dspot-1.1.1-SNAPSHOT-jar-with-dependencies.jar!/org/slf4j/impl/StaticLoggerBinder.class]
SLF4J: See http://www.slf4j.org/codes.html#multiple_bindings for an explanation.
SLF4J: Actual binding is of type [org.slf4j.impl.Log4jLoggerFactory]
2018-08-13 16:48:53,736 INFO eu.stamp_project.testrunner.EntryPoint - Test has been run: shouldFailForWrongNamespace,shouldFailForMissingNamespace
2018-08-13 16:48:53,781 INFO eu.stamp_project.dspot.assertgenerator.AssertGenerator - Run tests. (2)
2018-08-13 16:48:53,894 INFO eu.stamp_project.testrunner.EntryPoint - Run: java -classpath /tmp/dspot-experiments/dataset/mybatis/target/test-classes:/tmp/dspot-experiments/dataset/mybatis/target/classes/:/home/spirals/danglot/.m2/repository/ognl/ognl/3.2.6/ognl-3.2.6.jar:/home/spirals/danglot/.m2/repository/org/javassist/javassist/3.22.0-GA/javassist-3.22.0-GA.jar:/home/spirals/danglot/.m2/repository/org/slf4j/slf4j-api/1.7.25/slf4j-api-1.7.25.jar:/home/spirals/danglot/.m2/repository/org/slf4j/slf4j-log4j12/1.7.25/slf4j-log4j12-1.7.25.jar:/home/spirals/danglot/.m2/repository/log4j/log4j/1.2.17/log4j-1.2.17.jar:/home/spirals/danglot/.m2/repository/org/apache/logging/log4j/log4j-core/2.11.0/log4j-core-2.11.0.jar:/home/spirals/danglot/.m2/repository/org/apache/logging/log4j/log4j-api/2.11.0/log4j-api-2.11.0.jar:/home/spirals/danglot/.m2/repository/commons-logging/commons-logging/1.2/commons-logging-1.2.jar:/home/spirals/danglot/.m2/repository/cglib/cglib/3.2.6/cglib-3.2.6.jar:/home/spirals/danglot/.m2/repository/org/ow2/asm/asm/6.0/asm-6.0.jar:/home/spirals/danglot/.m2/repository/org/apache/ant/ant/1.9.6/ant-1.9.6.jar:/home/spirals/danglot/.m2/repository/org/apache/ant/ant-launcher/1.9.6/ant-launcher-1.9.6.jar:/home/spirals/danglot/.m2/repository/org/junit/vintage/junit-vintage-engine/5.1.0/junit-vintage-engine-5.1.0.jar:/home/spirals/danglot/.m2/repository/org/apiguardian/apiguardian-api/1.0.0/apiguardian-api-1.0.0.jar:/home/spirals/danglot/.m2/repository/org/junit/platform/junit-platform-engine/1.1.0/junit-platform-engine-1.1.0.jar:/home/spirals/danglot/.m2/repository/org/junit/platform/junit-platform-commons/1.1.0/junit-platform-commons-1.1.0.jar:/home/spirals/danglot/.m2/repository/org/opentest4j/opentest4j/1.0.0/opentest4j-1.0.0.jar:/home/spirals/danglot/.m2/repository/junit/junit/4.12/junit-4.12.jar:/home/spirals/danglot/.m2/repository/org/hamcrest/hamcrest-core/1.3/hamcrest-core-1.3.jar:/home/spirals/danglot/.m2/repository/org/hsqldb/hsqldb/2.4.0/hsqldb-2.4.0.jar:/home/spirals/danglot/.m2/repository/org/apache/derby/derby/10.14.1.0/derby-10.14.1.0.jar:/home/spirals/danglot/.m2/repository/org/mockito/mockito-core/2.16.0/mockito-core-2.16.0.jar:/home/spirals/danglot/.m2/repository/net/bytebuddy/byte-buddy/1.7.9/byte-buddy-1.7.9.jar:/home/spirals/danglot/.m2/repository/net/bytebuddy/byte-buddy-agent/1.7.9/byte-buddy-agent-1.7.9.jar:/home/spirals/danglot/.m2/repository/org/objenesis/objenesis/2.6/objenesis-2.6.jar:/home/spirals/danglot/.m2/repository/org/apache/commons/commons-dbcp2/2.2.0/commons-dbcp2-2.2.0.jar:/home/spirals/danglot/.m2/repository/org/apache/commons/commons-pool2/2.5.0/commons-pool2-2.5.0.jar:/home/spirals/danglot/.m2/repository/javax/transaction/javax.transaction-api/1.3/javax.transaction-api-1.3.jar:/home/spirals/danglot/.m2/repository/org/apache/velocity/velocity/1.7/velocity-1.7.jar:/home/spirals/danglot/.m2/repository/commons-collections/commons-collections/3.2.1/commons-collections-3.2.1.jar:/home/spirals/danglot/.m2/repository/commons-lang/commons-lang/2.4/commons-lang-2.4.jar:/home/spirals/danglot/.m2/repository/org/postgresql/postgresql/42.2.1/postgresql-42.2.1.jar:/home/spirals/danglot/.m2/repository/org/assertj/assertj-core/3.9.1/assertj-core-3.9.1.jar:/home/spirals/danglot/.m2/repository/eu/codearte/catch-exception/catch-exception/1.4.6/catch-exception-1.4.6.jar:/home/spirals/danglot/.m2/repository/ru/yandex/qatools/embed/postgresql-embedded/2.8/postgresql-embedded-2.8.jar:/home/spirals/danglot/.m2/repository/de/flapdoodle/embed/de.flapdoodle.embed.process/2.0.2/de.flapdoodle.embed.process-2.0.2.jar:/home/spirals/danglot/.m2/repository/commons-io/commons-io/2.4/commons-io-2.4.jar:/home/spirals/danglot/.m2/repository/org/apache/commons/commons-lang3/3.1/commons-lang3-3.1.jar:/home/spirals/danglot/.m2/repository/net/java/dev/jna/jna/4.0.0/jna-4.0.0.jar:/home/spirals/danglot/.m2/repository/net/java/dev/jna/jna-platform/4.0.0/jna-platform-4.0.0.jar:/home/spirals/danglot/.m2/repository/org/apache/commons/commons-compress/1.10/commons-compress-1.10.jar:/tmp/dspot-experiments/target/dspot/dependencies:/tmp/dspot/dspot/target/dspot-1.1.1-SNAPSHOT-jar-with-dependencies.jar eu.stamp_project.testrunner.runner.test.TestRunner org.apache.ibatis.binding.WrongNamespacesTest shouldFailForMissingNamespace:shouldFailForWrongNamespace
File saved to the following path: /tmp/dspot-experiments/dataset/mybatis/target/dspot/TestListener.ser
SLF4J: Class path contains multiple SLF4J bindings.
SLF4J: Found binding in [jar:file:/home/spirals/danglot/.m2/repository/org/slf4j/slf4j-log4j12/1.7.25/slf4j-log4j12-1.7.25.jar!/org/slf4j/impl/StaticLoggerBinder.class]
SLF4J: Found binding in [jar:file:/tmp/dspot/dspot/target/dspot-1.1.1-SNAPSHOT-jar-with-dependencies.jar!/org/slf4j/impl/StaticLoggerBinder.class]
SLF4J: See http://www.slf4j.org/codes.html#multiple_bindings for an explanation.
SLF4J: Actual binding is of type [org.slf4j.impl.Log4jLoggerFactory]
2018-08-13 16:48:54,540 INFO eu.stamp_project.testrunner.EntryPoint - Test has been run: shouldFailForWrongNamespace,shouldFailForMissingNamespace
2018-08-13 16:48:54,541 INFO eu.stamp_project.dspot.assertgenerator.AssertGenerator - 2 test pass, generating assertion...
2018-08-13 16:48:54,543 INFO eu.stamp_project.dspot.assertgenerator.MethodsAssertGenerator - Add observations points in passing tests.
2018-08-13 16:48:54,543 INFO eu.stamp_project.dspot.assertgenerator.MethodsAssertGenerator - Instrumentation...
 50% |========================= ]/100% |================================================== ]-
2018-08-13 16:48:54,561 INFO eu.stamp_project.dspot.assertgenerator.MethodsAssertGenerator - Run instrumented tests. (6)
2018-08-13 16:48:54,659 INFO eu.stamp_project.testrunner.EntryPoint - Run: java -classpath /tmp/dspot-experiments/dataset/mybatis/target/test-classes:/tmp/dspot-experiments/dataset/mybatis/target/classes/:/home/spirals/danglot/.m2/repository/ognl/ognl/3.2.6/ognl-3.2.6.jar:/home/spirals/danglot/.m2/repository/org/javassist/javassist/3.22.0-GA/javassist-3.22.0-GA.jar:/home/spirals/danglot/.m2/repository/org/slf4j/slf4j-api/1.7.25/slf4j-api-1.7.25.jar:/home/spirals/danglot/.m2/repository/org/slf4j/slf4j-log4j12/1.7.25/slf4j-log4j12-1.7.25.jar:/home/spirals/danglot/.m2/repository/log4j/log4j/1.2.17/log4j-1.2.17.jar:/home/spirals/danglot/.m2/repository/org/apache/logging/log4j/log4j-core/2.11.0/log4j-core-2.11.0.jar:/home/spirals/danglot/.m2/repository/org/apache/logging/log4j/log4j-api/2.11.0/log4j-api-2.11.0.jar:/home/spirals/danglot/.m2/repository/commons-logging/commons-logging/1.2/commons-logging-1.2.jar:/home/spirals/danglot/.m2/repository/cglib/cglib/3.2.6/cglib-3.2.6.jar:/home/spirals/danglot/.m2/repository/org/ow2/asm/asm/6.0/asm-6.0.jar:/home/spirals/danglot/.m2/repository/org/apache/ant/ant/1.9.6/ant-1.9.6.jar:/home/spirals/danglot/.m2/repository/org/apache/ant/ant-launcher/1.9.6/ant-launcher-1.9.6.jar:/home/spirals/danglot/.m2/repository/org/junit/vintage/junit-vintage-engine/5.1.0/junit-vintage-engine-5.1.0.jar:/home/spirals/danglot/.m2/repository/org/apiguardian/apiguardian-api/1.0.0/apiguardian-api-1.0.0.jar:/home/spirals/danglot/.m2/repository/org/junit/platform/junit-platform-engine/1.1.0/junit-platform-engine-1.1.0.jar:/home/spirals/danglot/.m2/repository/org/junit/platform/junit-platform-commons/1.1.0/junit-platform-commons-1.1.0.jar:/home/spirals/danglot/.m2/repository/org/opentest4j/opentest4j/1.0.0/opentest4j-1.0.0.jar:/home/spirals/danglot/.m2/repository/junit/junit/4.12/junit-4.12.jar:/home/spirals/danglot/.m2/repository/org/hamcrest/hamcrest-core/1.3/hamcrest-core-1.3.jar:/home/spirals/danglot/.m2/repository/org/hsqldb/hsqldb/2.4.0/hsqldb-2.4.0.jar:/home/spirals/danglot/.m2/repository/org/apache/derby/derby/10.14.1.0/derby-10.14.1.0.jar:/home/spirals/danglot/.m2/repository/org/mockito/mockito-core/2.16.0/mockito-core-2.16.0.jar:/home/spirals/danglot/.m2/repository/net/bytebuddy/byte-buddy/1.7.9/byte-buddy-1.7.9.jar:/home/spirals/danglot/.m2/repository/net/bytebuddy/byte-buddy-agent/1.7.9/byte-buddy-agent-1.7.9.jar:/home/spirals/danglot/.m2/repository/org/objenesis/objenesis/2.6/objenesis-2.6.jar:/home/spirals/danglot/.m2/repository/org/apache/commons/commons-dbcp2/2.2.0/commons-dbcp2-2.2.0.jar:/home/spirals/danglot/.m2/repository/org/apache/commons/commons-pool2/2.5.0/commons-pool2-2.5.0.jar:/home/spirals/danglot/.m2/repository/javax/transaction/javax.transaction-api/1.3/javax.transaction-api-1.3.jar:/home/spirals/danglot/.m2/repository/org/apache/velocity/velocity/1.7/velocity-1.7.jar:/home/spirals/danglot/.m2/repository/commons-collections/commons-collections/3.2.1/commons-collections-3.2.1.jar:/home/spirals/danglot/.m2/repository/commons-lang/commons-lang/2.4/commons-lang-2.4.jar:/home/spirals/danglot/.m2/repository/org/postgresql/postgresql/42.2.1/postgresql-42.2.1.jar:/home/spirals/danglot/.m2/repository/org/assertj/assertj-core/3.9.1/assertj-core-3.9.1.jar:/home/spirals/danglot/.m2/repository/eu/codearte/catch-exception/catch-exception/1.4.6/catch-exception-1.4.6.jar:/home/spirals/danglot/.m2/repository/ru/yandex/qatools/embed/postgresql-embedded/2.8/postgresql-embedded-2.8.jar:/home/spirals/danglot/.m2/repository/de/flapdoodle/embed/de.flapdoodle.embed.process/2.0.2/de.flapdoodle.embed.process-2.0.2.jar:/home/spirals/danglot/.m2/repository/commons-io/commons-io/2.4/commons-io-2.4.jar:/home/spirals/danglot/.m2/repository/org/apache/commons/commons-lang3/3.1/commons-lang3-3.1.jar:/home/spirals/danglot/.m2/repository/net/java/dev/jna/jna/4.0.0/jna-4.0.0.jar:/home/spirals/danglot/.m2/repository/net/java/dev/jna/jna-platform/4.0.0/jna-platform-4.0.0.jar:/home/spirals/danglot/.m2/repository/org/apache/commons/commons-compress/1.10/commons-compress-1.10.jar:/tmp/dspot-experiments/target/dspot/dependencies:/tmp/dspot/dspot/target/dspot-1.1.1-SNAPSHOT-jar-with-dependencies.jar eu.stamp_project.testrunner.runner.test.TestRunner org.apache.ibatis.binding.WrongNamespacesTest shouldFailForMissingNamespace_withlog0:shouldFailForWrongNamespace_withlog0:shouldFailForMissingNamespace_withlog1:shouldFailForWrongNamespace_withlog1:shouldFailForMissingNamespace_withlog2:shouldFailForWrongNamespace_withlog2
File saved to the following path: /tmp/dspot-experiments/dataset/mybatis/target/dspot/observations.ser
File saved to the following path: /tmp/dspot-experiments/dataset/mybatis/target/dspot/TestListener.ser
SLF4J: Class path contains multiple SLF4J bindings.
SLF4J: Found binding in [jar:file:/home/spirals/danglot/.m2/repository/org/slf4j/slf4j-log4j12/1.7.25/slf4j-log4j12-1.7.25.jar!/org/slf4j/impl/StaticLoggerBinder.class]
SLF4J: Found binding in [jar:file:/tmp/dspot/dspot/target/dspot-1.1.1-SNAPSHOT-jar-with-dependencies.jar!/org/slf4j/impl/StaticLoggerBinder.class]
SLF4J: See http://www.slf4j.org/codes.html#multiple_bindings for an explanation.
SLF4J: Actual binding is of type [org.slf4j.impl.Log4jLoggerFactory]
2018-08-13 16:48:55,387 INFO eu.stamp_project.testrunner.EntryPoint - Test has been run: shouldFailForWrongNamespace_withlog0,shouldFailForWrongNamespace_withlog1,shouldFailForWrongNamespace_withlog2,shouldFailForMissingNamespace_withlog0,shouldFailForMissingNamespace_withlog1,shouldFailForMissingNamespace_withlog2
2018-08-13 16:48:55,390 INFO eu.stamp_project.dspot.assertgenerator.MethodsAssertGenerator - Generating assertions...
2018-08-13 16:48:55,396 INFO eu.stamp_project.dspot.assertgenerator.AssertGenerator - Could not generate any test with assertions
2018-08-13 16:48:55,397 INFO eu.stamp_project.dspot.Amplification - 0 amplified test methods has been selected to be kept. (global: 0)
2018-08-13 16:48:55,397 INFO eu.stamp_project.dspot.Amplification - Applying Input-amplification and Assertion-amplification test by test.
2018-08-13 16:48:55,399 INFO eu.stamp_project.dspot.Amplification - Amplification of shouldFailForMissingNamespace, (1/2)
2018-08-13 16:48:55,399 INFO eu.stamp_project.dspot.Amplification - iteration 0 / 3
2018-08-13 16:48:55,399 INFO eu.stamp_project.dspot.Amplification - 1 tests selected to be amplified over 1 available tests
2018-08-13 16:48:55,399 INFO eu.stamp_project.dspot.budget.NoBudgetizer - Amplification of inputs...
100% |================================================== ]/
2018-08-13 16:49:06,758 INFO eu.stamp_project.dspot.budget.NoBudgetizer - 97 new tests generated
2018-08-13 16:49:07,635 INFO eu.stamp_project.dspot.assertgenerator.AssertGenerator - Run tests. (97)
2018-08-13 16:49:07,834 ERROR eu.stamp_project.utils.compilation.TestCompiler - Error(s) during compilation:
2018-08-13 16:49:07,835 ERROR eu.stamp_project.utils.compilation.TestCompiler - Pb(130) The constructor Environment(String) is undefined
2018-08-13 16:49:07,835 ERROR eu.stamp_project.utils.compilation.TestCompiler - Pb(100) The method createSelectAuthorWithIDof99MappedStatement(Configuration) is undefined for the type WrongNamespacesTest
2018-08-13 16:49:07,835 ERROR eu.stamp_project.utils.compilation.TestCompiler - Pb(130) The constructor Configuration(String, int, float) is undefined
2018-08-13 16:49:07,835 ERROR eu.stamp_project.utils.compilation.TestCompiler - Pb(130) The constructor BoundSql(Configuration, String, List<Object>, Object) is undefined
2018-08-13 16:49:07,835 ERROR eu.stamp_project.utils.compilation.TestCompiler - Pb(130) The constructor Environment(String) is undefined
2018-08-13 16:49:07,835 ERROR eu.stamp_project.utils.compilation.TestCompiler - Pb(100) The method createSelectAuthorWithIDof99MappedStatement(Configuration) is undefined for the type WrongNamespacesTest
2018-08-13 16:49:07,835 ERROR eu.stamp_project.utils.compilation.TestCompiler - Pb(130) The constructor Environment(String) is undefined
2018-08-13 16:49:07,835 ERROR eu.stamp_project.utils.compilation.TestCompiler - Pb(114) Cannot invoke addMapper(Class<MissingNamespaceMapper>) on the primitive type null
2018-08-13 16:49:08,116 INFO eu.stamp_project.testrunner.EntryPoint - Run: java -classpath /tmp/dspot-experiments/dataset/mybatis/target/test-classes:/tmp/dspot-experiments/dataset/mybatis/target/classes/:/home/spirals/danglot/.m2/repository/ognl/ognl/3.2.6/ognl-3.2.6.jar:/home/spirals/danglot/.m2/repository/org/javassist/javassist/3.22.0-GA/javassist-3.22.0-GA.jar:/home/spirals/danglot/.m2/repository/org/slf4j/slf4j-api/1.7.25/slf4j-api-1.7.25.jar:/home/spirals/danglot/.m2/repository/org/slf4j/slf4j-log4j12/1.7.25/slf4j-log4j12-1.7.25.jar:/home/spirals/danglot/.m2/repository/log4j/log4j/1.2.17/log4j-1.2.17.jar:/home/spirals/danglot/.m2/repository/org/apache/logging/log4j/log4j-core/2.11.0/log4j-core-2.11.0.jar:/home/spirals/danglot/.m2/repository/org/apache/logging/log4j/log4j-api/2.11.0/log4j-api-2.11.0.jar:/home/spirals/danglot/.m2/repository/commons-logging/commons-logging/1.2/commons-logging-1.2.jar:/home/spirals/danglot/.m2/repository/cglib/cglib/3.2.6/cglib-3.2.6.jar:/home/spirals/danglot/.m2/repository/org/ow2/asm/asm/6.0/asm-6.0.jar:/home/spirals/danglot/.m2/repository/org/apache/ant/ant/1.9.6/ant-1.9.6.jar:/home/spirals/danglot/.m2/repository/org/apache/ant/ant-launcher/1.9.6/ant-launcher-1.9.6.jar:/home/spirals/danglot/.m2/repository/org/junit/vintage/junit-vintage-engine/5.1.0/junit-vintage-engine-5.1.0.jar:/home/spirals/danglot/.m2/repository/org/apiguardian/apiguardian-api/1.0.0/apiguardian-api-1.0.0.jar:/home/spirals/danglot/.m2/repository/org/junit/platform/junit-platform-engine/1.1.0/junit-platform-engine-1.1.0.jar:/home/spirals/danglot/.m2/repository/org/junit/platform/junit-platform-commons/1.1.0/junit-platform-commons-1.1.0.jar:/home/spirals/danglot/.m2/repository/org/opentest4j/opentest4j/1.0.0/opentest4j-1.0.0.jar:/home/spirals/danglot/.m2/repository/junit/junit/4.12/junit-4.12.jar:/home/spirals/danglot/.m2/repository/org/hamcrest/hamcrest-core/1.3/hamcrest-core-1.3.jar:/home/spirals/danglot/.m2/repository/org/hsqldb/hsqldb/2.4.0/hsqldb-2.4.0.jar:/home/spirals/danglot/.m2/repository/org/apache/derby/derby/10.14.1.0/derby-10.14.1.0.jar:/home/spirals/danglot/.m2/repository/org/mockito/mockito-core/2.16.0/mockito-core-2.16.0.jar:/home/spirals/danglot/.m2/repository/net/bytebuddy/byte-buddy/1.7.9/byte-buddy-1.7.9.jar:/home/spirals/danglot/.m2/repository/net/bytebuddy/byte-buddy-agent/1.7.9/byte-buddy-agent-1.7.9.jar:/home/spirals/danglot/.m2/repository/org/objenesis/objenesis/2.6/objenesis-2.6.jar:/home/spirals/danglot/.m2/repository/org/apache/commons/commons-dbcp2/2.2.0/commons-dbcp2-2.2.0.jar:/home/spirals/danglot/.m2/repository/org/apache/commons/commons-pool2/2.5.0/commons-pool2-2.5.0.jar:/home/spirals/danglot/.m2/repository/javax/transaction/javax.transaction-api/1.3/javax.transaction-api-1.3.jar:/home/spirals/danglot/.m2/repository/org/apache/velocity/velocity/1.7/velocity-1.7.jar:/home/spirals/danglot/.m2/repository/commons-collections/commons-collections/3.2.1/commons-collections-3.2.1.jar:/home/spirals/danglot/.m2/repository/commons-lang/commons-lang/2.4/commons-lang-2.4.jar:/home/spirals/danglot/.m2/repository/org/postgresql/postgresql/42.2.1/postgresql-42.2.1.jar:/home/spirals/danglot/.m2/repository/org/assertj/assertj-core/3.9.1/assertj-core-3.9.1.jar:/home/spirals/danglot/.m2/repository/eu/codearte/catch-exception/catch-exception/1.4.6/catch-exception-1.4.6.jar:/home/spirals/danglot/.m2/repository/ru/yandex/qatools/embed/postgresql-embedded/2.8/postgresql-embedded-2.8.jar:/home/spirals/danglot/.m2/repository/de/flapdoodle/embed/de.flapdoodle.embed.process/2.0.2/de.flapdoodle.embed.process-2.0.2.jar:/home/spirals/danglot/.m2/repository/commons-io/commons-io/2.4/commons-io-2.4.jar:/home/spirals/danglot/.m2/repository/org/apache/commons/commons-lang3/3.1/commons-lang3-3.1.jar:/home/spirals/danglot/.m2/repository/net/java/dev/jna/jna/4.0.0/jna-4.0.0.jar:/home/spirals/danglot/.m2/repository/net/java/dev/jna/jna-platform/4.0.0/jna-platform-4.0.0.jar:/home/spirals/danglot/.m2/repository/org/apache/commons/commons-compress/1.10/commons-compress-1.10.jar:/tmp/dspot-experiments/target/dspot/dependencies:/tmp/dspot/dspot/target/dspot-1.1.1-SNAPSHOT-jar-with-dependencies.jar eu.stamp_project.testrunner.runner.test.TestRunner org.apache.ibatis.binding.WrongNamespacesTest shouldFailForMissingNamespace_add1:shouldFailForMissingNamespace_remove2:shouldFailForMissingNamespace_mg3:shouldFailForMissingNamespace_mg5:shouldFailForMissingNamespace_mg7:shouldFailForMissingNamespace_mg8:shouldFailForMissingNamespace_mg9:shouldFailForMissingNamespace_mg10:shouldFailForMissingNamespace_mg11:shouldFailForMissingNamespace_mg12:shouldFailForMissingNamespace_mg13:shouldFailForMissingNamespace_mg14:shouldFailForMissingNamespace_mg15:shouldFailForMissingNamespace_mg16:shouldFailForMissingNamespace_mg17:shouldFailForMissingNamespace_mg18:shouldFailForMissingNamespace_mg19:shouldFailForMissingNamespace_mg20:shouldFailForMissingNamespace_mg21:shouldFailForMissingNamespace_mg22:shouldFailForMissingNamespace_mg23:shouldFailForMissingNamespace_mg24:shouldFailForMissingNamespace_mg25:shouldFailForMissingNamespace_mg26:shouldFailForMissingNamespace_mg27:shouldFailForMissingNamespace_mg28:shouldFailForMissingNamespace_mg29:shouldFailForMissingNamespace_mg30:shouldFailForMissingNamespace_mg31:shouldFailForMissingNamespace_mg32:shouldFailForMissingNamespace_mg33:shouldFailForMissingNamespace_mg34:shouldFailForMissingNamespace_mg35:shouldFailForMissingNamespace_mg36:shouldFailForMissingNamespace_mg37:shouldFailForMissingNamespace_mg38:shouldFailForMissingNamespace_mg39:shouldFailForMissingNamespace_mg40:shouldFailForMissingNamespace_mg41:shouldFailForMissingNamespace_mg42:shouldFailForMissingNamespace_mg43:shouldFailForMissingNamespace_mg44:shouldFailForMissingNamespace_mg45:shouldFailForMissingNamespace_mg46:shouldFailForMissingNamespace_mg47:shouldFailForMissingNamespace_mg48:shouldFailForMissingNamespace_mg49:shouldFailForMissingNamespace_mg50:shouldFailForMissingNamespace_mg51:shouldFailForMissingNamespace_mg52:shouldFailForMissingNamespace_mg53:shouldFailForMissingNamespace_mg54:shouldFailForMissingNamespace_mg55:shouldFailForMissingNamespace_mg56:shouldFailForMissingNamespace_mg57:shouldFailForMissingNamespace_mg58:shouldFailForMissingNamespace_mg59:shouldFailForMissingNamespace_mg60:shouldFailForMissingNamespace_mg61:shouldFailForMissingNamespace_mg62:shouldFailForMissingNamespace_mg63:shouldFailForMissingNamespace_mg64:shouldFailForMissingNamespace_mg65:shouldFailForMissingNamespace_mg66:shouldFailForMissingNamespace_mg67:shouldFailForMissingNamespace_mg68:shouldFailForMissingNamespace_mg69:shouldFailForMissingNamespace_mg70:shouldFailForMissingNamespace_mg71:shouldFailForMissingNamespace_mg72:shouldFailForMissingNamespace_mg73:shouldFailForMissingNamespace_mg74:shouldFailForMissingNamespace_mg76:shouldFailForMissingNamespace_mg77:shouldFailForMissingNamespace_mg78:shouldFailForMissingNamespace_mg79:shouldFailForMissingNamespace_mg80:shouldFailForMissingNamespace_mg81:shouldFailForMissingNamespace_mg83:shouldFailForMissingNamespace_mg84:shouldFailForMissingNamespace_mg85:shouldFailForMissingNamespace_mg86:shouldFailForMissingNamespace_mg87:shouldFailForMissingNamespace_mg88:shouldFailForMissingNamespace_mg89:shouldFailForMissingNamespace_mg90:shouldFailForMissingNamespace_mg91:shouldFailForMissingNamespace_mg92:shouldFailForMissingNamespace_mg93:shouldFailForMissingNamespace_mg94:shouldFailForMissingNamespacenull95:shouldFailForMissingNamespacenull97
File saved to the following path: /tmp/dspot-experiments/dataset/mybatis/target/dspot/TestListener.ser
SLF4J: Class path contains multiple SLF4J bindings.
SLF4J: Found binding in [jar:file:/home/spirals/danglot/.m2/repository/org/slf4j/slf4j-log4j12/1.7.25/slf4j-log4j12-1.7.25.jar!/org/slf4j/impl/StaticLoggerBinder.class]
SLF4J: Found binding in [jar:file:/tmp/dspot/dspot/target/dspot-1.1.1-SNAPSHOT-jar-with-dependencies.jar!/org/slf4j/impl/StaticLoggerBinder.class]
SLF4J: See http://www.slf4j.org/codes.html#multiple_bindings for an explanation.
SLF4J: Actual binding is of type [org.slf4j.impl.Log4jLoggerFactory]
2018-08-13 16:49:09,350 INFO eu.stamp_project.testrunner.EntryPoint - Test has been run: shouldFailForMissingNamespace_mg3,shouldFailForMissingNamespace_mg5,shouldFailForMissingNamespace_mg7,shouldFailForMissingNamespace_mg8,shouldFailForMissingNamespace_mg9,shouldFailForMissingNamespacenull95,shouldFailForMissingNamespacenull97,shouldFailForMissingNamespace_add1,shouldFailForMissingNamespace_mg10,shouldFailForMissingNamespace_mg11,shouldFailForMissingNamespace_mg12,shouldFailForMissingNamespace_mg13,shouldFailForMissingNamespace_mg14,shouldFailForMissingNamespace_mg15,shouldFailForMissingNamespace_mg16,shouldFailForMissingNamespace_mg17,shouldFailForMissingNamespace_mg18,shouldFailForMissingNamespace_mg19,shouldFailForMissingNamespace_mg20,shouldFailForMissingNamespace_mg21,shouldFailForMissingNamespace_mg22,shouldFailForMissingNamespace_mg23,shouldFailForMissingNamespace_mg24,shouldFailForMissingNamespace_mg25,shouldFailForMissingNamespace_mg26,shouldFailForMissingNamespace_mg27,shouldFailForMissingNamespace_mg28,shouldFailForMissingNamespace_mg29,shouldFailForMissingNamespace_mg30,shouldFailForMissingNamespace_mg31,shouldFailForMissingNamespace_mg32,shouldFailForMissingNamespace_mg33,shouldFailForMissingNamespace_mg34,shouldFailForMissingNamespace_mg35,shouldFailForMissingNamespace_mg36,shouldFailForMissingNamespace_mg37,shouldFailForMissingNamespace_mg38,shouldFailForMissingNamespace_mg39,shouldFailForMissingNamespace_mg40,shouldFailForMissingNamespace_mg41,shouldFailForMissingNamespace_mg42,shouldFailForMissingNamespace_mg43,shouldFailForMissingNamespace_mg44,shouldFailForMissingNamespace_mg45,shouldFailForMissingNamespace_mg46,shouldFailForMissingNamespace_mg47,shouldFailForMissingNamespace_mg48,shouldFailForMissingNamespace_mg49,shouldFailForMissingNamespace_mg50,shouldFailForMissingNamespace_mg51,shouldFailForMissingNamespace_mg52,shouldFailForMissingNamespace_mg53,shouldFailForMissingNamespace_mg54,shouldFailForMissingNamespace_mg55,shouldFailForMissingNamespace_mg56,shouldFailForMissingNamespace_mg57,shouldFailForMissingNamespace_mg58,shouldFailForMissingNamespace_mg59,shouldFailForMissingNamespace_mg60,shouldFailForMissingNamespace_mg61,shouldFailForMissingNamespace_mg62,shouldFailForMissingNamespace_mg63,shouldFailForMissingNamespace_mg64,shouldFailForMissingNamespace_mg65,shouldFailForMissingNamespace_mg66,shouldFailForMissingNamespace_mg67,shouldFailForMissingNamespace_mg68,shouldFailForMissingNamespace_mg69,shouldFailForMissingNamespace_mg70,shouldFailForMissingNamespace_mg71,shouldFailForMissingNamespace_mg72,shouldFailForMissingNamespace_mg73,shouldFailForMissingNamespace_mg74,shouldFailForMissingNamespace_mg76,shouldFailForMissingNamespace_mg77,shouldFailForMissingNamespace_mg78,shouldFailForMissingNamespace_mg79,shouldFailForMissingNamespace_mg80,shouldFailForMissingNamespace_mg81,shouldFailForMissingNamespace_mg83,shouldFailForMissingNamespace_mg84,shouldFailForMissingNamespace_mg85,shouldFailForMissingNamespace_mg86,shouldFailForMissingNamespace_mg87,shouldFailForMissingNamespace_mg88,shouldFailForMissingNamespace_mg89,shouldFailForMissingNamespace_mg90,shouldFailForMissingNamespace_mg91,shouldFailForMissingNamespace_mg92,shouldFailForMissingNamespace_mg93,shouldFailForMissingNamespace_mg94,shouldFailForMissingNamespace_remove2(org.apache.ibatis.binding.WrongNamespacesTest): Expected exception: java.lang.RuntimeException
2018-08-13 16:49:09,351 INFO eu.stamp_project.dspot.assertgenerator.AssertGenerator - 91 test pass, generating assertion...
2018-08-13 16:49:09,372 INFO eu.stamp_project.dspot.assertgenerator.MethodsAssertGenerator - Add observations points in passing tests.
2018-08-13 16:49:09,372 INFO eu.stamp_project.dspot.assertgenerator.MethodsAssertGenerator - Instrumentation...
  1% | ]/  2% |= ]-  3% |= ]\  4% |== ]|  5% |== ]/  6% |=== ]-  7% |=== ]\  8% |==== ]|  9% |==== ]/ 10% |===== ]- 12% |====== ]\ 13% |====== ]| 14% |======= ]/ 15% |======= ]- 16% |======== ]\ 17% |======== ]| 18% |========= ]/ 19% |========= ]- 20% |========== ]\ 21% |========== ]| 23% |=========== ]/ 24% |============ ]- 25% |============ ]\ 26% |============= ]| 27% |============= ]/ 28% |============== ]- 29% |============== ]\ 30% |=============== ]| 31% |=============== ]/ 32% |================ ]- 34% |================= ]\ 35% |================= ]| 36% |================== ]/ 37% |================== ]- 38% |=================== ]\ 39% |=================== ]| 40% |==================== ]/ 41% |==================== ]- 42% |===================== ]\ 43% |===================== ]| 45% |====================== ]/ 46% |======================= ]- 47% |======================= ]\ 48% |======================== ]| 49% |======================== ]/ 50% |========================= ]- 51% |========================= ]\ 52% |========================== ]| 53% |========================== ]/ 54% |=========================== ]- 56% |============================ ]\ 57% |============================ ]| 58% |============================= ]/ 59% |============================= ]- 60% |============================== ]\ 61% |============================== ]| 62% |=============================== ]/ 63% |=============================== ]- 64% |================================ ]\ 65% |================================ ]| 67% |================================= ]/ 68% |================================== ]- 69% |================================== ]\ 70% |=================================== ]| 71% |=================================== ]/ 72% |==================================== ]- 73% |==================================== ]\ 74% |===================================== ]| 75% |===================================== ]/ 76% |====================================== ]- 78% |======================================= ]\ 79% |======================================= ]| 80% |======================================== ]/ 81% |======================================== ]- 82% |========================================= ]\ 83% |========================================= ]| 84% |========================================== ]/ 85% |========================================== ]- 86% |=========================================== ]\ 87% |=========================================== ]| 89% |============================================ ]/ 90% |============================================= ]- 91% |============================================= ]\ 92% |============================================== ]| 93% |============================================== ]/ 94% |=============================================== ]- 95% |=============================================== ]\ 96% |================================================ ]| 97% |================================================ ]/ 98% |================================================= ]-100% |================================================== ]\
2018-08-13 16:49:09,529 INFO eu.stamp_project.dspot.assertgenerator.MethodsAssertGenerator - Run instrumented tests. (273)
2018-08-13 16:49:09,821 INFO eu.stamp_project.testrunner.EntryPoint - Run: java -classpath /tmp/dspot-experiments/dataset/mybatis/target/test-classes:/tmp/dspot-experiments/dataset/mybatis/target/classes/:/home/spirals/danglot/.m2/repository/ognl/ognl/3.2.6/ognl-3.2.6.jar:/home/spirals/danglot/.m2/repository/org/javassist/javassist/3.22.0-GA/javassist-3.22.0-GA.jar:/home/spirals/danglot/.m2/repository/org/slf4j/slf4j-api/1.7.25/slf4j-api-1.7.25.jar:/home/spirals/danglot/.m2/repository/org/slf4j/slf4j-log4j12/1.7.25/slf4j-log4j12-1.7.25.jar:/home/spirals/danglot/.m2/repository/log4j/log4j/1.2.17/log4j-1.2.17.jar:/home/spirals/danglot/.m2/repository/org/apache/logging/log4j/log4j-core/2.11.0/log4j-core-2.11.0.jar:/home/spirals/danglot/.m2/repository/org/apache/logging/log4j/log4j-api/2.11.0/log4j-api-2.11.0.jar:/home/spirals/danglot/.m2/repository/commons-logging/commons-logging/1.2/commons-logging-1.2.jar:/home/spirals/danglot/.m2/repository/cglib/cglib/3.2.6/cglib-3.2.6.jar:/home/spirals/danglot/.m2/repository/org/ow2/asm/asm/6.0/asm-6.0.jar:/home/spirals/danglot/.m2/repository/org/apache/ant/ant/1.9.6/ant-1.9.6.jar:/home/spirals/danglot/.m2/repository/org/apache/ant/ant-launcher/1.9.6/ant-launcher-1.9.6.jar:/home/spirals/danglot/.m2/repository/org/junit/vintage/junit-vintage-engine/5.1.0/junit-vintage-engine-5.1.0.jar:/home/spirals/danglot/.m2/repository/org/apiguardian/apiguardian-api/1.0.0/apiguardian-api-1.0.0.jar:/home/spirals/danglot/.m2/repository/org/junit/platform/junit-platform-engine/1.1.0/junit-platform-engine-1.1.0.jar:/home/spirals/danglot/.m2/repository/org/junit/platform/junit-platform-commons/1.1.0/junit-platform-commons-1.1.0.jar:/home/spirals/danglot/.m2/repository/org/opentest4j/opentest4j/1.0.0/opentest4j-1.0.0.jar:/home/spirals/danglot/.m2/repository/junit/junit/4.12/junit-4.12.jar:/home/spirals/danglot/.m2/repository/org/hamcrest/hamcrest-core/1.3/hamcrest-core-1.3.jar:/home/spirals/danglot/.m2/repository/org/hsqldb/hsqldb/2.4.0/hsqldb-2.4.0.jar:/home/spirals/danglot/.m2/repository/org/apache/derby/derby/10.14.1.0/derby-10.14.1.0.jar:/home/spirals/danglot/.m2/repository/org/mockito/mockito-core/2.16.0/mockito-core-2.16.0.jar:/home/spirals/danglot/.m2/repository/net/bytebuddy/byte-buddy/1.7.9/byte-buddy-1.7.9.jar:/home/spirals/danglot/.m2/repository/net/bytebuddy/byte-buddy-agent/1.7.9/byte-buddy-agent-1.7.9.jar:/home/spirals/danglot/.m2/repository/org/objenesis/objenesis/2.6/objenesis-2.6.jar:/home/spirals/danglot/.m2/repository/org/apache/commons/commons-dbcp2/2.2.0/commons-dbcp2-2.2.0.jar:/home/spirals/danglot/.m2/repository/org/apache/commons/commons-pool2/2.5.0/commons-pool2-2.5.0.jar:/home/spirals/danglot/.m2/repository/javax/transaction/javax.transaction-api/1.3/javax.transaction-api-1.3.jar:/home/spirals/danglot/.m2/repository/org/apache/velocity/velocity/1.7/velocity-1.7.jar:/home/spirals/danglot/.m2/repository/commons-collections/commons-collections/3.2.1/commons-collections-3.2.1.jar:/home/spirals/danglot/.m2/repository/commons-lang/commons-lang/2.4/commons-lang-2.4.jar:/home/spirals/danglot/.m2/repository/org/postgresql/postgresql/42.2.1/postgresql-42.2.1.jar:/home/spirals/danglot/.m2/repository/org/assertj/assertj-core/3.9.1/assertj-core-3.9.1.jar:/home/spirals/danglot/.m2/repository/eu/codearte/catch-exception/catch-exception/1.4.6/catch-exception-1.4.6.jar:/home/spirals/danglot/.m2/repository/ru/yandex/qatools/embed/postgresql-embedded/2.8/postgresql-embedded-2.8.jar:/home/spirals/danglot/.m2/repository/de/flapdoodle/embed/de.flapdoodle.embed.process/2.0.2/de.flapdoodle.embed.process-2.0.2.jar:/home/spirals/danglot/.m2/repository/commons-io/commons-io/2.4/commons-io-2.4.jar:/home/spirals/danglot/.m2/repository/org/apache/commons/commons-lang3/3.1/commons-lang3-3.1.jar:/home/spirals/danglot/.m2/repository/net/java/dev/jna/jna/4.0.0/jna-4.0.0.jar:/home/spirals/danglot/.m2/repository/net/java/dev/jna/jna-platform/4.0.0/jna-platform-4.0.0.jar:/home/spirals/danglot/.m2/repository/org/apache/commons/commons-compress/1.10/commons-compress-1.10.jar:/tmp/dspot-experiments/target/dspot/dependencies:/tmp/dspot/dspot/target/dspot-1.1.1-SNAPSHOT-jar-with-dependencies.jar eu.stamp_project.testrunner.runner.test.TestRunner org.apache.ibatis.binding.WrongNamespacesTest shouldFailForMissingNamespace_add1_withlog0:shouldFailForMissingNamespace_mg3_withlog0:shouldFailForMissingNamespace_mg5_withlog0:shouldFailForMissingNamespace_mg7_withlog0:shouldFailForMissingNamespace_mg8_withlog0:shouldFailForMissingNamespace_mg9_withlog0:shouldFailForMissingNamespace_mg10_withlog0:shouldFailForMissingNamespace_mg11_withlog0:shouldFailForMissingNamespace_mg12_withlog0:shouldFailForMissingNamespace_mg13_withlog0:shouldFailForMissingNamespace_mg14_withlog0:shouldFailForMissingNamespace_mg15_withlog0:shouldFailForMissingNamespace_mg16_withlog0:shouldFailForMissingNamespace_mg17_withlog0:shouldFailForMissingNamespace_mg18_withlog0:shouldFailForMissingNamespace_mg19_withlog0:shouldFailForMissingNamespace_mg20_withlog0:shouldFailForMissingNamespace_mg21_withlog0:shouldFailForMissingNamespace_mg22_withlog0:shouldFailForMissingNamespace_mg23_withlog0:shouldFailForMissingNamespace_mg24_withlog0:shouldFailForMissingNamespace_mg25_withlog0:shouldFailForMissingNamespace_mg26_withlog0:shouldFailForMissingNamespace_mg27_withlog0:shouldFailForMissingNamespace_mg28_withlog0:shouldFailForMissingNamespace_mg29_withlog0:shouldFailForMissingNamespace_mg30_withlog0:shouldFailForMissingNamespace_mg31_withlog0:shouldFailForMissingNamespace_mg32_withlog0:shouldFailForMissingNamespace_mg33_withlog0:shouldFailForMissingNamespace_mg34_withlog0:shouldFailForMissingNamespace_mg35_withlog0:shouldFailForMissingNamespace_mg36_withlog0:shouldFailForMissingNamespace_mg37_withlog0:shouldFailForMissingNamespace_mg38_withlog0:shouldFailForMissingNamespace_mg39_withlog0:shouldFailForMissingNamespace_mg40_withlog0:shouldFailForMissingNamespace_mg41_withlog0:shouldFailForMissingNamespace_mg42_withlog0:shouldFailForMissingNamespace_mg43_withlog0:shouldFailForMissingNamespace_mg44_withlog0:shouldFailForMissingNamespace_mg45_withlog0:shouldFailForMissingNamespace_mg46_withlog0:shouldFailForMissingNamespace_mg47_withlog0:shouldFailForMissingNamespace_mg48_withlog0:shouldFailForMissingNamespace_mg49_withlog0:shouldFailForMissingNamespace_mg50_withlog0:shouldFailForMissingNamespace_mg51_withlog0:shouldFailForMissingNamespace_mg52_withlog0:shouldFailForMissingNamespace_mg53_withlog0:shouldFailForMissingNamespace_mg54_withlog0:shouldFailForMissingNamespace_mg55_withlog0:shouldFailForMissingNamespace_mg56_withlog0:shouldFailForMissingNamespace_mg57_withlog0:shouldFailForMissingNamespace_mg58_withlog0:shouldFailForMissingNamespace_mg59_withlog0:shouldFailForMissingNamespace_mg60_withlog0:shouldFailForMissingNamespace_mg61_withlog0:shouldFailForMissingNamespace_mg62_withlog0:shouldFailForMissingNamespace_mg63_withlog0:shouldFailForMissingNamespace_mg64_withlog0:shouldFailForMissingNamespace_mg65_withlog0:shouldFailForMissingNamespace_mg66_withlog0:shouldFailForMissingNamespace_mg67_withlog0:shouldFailForMissingNamespace_mg68_withlog0:shouldFailForMissingNamespace_mg69_withlog0:shouldFailForMissingNamespace_mg70_withlog0:shouldFailForMissingNamespace_mg71_withlog0:shouldFailForMissingNamespace_mg72_withlog0:shouldFailForMissingNamespace_mg73_withlog0:shouldFailForMissingNamespace_mg74_withlog0:shouldFailForMissingNamespace_mg76_withlog0:shouldFailForMissingNamespace_mg77_withlog0:shouldFailForMissingNamespace_mg78_withlog0:shouldFailForMissingNamespace_mg79_withlog0:shouldFailForMissingNamespace_mg80_withlog0:shouldFailForMissingNamespace_mg81_withlog0:shouldFailForMissingNamespace_mg83_withlog0:shouldFailForMissingNamespace_mg84_withlog0:shouldFailForMissingNamespace_mg85_withlog0:shouldFailForMissingNamespace_mg86_withlog0:shouldFailForMissingNamespace_mg87_withlog0:shouldFailForMissingNamespace_mg88_withlog0:shouldFailForMissingNamespace_mg89_withlog0:shouldFailForMissingNamespace_mg90_withlog0:shouldFailForMissingNamespace_mg91_withlog0:shouldFailForMissingNamespace_mg92_withlog0:shouldFailForMissingNamespace_mg93_withlog0:shouldFailForMissingNamespace_mg94_withlog0:shouldFailForMissingNamespacenull95_withlog0:shouldFailForMissingNamespacenull97_withlog0:shouldFailForMissingNamespace_add1_withlog1:shouldFailForMissingNamespace_mg3_withlog1:shouldFailForMissingNamespace_mg5_withlog1:shouldFailForMissingNamespace_mg7_withlog1:shouldFailForMissingNamespace_mg8_withlog1:shouldFailForMissingNamespace_mg9_withlog1:shouldFailForMissingNamespace_mg10_withlog1:shouldFailForMissingNamespace_mg11_withlog1:shouldFailForMissingNamespace_mg12_withlog1:shouldFailForMissingNamespace_mg13_withlog1:shouldFailForMissingNamespace_mg14_withlog1:shouldFailForMissingNamespace_mg15_withlog1:shouldFailForMissingNamespace_mg16_withlog1:shouldFailForMissingNamespace_mg17_withlog1:shouldFailForMissingNamespace_mg18_withlog1:shouldFailForMissingNamespace_mg19_withlog1:shouldFailForMissingNamespace_mg20_withlog1:shouldFailForMissingNamespace_mg21_withlog1:shouldFailForMissingNamespace_mg22_withlog1:shouldFailForMissingNamespace_mg23_withlog1:shouldFailForMissingNamespace_mg24_withlog1:shouldFailForMissingNamespace_mg25_withlog1:shouldFailForMissingNamespace_mg26_withlog1:shouldFailForMissingNamespace_mg27_withlog1:shouldFailForMissingNamespace_mg28_withlog1:shouldFailForMissingNamespace_mg29_withlog1:shouldFailForMissingNamespace_mg30_withlog1:shouldFailForMissingNamespace_mg31_withlog1:shouldFailForMissingNamespace_mg32_withlog1:shouldFailForMissingNamespace_mg33_withlog1:shouldFailForMissingNamespace_mg34_withlog1:shouldFailForMissingNamespace_mg35_withlog1:shouldFailForMissingNamespace_mg36_withlog1:shouldFailForMissingNamespace_mg37_withlog1:shouldFailForMissingNamespace_mg38_withlog1:shouldFailForMissingNamespace_mg39_withlog1:shouldFailForMissingNamespace_mg40_withlog1:shouldFailForMissingNamespace_mg41_withlog1:shouldFailForMissingNamespace_mg42_withlog1:shouldFailForMissingNamespace_mg43_withlog1:shouldFailForMissingNamespace_mg44_withlog1:shouldFailForMissingNamespace_mg45_withlog1:shouldFailForMissingNamespace_mg46_withlog1:shouldFailForMissingNamespace_mg47_withlog1:shouldFailForMissingNamespace_mg48_withlog1:shouldFailForMissingNamespace_mg49_withlog1:shouldFailForMissingNamespace_mg50_withlog1:shouldFailForMissingNamespace_mg51_withlog1:shouldFailForMissingNamespace_mg52_withlog1:shouldFailForMissingNamespace_mg53_withlog1:shouldFailForMissingNamespace_mg54_withlog1:shouldFailForMissingNamespace_mg55_withlog1:shouldFailForMissingNamespace_mg56_withlog1:shouldFailForMissingNamespace_mg57_withlog1:shouldFailForMissingNamespace_mg58_withlog1:shouldFailForMissingNamespace_mg59_withlog1:shouldFailForMissingNamespace_mg60_withlog1:shouldFailForMissingNamespace_mg61_withlog1:shouldFailForMissingNamespace_mg62_withlog1:shouldFailForMissingNamespace_mg63_withlog1:shouldFailForMissingNamespace_mg64_withlog1:shouldFailForMissingNamespace_mg65_withlog1:shouldFailForMissingNamespace_mg66_withlog1:shouldFailForMissingNamespace_mg67_withlog1:shouldFailForMissingNamespace_mg68_withlog1:shouldFailForMissingNamespace_mg69_withlog1:shouldFailForMissingNamespace_mg70_withlog1:shouldFailForMissingNamespace_mg71_withlog1:shouldFailForMissingNamespace_mg72_withlog1:shouldFailForMissingNamespace_mg73_withlog1:shouldFailForMissingNamespace_mg74_withlog1:shouldFailForMissingNamespace_mg76_withlog1:shouldFailForMissingNamespace_mg77_withlog1:shouldFailForMissingNamespace_mg78_withlog1:shouldFailForMissingNamespace_mg79_withlog1:shouldFailForMissingNamespace_mg80_withlog1:shouldFailForMissingNamespace_mg81_withlog1:shouldFailForMissingNamespace_mg83_withlog1:shouldFailForMissingNamespace_mg84_withlog1:shouldFailForMissingNamespace_mg85_withlog1:shouldFailForMissingNamespace_mg86_withlog1:shouldFailForMissingNamespace_mg87_withlog1:shouldFailForMissingNamespace_mg88_withlog1:shouldFailForMissingNamespace_mg89_withlog1:shouldFailForMissingNamespace_mg90_withlog1:shouldFailForMissingNamespace_mg91_withlog1:shouldFailForMissingNamespace_mg92_withlog1:shouldFailForMissingNamespace_mg93_withlog1:shouldFailForMissingNamespace_mg94_withlog1:shouldFailForMissingNamespacenull95_withlog1:shouldFailForMissingNamespacenull97_withlog1:shouldFailForMissingNamespace_add1_withlog2:shouldFailForMissingNamespace_mg3_withlog2:shouldFailForMissingNamespace_mg5_withlog2:shouldFailForMissingNamespace_mg7_withlog2:shouldFailForMissingNamespace_mg8_withlog2:shouldFailForMissingNamespace_mg9_withlog2:shouldFailForMissingNamespace_mg10_withlog2:shouldFailForMissingNamespace_mg11_withlog2:shouldFailForMissingNamespace_mg12_withlog2:shouldFailForMissingNamespace_mg13_withlog2:shouldFailForMissingNamespace_mg14_withlog2:shouldFailForMissingNamespace_mg15_withlog2:shouldFailForMissingNamespace_mg16_withlog2:shouldFailForMissingNamespace_mg17_withlog2:shouldFailForMissingNamespace_mg18_withlog2:shouldFailForMissingNamespace_mg19_withlog2:shouldFailForMissingNamespace_mg20_withlog2:shouldFailForMissingNamespace_mg21_withlog2:shouldFailForMissingNamespace_mg22_withlog2:shouldFailForMissingNamespace_mg23_withlog2:shouldFailForMissingNamespace_mg24_withlog2:shouldFailForMissingNamespace_mg25_withlog2:shouldFailForMissingNamespace_mg26_withlog2:shouldFailForMissingNamespace_mg27_withlog2:shouldFailForMissingNamespace_mg28_withlog2:shouldFailForMissingNamespace_mg29_withlog2:shouldFailForMissingNamespace_mg30_withlog2:shouldFailForMissingNamespace_mg31_withlog2:shouldFailForMissingNamespace_mg32_withlog2:shouldFailForMissingNamespace_mg33_withlog2:shouldFailForMissingNamespace_mg34_withlog2:shouldFailForMissingNamespace_mg35_withlog2:shouldFailForMissingNamespace_mg36_withlog2:shouldFailForMissingNamespace_mg37_withlog2:shouldFailForMissingNamespace_mg38_withlog2:shouldFailForMissingNamespace_mg39_withlog2:shouldFailForMissingNamespace_mg40_withlog2:shouldFailForMissingNamespace_mg41_withlog2:shouldFailForMissingNamespace_mg42_withlog2:shouldFailForMissingNamespace_mg43_withlog2:shouldFailForMissingNamespace_mg44_withlog2:shouldFailForMissingNamespace_mg45_withlog2:shouldFailForMissingNamespace_mg46_withlog2:shouldFailForMissingNamespace_mg47_withlog2:shouldFailForMissingNamespace_mg48_withlog2:shouldFailForMissingNamespace_mg49_withlog2:shouldFailForMissingNamespace_mg50_withlog2:shouldFailForMissingNamespace_mg51_withlog2:shouldFailForMissingNamespace_mg52_withlog2:shouldFailForMissingNamespace_mg53_withlog2:shouldFailForMissingNamespace_mg54_withlog2:shouldFailForMissingNamespace_mg55_withlog2:shouldFailForMissingNamespace_mg56_withlog2:shouldFailForMissingNamespace_mg57_withlog2:shouldFailForMissingNamespace_mg58_withlog2:shouldFailForMissingNamespace_mg59_withlog2:shouldFailForMissingNamespace_mg60_withlog2:shouldFailForMissingNamespace_mg61_withlog2:shouldFailForMissingNamespace_mg62_withlog2:shouldFailForMissingNamespace_mg63_withlog2:shouldFailForMissingNamespace_mg64_withlog2:shouldFailForMissingNamespace_mg65_withlog2:shouldFailForMissingNamespace_mg66_withlog2:shouldFailForMissingNamespace_mg67_withlog2:shouldFailForMissingNamespace_mg68_withlog2:shouldFailForMissingNamespace_mg69_withlog2:shouldFailForMissingNamespace_mg70_withlog2:shouldFailForMissingNamespace_mg71_withlog2:shouldFailForMissingNamespace_mg72_withlog2:shouldFailForMissingNamespace_mg73_withlog2:shouldFailForMissingNamespace_mg74_withlog2:shouldFailForMissingNamespace_mg76_withlog2:shouldFailForMissingNamespace_mg77_withlog2:shouldFailForMissingNamespace_mg78_withlog2:shouldFailForMissingNamespace_mg79_withlog2:shouldFailForMissingNamespace_mg80_withlog2:shouldFailForMissingNamespace_mg81_withlog2:shouldFailForMissingNamespace_mg83_withlog2:shouldFailForMissingNamespace_mg84_withlog2:shouldFailForMissingNamespace_mg85_withlog2:shouldFailForMissingNamespace_mg86_withlog2:shouldFailForMissingNamespace_mg87_withlog2:shouldFailForMissingNamespace_mg88_withlog2:shouldFailForMissingNamespace_mg89_withlog2:shouldFailForMissingNamespace_mg90_withlog2:shouldFailForMissingNamespace_mg91_withlog2:shouldFailForMissingNamespace_mg92_withlog2:shouldFailForMissingNamespace_mg93_withlog2:shouldFailForMissingNamespace_mg94_withlog2:shouldFailForMissingNamespacenull95_withlog2:shouldFailForMissingNamespacenull97_withlog2
File saved to the following path: /tmp/dspot-experiments/dataset/mybatis/target/dspot/observations.ser
File saved to the following path: /tmp/dspot-experiments/dataset/mybatis/target/dspot/TestListener.ser
SLF4J: Class path contains multiple SLF4J bindings.
SLF4J: Found binding in [jar:file:/home/spirals/danglot/.m2/repository/org/slf4j/slf4j-log4j12/1.7.25/slf4j-log4j12-1.7.25.jar!/org/slf4j/impl/StaticLoggerBinder.class]
SLF4J: Found binding in [jar:file:/tmp/dspot/dspot/target/dspot-1.1.1-SNAPSHOT-jar-with-dependencies.jar!/org/slf4j/impl/StaticLoggerBinder.class]
SLF4J: See http://www.slf4j.org/codes.html#multiple_bindings for an explanation.
SLF4J: Actual binding is of type [org.slf4j.impl.Log4jLoggerFactory]
2018-08-13 16:49:12,393 INFO eu.stamp_project.testrunner.EntryPoint - Test has been run: shouldFailForMissingNamespace_mg53_withlog0,shouldFailForMissingNamespace_mg53_withlog1,shouldFailForMissingNamespace_mg53_withlog2,shouldFailForMissingNamespace_mg76_withlog0,shouldFailForMissingNamespace_mg76_withlog1,shouldFailForMissingNamespace_mg76_withlog2,shouldFailForMissingNamespace_mg28_withlog0,shouldFailForMissingNamespace_mg28_withlog1,shouldFailForMissingNamespace_mg28_withlog2,shouldFailForMissingNamespace_mg52_withlog0,shouldFailForMissingNamespace_mg52_withlog1,shouldFailForMissingNamespace_mg52_withlog2,shouldFailForMissingNamespace_mg27_withlog0,shouldFailForMissingNamespace_mg27_withlog1,shouldFailForMissingNamespace_mg27_withlog2,shouldFailForMissingNamespace_mg51_withlog0,shouldFailForMissingNamespace_mg51_withlog1,shouldFailForMissingNamespace_mg51_withlog2,shouldFailForMissingNamespace_mg74_withlog0,shouldFailForMissingNamespace_mg74_withlog1,shouldFailForMissingNamespace_mg74_withlog2,shouldFailForMissingNamespace_mg26_withlog0,shouldFailForMissingNamespace_mg26_withlog1,shouldFailForMissingNamespace_mg26_withlog2,shouldFailForMissingNamespace_mg50_withlog0,shouldFailForMissingNamespace_mg50_withlog1,shouldFailForMissingNamespace_mg50_withlog2,shouldFailForMissingNamespace_mg49_withlog0,shouldFailForMissingNamespace_mg49_withlog1,shouldFailForMissingNamespace_mg49_withlog2,shouldFailForMissingNamespace_add1_withlog0,shouldFailForMissingNamespace_add1_withlog1,shouldFailForMissingNamespace_add1_withlog2,shouldFailForMissingNamespace_mg73_withlog0,shouldFailForMissingNamespace_mg73_withlog1,shouldFailForMissingNamespace_mg73_withlog2,shouldFailForMissingNamespace_mg25_withlog0,shouldFailForMissingNamespace_mg25_withlog1,shouldFailForMissingNamespace_mg25_withlog2,shouldFailForMissingNamespace_mg48_withlog0,shouldFailForMissingNamespace_mg48_withlog1,shouldFailForMissingNamespace_mg48_withlog2,shouldFailForMissingNamespace_mg72_withlog0,shouldFailForMissingNamespace_mg72_withlog1,shouldFailForMissingNamespace_mg72_withlog2,shouldFailForMissingNamespace_mg24_withlog0,shouldFailForMissingNamespace_mg24_withlog1,shouldFailForMissingNamespace_mg24_withlog2,shouldFailForMissingNamespace_mg47_withlog0,shouldFailForMissingNamespace_mg47_withlog1,shouldFailForMissingNamespace_mg47_withlog2,shouldFailForMissingNamespace_mg71_withlog0,shouldFailForMissingNamespace_mg71_withlog1,shouldFailForMissingNamespace_mg71_withlog2,shouldFailForMissingNamespace_mg23_withlog0,shouldFailForMissingNamespace_mg23_withlog1,shouldFailForMissingNamespace_mg23_withlog2,shouldFailForMissingNamespace_mg94_withlog0,shouldFailForMissingNamespace_mg94_withlog1,shouldFailForMissingNamespace_mg94_withlog2,shouldFailForMissingNamespace_mg46_withlog0,shouldFailForMissingNamespace_mg46_withlog1,shouldFailForMissingNamespace_mg46_withlog2,shouldFailForMissingNamespace_mg70_withlog0,shouldFailForMissingNamespace_mg70_withlog1,shouldFailForMissingNamespace_mg70_withlog2,shouldFailForMissingNamespace_mg22_withlog0,shouldFailForMissingNamespace_mg22_withlog1,shouldFailForMissingNamespace_mg22_withlog2,shouldFailForMissingNamespace_mg9_withlog0,shouldFailForMissingNamespace_mg9_withlog1,shouldFailForMissingNamespace_mg9_withlog2,shouldFailForMissingNamespace_mg69_withlog0,shouldFailForMissingNamespace_mg69_withlog1,shouldFailForMissingNamespace_mg69_withlog2,shouldFailForMissingNamespace_mg93_withlog0,shouldFailForMissingNamespace_mg93_withlog1,shouldFailForMissingNamespace_mg93_withlog2,shouldFailForMissingNamespace_mg45_withlog0,shouldFailForMissingNamespace_mg45_withlog1,shouldFailForMissingNamespace_mg45_withlog2,shouldFailForMissingNamespace_mg21_withlog0,shouldFailForMissingNamespace_mg21_withlog1,shouldFailForMissingNamespace_mg21_withlog2,shouldFailForMissingNamespace_mg8_withlog0,shouldFailForMissingNamespace_mg8_withlog1,shouldFailForMissingNamespace_mg8_withlog2,shouldFailForMissingNamespace_mg68_withlog0,shouldFailForMissingNamespace_mg68_withlog1,shouldFailForMissingNamespace_mg68_withlog2,shouldFailForMissingNamespace_mg92_withlog0,shouldFailForMissingNamespace_mg92_withlog1,shouldFailForMissingNamespace_mg92_withlog2,shouldFailForMissingNamespace_mg44_withlog0,shouldFailForMissingNamespace_mg44_withlog1,shouldFailForMissingNamespace_mg44_withlog2,shouldFailForMissingNamespace_mg20_withlog0,shouldFailForMissingNamespace_mg20_withlog1,shouldFailForMissingNamespace_mg20_withlog2,shouldFailForMissingNamespace_mg7_withlog0,shouldFailForMissingNamespace_mg7_withlog1,shouldFailForMissingNamespace_mg7_withlog2,shouldFailForMissingNamespace_mg67_withlog0,shouldFailForMissingNamespace_mg67_withlog1,shouldFailForMissingNamespace_mg67_withlog2,shouldFailForMissingNamespace_mg19_withlog0,shouldFailForMissingNamespace_mg19_withlog1,shouldFailForMissingNamespace_mg19_withlog2,shouldFailForMissingNamespace_mg91_withlog0,shouldFailForMissingNamespace_mg91_withlog1,shouldFailForMissingNamespace_mg91_withlog2,shouldFailForMissingNamespace_mg43_withlog0,shouldFailForMissingNamespace_mg43_withlog1,shouldFailForMissingNamespace_mg43_withlog2,shouldFailForMissingNamespace_mg66_withlog0,shouldFailForMissingNamespace_mg66_withlog1,shouldFailForMissingNamespace_mg66_withlog2,shouldFailForMissingNamespace_mg18_withlog0,shouldFailForMissingNamespace_mg18_withlog1,shouldFailForMissingNamespace_mg18_withlog2,shouldFailForMissingNamespace_mg90_withlog0,shouldFailForMissingNamespace_mg90_withlog1,shouldFailForMissingNamespace_mg90_withlog2,shouldFailForMissingNamespace_mg42_withlog0,shouldFailForMissingNamespace_mg42_withlog1,shouldFailForMissingNamespace_mg42_withlog2,shouldFailForMissingNamespace_mg89_withlog0,shouldFailForMissingNamespace_mg89_withlog1,shouldFailForMissingNamespace_mg89_withlog2,shouldFailForMissingNamespace_mg5_withlog0,shouldFailForMissingNamespace_mg5_withlog1,shouldFailForMissingNamespace_mg5_withlog2,shouldFailForMissingNamespace_mg65_withlog0,shouldFailForMissingNamespace_mg65_withlog1,shouldFailForMissingNamespace_mg65_withlog2,shouldFailForMissingNamespace_mg17_withlog0,shouldFailForMissingNamespace_mg17_withlog1,shouldFailForMissingNamespace_mg17_withlog2,shouldFailForMissingNamespace_mg41_withlog0,shouldFailForMissingNamespace_mg41_withlog1,shouldFailForMissingNamespace_mg41_withlog2,shouldFailForMissingNamespace_mg88_withlog0,shouldFailForMissingNamespace_mg88_withlog1,shouldFailForMissingNamespace_mg88_withlog2,shouldFailForMissingNamespace_mg64_withlog0,shouldFailForMissingNamespace_mg64_withlog1,shouldFailForMissingNamespace_mg64_withlog2,shouldFailForMissingNamespace_mg16_withlog0,shouldFailForMissingNamespace_mg16_withlog1,shouldFailForMissingNamespace_mg16_withlog2,shouldFailForMissingNamespace_mg40_withlog0,shouldFailForMissingNamespace_mg40_withlog1,shouldFailForMissingNamespace_mg40_withlog2,shouldFailForMissingNamespace_mg87_withlog0,shouldFailForMissingNamespace_mg87_withlog1,shouldFailForMissingNamespace_mg87_withlog2,shouldFailForMissingNamespace_mg39_withlog0,shouldFailForMissingNamespace_mg39_withlog1,shouldFailForMissingNamespace_mg39_withlog2,shouldFailForMissingNamespace_mg3_withlog0,shouldFailForMissingNamespace_mg3_withlog1,shouldFailForMissingNamespace_mg3_withlog2,shouldFailForMissingNamespace_mg63_withlog0,shouldFailForMissingNamespace_mg63_withlog1,shouldFailForMissingNamespace_mg63_withlog2,shouldFailForMissingNamespace_mg15_withlog0,shouldFailForMissingNamespace_mg15_withlog1,shouldFailForMissingNamespace_mg15_withlog2,shouldFailForMissingNamespace_mg86_withlog0,shouldFailForMissingNamespace_mg86_withlog1,shouldFailForMissingNamespace_mg86_withlog2,shouldFailForMissingNamespace_mg38_withlog0,shouldFailForMissingNamespace_mg38_withlog1,shouldFailForMissingNamespace_mg38_withlog2,shouldFailForMissingNamespace_mg62_withlog0,shouldFailForMissingNamespace_mg62_withlog1,shouldFailForMissingNamespace_mg62_withlog2,shouldFailForMissingNamespace_mg14_withlog0,shouldFailForMissingNamespace_mg14_withlog1,shouldFailForMissingNamespace_mg14_withlog2,shouldFailForMissingNamespace_mg85_withlog0,shouldFailForMissingNamespace_mg85_withlog1,shouldFailForMissingNamespace_mg85_withlog2,shouldFailForMissingNamespace_mg37_withlog0,shouldFailForMissingNamespace_mg37_withlog1,shouldFailForMissingNamespace_mg37_withlog2,shouldFailForMissingNamespace_mg61_withlog0,shouldFailForMissingNamespace_mg61_withlog1,shouldFailForMissingNamespace_mg61_withlog2,shouldFailForMissingNamespace_mg13_withlog0,shouldFailForMissingNamespace_mg13_withlog1,shouldFailForMissingNamespace_mg13_withlog2,shouldFailForMissingNamespace_mg84_withlog0,shouldFailForMissingNamespace_mg84_withlog1,shouldFailForMissingNamespace_mg84_withlog2,shouldFailForMissingNamespace_mg36_withlog0,shouldFailForMissingNamespace_mg36_withlog1,shouldFailForMissingNamespace_mg36_withlog2,shouldFailForMissingNamespace_mg60_withlog0,shouldFailForMissingNamespace_mg60_withlog1,shouldFailForMissingNamespace_mg60_withlog2,shouldFailForMissingNamespace_mg12_withlog0,shouldFailForMissingNamespace_mg12_withlog1,shouldFailForMissingNamespace_mg12_withlog2,shouldFailForMissingNamespace_mg59_withlog0,shouldFailForMissingNamespace_mg59_withlog1,shouldFailForMissingNamespace_mg59_withlog2,shouldFailForMissingNamespace_mg83_withlog0,shouldFailForMissingNamespace_mg83_withlog1,shouldFailForMissingNamespace_mg83_withlog2,shouldFailForMissingNamespace_mg35_withlog0,shouldFailForMissingNamespace_mg35_withlog1,shouldFailForMissingNamespace_mg35_withlog2,shouldFailForMissingNamespace_mg11_withlog0,shouldFailForMissingNamespace_mg11_withlog1,shouldFailForMissingNamespace_mg11_withlog2,shouldFailForMissingNamespacenull97_withlog0,shouldFailForMissingNamespacenull97_withlog1,shouldFailForMissingNamespacenull97_withlog2,shouldFailForMissingNamespace_mg58_withlog0,shouldFailForMissingNamespace_mg58_withlog1,shouldFailForMissingNamespace_mg58_withlog2,shouldFailForMissingNamespace_mg34_withlog0,shouldFailForMissingNamespace_mg34_withlog1,shouldFailForMissingNamespace_mg34_withlog2,shouldFailForMissingNamespace_mg10_withlog0,shouldFailForMissingNamespace_mg10_withlog1,shouldFailForMissingNamespace_mg10_withlog2,shouldFailForMissingNamespace_mg57_withlog0,shouldFailForMissingNamespace_mg57_withlog1,shouldFailForMissingNamespace_mg57_withlog2,shouldFailForMissingNamespace_mg81_withlog0,shouldFailForMissingNamespace_mg81_withlog1,shouldFailForMissingNamespace_mg81_withlog2,shouldFailForMissingNamespace_mg33_withlog0,shouldFailForMissingNamespace_mg33_withlog1,shouldFailForMissingNamespace_mg33_withlog2,shouldFailForMissingNamespacenull95_withlog0,shouldFailForMissingNamespacenull95_withlog1,shouldFailForMissingNamespacenull95_withlog2,shouldFailForMissingNamespace_mg56_withlog0,shouldFailForMissingNamespace_mg56_withlog1,shouldFailForMissingNamespace_mg56_withlog2,shouldFailForMissingNamespace_mg80_withlog0,shouldFailForMissingNamespace_mg80_withlog1,shouldFailForMissingNamespace_mg80_withlog2,shouldFailForMissingNamespace_mg32_withlog0,shouldFailForMissingNamespace_mg32_withlog1,shouldFailForMissingNamespace_mg32_withlog2,shouldFailForMissingNamespace_mg79_withlog0,shouldFailForMissingNamespace_mg79_withlog1,shouldFailForMissingNamespace_mg79_withlog2,shouldFailForMissingNamespace_mg55_withlog0,shouldFailForMissingNamespace_mg55_withlog1,shouldFailForMissingNamespace_mg55_withlog2,shouldFailForMissingNamespace_mg31_withlog0,shouldFailForMissingNamespace_mg31_withlog1,shouldFailForMissingNamespace_mg31_withlog2,shouldFailForMissingNamespace_mg78_withlog0,shouldFailForMissingNamespace_mg78_withlog1,shouldFailForMissingNamespace_mg78_withlog2,shouldFailForMissingNamespace_mg54_withlog0,shouldFailForMissingNamespace_mg54_withlog1,shouldFailForMissingNamespace_mg54_withlog2,shouldFailForMissingNamespace_mg30_withlog0,shouldFailForMissingNamespace_mg30_withlog1,shouldFailForMissingNamespace_mg30_withlog2,shouldFailForMissingNamespace_mg77_withlog0,shouldFailForMissingNamespace_mg77_withlog1,shouldFailForMissingNamespace_mg77_withlog2,shouldFailForMissingNamespace_mg29_withlog0,shouldFailForMissingNamespace_mg29_withlog1,shouldFailForMissingNamespace_mg29_withlog2
2018-08-13 16:49:12,394 INFO eu.stamp_project.dspot.assertgenerator.MethodsAssertGenerator - Generating assertions...
2018-08-13 16:49:12,433 INFO eu.stamp_project.dspot.assertgenerator.AssertGenerator - 1 test fail, generating try/catch/fail blocks...
2018-08-13 16:49:12,436 INFO eu.stamp_project.dspot.assertgenerator.AssertGenerator - Could not generate any test with assertions
2018-08-13 16:49:12,436 INFO eu.stamp_project.dspot.Amplification - iteration 1 / 3
2018-08-13 16:49:12,436 INFO eu.stamp_project.dspot.Amplification - 97 tests selected to be amplified over 97 available tests
2018-08-13 16:49:12,436 INFO eu.stamp_project.dspot.budget.NoBudgetizer - Amplification of inputs...
 62% |=============================== ]/ 87% |=========================================== ]/ 31% |=========================================== ]\ 13% |=========================================== ]/ 14% |=========================================== ]- 88% |============================================ ]- 63% |============================================ ]- 32% |============================================ ]| 64% |============================================ ]\ 15% |============================================ ]\ 89% |============================================ ]\ 34% |============================================ ]/ 16% |============================================ ]| 90% |============================================= ]| 65% |============================================= ]| 35% |============================================= ]- 17% |============================================= ]/ 67% |============================================= ]/ 91% |============================================= ]/ 36% |============================================= ]\ 18% |============================================= ]- 68% |============================================= ]- 92% |============================================== ]- 19% |============================================== ]\ 37% |============================================== ]| 69% |============================================== ]\ 93% |============================================== ]\ 25% |============================================== ]/ 20% |============================================== ]| 70% |============================================== ]| 94% |=============================================== ]| 21% |=============================================== ]/ 26% |=============================================== ]- 71% |=============================================== ]/ 95% |=============================================== ]/ 22% |=============================================== ]- 27% |=============================================== ]\ 72% |=============================================== ]- 96% |================================================ ]- 28% |================================================ ]| 23% |================================================ ]\ 73% |================================================ ]\ 97% |================================================ ]\ 24% |================================================ ]| 29% |================================================ ]/ 74% |================================================ ]| 98% |================================================= ]| 30% |================================================= ]-  7% |================================================= ]\ 56% |================================================= ]\100% |================================================== ]/
  8% |==== ]| 57% |============================ ]| 44% |============================ ]\ 81% |======================================== ]\  9% |======================================== ]/ 58% |======================================== ]/ 45% |======================================== ]| 82% |========================================= ]| 10% |========================================= ]- 59% |========================================= ]- 46% |========================================= ]/ 83% |========================================= ]/ 11% |========================================= ]\ 47% |========================================= ]- 60% |========================================= ]\ 84% |========================================== ]- 12% |========================================== ]| 48% |========================================== ]\ 61% |========================================== ]| 85% |========================================== ]\  1% |========================================== ]/ 50% |========================================== ]/ 49% |========================================== ]|  2% |========================================== ]- 86% |=========================================== ]| 38% |=========================================== ]/ 51% |=========================================== ]-  3% |=========================================== ]\ 75% |=========================================== ]/ 52% |=========================================== ]\ 39% |=========================================== ]- 76% |=========================================== ]-  4% |=========================================== ]| 53% |=========================================== ]| 40% |=========================================== ]\  5% |=========================================== ]/ 77% |=========================================== ]\ 41% |=========================================== ]| 54% |=========================================== ]/  6% |=========================================== ]- 78% |=========================================== ]| 42% |=========================================== ]/ 55% |=========================================== ]- 79% |=========================================== ]/ 43% |=========================================== ]- 80% |=========================================== ]-2018-08-13 16:49:46,736 INFO eu.stamp_project.dspot.budget.NoBudgetizer - 9954 new tests generated
2018-08-13 16:49:46,737 WARN eu.stamp_project.dspot.budget.NoBudgetizer - Too many tests have been generated: 9954
2018-08-13 16:49:47,683 INFO eu.stamp_project.dspot.budget.NoBudgetizer - Number of generated test reduced to 200
2018-08-13 16:49:52,419 INFO eu.stamp_project.dspot.assertgenerator.AssertGenerator - Run tests. (200)
2018-08-13 16:49:52,758 ERROR eu.stamp_project.utils.compilation.TestCompiler - Error(s) during compilation:
2018-08-13 16:49:52,758 ERROR eu.stamp_project.utils.compilation.TestCompiler - Pb(130) The constructor Configuration(String) is undefined
2018-08-13 16:49:52,759 ERROR eu.stamp_project.utils.compilation.TestCompiler - Pb(130) The constructor Configuration(String) is undefined
2018-08-13 16:49:52,759 ERROR eu.stamp_project.utils.compilation.TestCompiler - Pb(130) The constructor Configuration(String) is undefined
2018-08-13 16:49:52,759 ERROR eu.stamp_project.utils.compilation.TestCompiler - Pb(130) The constructor Environment(String) is undefined
2018-08-13 16:49:52,759 ERROR eu.stamp_project.utils.compilation.TestCompiler - Pb(130) The constructor Configuration(String) is undefined
2018-08-13 16:49:52,759 ERROR eu.stamp_project.utils.compilation.TestCompiler - Pb(130) The constructor Configuration(String, Collections.emptyMap()) is undefined
2018-08-13 16:49:52,759 ERROR eu.stamp_project.utils.compilation.TestCompiler - Pb(130) The constructor Configuration(String, int, float) is undefined
2018-08-13 16:49:52,759 ERROR eu.stamp_project.utils.compilation.TestCompiler - Pb(130) The constructor Environment(String) is undefined
2018-08-13 16:49:52,759 ERROR eu.stamp_project.utils.compilation.TestCompiler - Pb(130) The constructor Configuration(String) is undefined
2018-08-13 16:49:52,759 ERROR eu.stamp_project.utils.compilation.TestCompiler - Pb(130) The constructor Configuration(String, Collections.emptyMap()) is undefined
2018-08-13 16:49:52,759 ERROR eu.stamp_project.utils.compilation.TestCompiler - Pb(130) The constructor Environment(String) is undefined
2018-08-13 16:49:52,759 ERROR eu.stamp_project.utils.compilation.TestCompiler - Pb(130) The constructor Environment(String) is undefined
2018-08-13 16:49:52,759 ERROR eu.stamp_project.utils.compilation.TestCompiler - Pb(130) The constructor Environment(String) is undefined
2018-08-13 16:49:52,760 ERROR eu.stamp_project.utils.compilation.TestCompiler - Pb(130) The constructor Configuration(String, Collections.emptyMap()) is undefined
2018-08-13 16:49:52,760 ERROR eu.stamp_project.utils.compilation.TestCompiler - Pb(130) The constructor Environment(String) is undefined
2018-08-13 16:49:52,760 ERROR eu.stamp_project.utils.compilation.TestCompiler - Pb(130) The constructor Environment(String) is undefined
2018-08-13 16:49:52,760 ERROR eu.stamp_project.utils.compilation.TestCompiler - Pb(130) The constructor Configuration(String, int) is undefined
2018-08-13 16:49:52,760 ERROR eu.stamp_project.utils.compilation.TestCompiler - Pb(130) The constructor Environment(String) is undefined
2018-08-13 16:49:52,760 ERROR eu.stamp_project.utils.compilation.TestCompiler - Pb(130) The constructor Environment(String) is undefined
2018-08-13 16:49:52,760 ERROR eu.stamp_project.utils.compilation.TestCompiler - Pb(130) The constructor Configuration(String) is undefined
2018-08-13 16:49:53,294 ERROR eu.stamp_project.utils.compilation.TestCompiler - Error(s) during compilation:
2018-08-13 16:49:53,294 ERROR eu.stamp_project.utils.compilation.TestCompiler - Pb(130) The constructor Configuration(String) is undefined
2018-08-13 16:49:53,294 ERROR eu.stamp_project.utils.compilation.TestCompiler - Pb(130) The constructor Configuration(String, Collections.emptyMap()) is undefined
2018-08-13 16:49:53,294 ERROR eu.stamp_project.utils.compilation.TestCompiler - Pb(130) The constructor Configuration(String, Collections.emptyMap()) is undefined
2018-08-13 16:49:53,295 ERROR eu.stamp_project.utils.compilation.TestCompiler - Pb(130) The constructor Configuration(String, Collections.emptyMap()) is undefined
2018-08-13 16:49:53,295 ERROR eu.stamp_project.utils.compilation.TestCompiler - Pb(130) The constructor Configuration(String) is undefined
2018-08-13 16:49:53,295 ERROR eu.stamp_project.utils.compilation.TestCompiler - Pb(130) The constructor Configuration(String, int) is undefined
2018-08-13 16:49:53,295 ERROR eu.stamp_project.utils.compilation.TestCompiler - Pb(130) The constructor Environment(String) is undefined
2018-08-13 16:49:53,295 ERROR eu.stamp_project.utils.compilation.TestCompiler - Pb(130) The constructor Environment(String) is undefined
2018-08-13 16:49:53,295 ERROR eu.stamp_project.utils.compilation.TestCompiler - Pb(130) The constructor Environment(String) is undefined
2018-08-13 16:49:53,295 ERROR eu.stamp_project.utils.compilation.TestCompiler - Pb(130) The constructor Configuration(String, int, float) is undefined
2018-08-13 16:49:53,295 ERROR eu.stamp_project.utils.compilation.TestCompiler - Pb(130) The constructor Environment(String) is undefined
2018-08-13 16:49:53,295 ERROR eu.stamp_project.utils.compilation.TestCompiler - Pb(130) The constructor Environment(String) is undefined
2018-08-13 16:49:53,295 ERROR eu.stamp_project.utils.compilation.TestCompiler - Pb(130) The constructor Environment(String) is undefined
2018-08-13 16:49:53,295 ERROR eu.stamp_project.utils.compilation.TestCompiler - Pb(130) The constructor Environment(String) is undefined
2018-08-13 16:49:53,295 ERROR eu.stamp_project.utils.compilation.TestCompiler - Pb(130) The constructor Configuration(String, int, float) is undefined
2018-08-13 16:49:53,296 ERROR eu.stamp_project.utils.compilation.TestCompiler - Pb(130) The constructor Environment(String) is undefined
2018-08-13 16:49:53,296 ERROR eu.stamp_project.utils.compilation.TestCompiler - Pb(130) The constructor Environment(String) is undefined
2018-08-13 16:49:53,296 ERROR eu.stamp_project.utils.compilation.TestCompiler - Pb(130) The constructor Environment(String) is undefined
2018-08-13 16:49:53,296 ERROR eu.stamp_project.utils.compilation.TestCompiler - Pb(130) The constructor Environment(String) is undefined
2018-08-13 16:49:53,296 ERROR eu.stamp_project.utils.compilation.TestCompiler - Pb(130) The constructor Environment(String) is undefined
2018-08-13 16:49:53,611 WARN eu.stamp_project.dspot.assertgenerator.AssertGenerator - Error when executing tests before Assertion Amplification:
eu.stamp_project.dspot.AmplificationException: Every test methods are uncompilable
	at eu.stamp_project.utils.compilation.TestCompiler.compileAndDiscardUncompilableMethods(TestCompiler.java:125)
	at eu.stamp_project.utils.compilation.TestCompiler.compileAndRun(TestCompiler.java:93)
	at eu.stamp_project.dspot.assertgenerator.AssertGenerator.innerAssertionAmplification(AssertGenerator.java:100)
	at eu.stamp_project.dspot.assertgenerator.AssertGenerator.assertionAmplification(AssertGenerator.java:71)
	at eu.stamp_project.dspot.Amplification.assertionsAmplification(Amplification.java:149)
	at eu.stamp_project.dspot.Amplification.amplification(Amplification.java:134)
	at eu.stamp_project.dspot.Amplification.amplification(Amplification.java:97)
	at eu.stamp_project.dspot.DSpot.amplifyTest(DSpot.java:180)
	at eu.stamp_project.dspot.DSpot.amplifyTest(DSpot.java:170)
	at eu.stamp_project.Main.lambda$run$1(Main.java:69)
	at java.util.stream.ReferencePipeline$3$1.accept(ReferencePipeline.java:193)
	at java.util.Spliterators$ArraySpliterator.forEachRemaining(Spliterators.java:948)
	at java.util.stream.AbstractPipeline.copyInto(AbstractPipeline.java:481)
	at java.util.stream.AbstractPipeline.wrapAndCopyInto(AbstractPipeline.java:471)
	at java.util.stream.ReduceOps$ReduceOp.evaluateSequential(ReduceOps.java:708)
	at java.util.stream.AbstractPipeline.evaluate(AbstractPipeline.java:234)
	at java.util.stream.ReferencePipeline.collect(ReferencePipeline.java:499)
	at eu.stamp_project.Main.run(Main.java:71)
	at eu.stamp_project.Main.main(Main.java:40)
2018-08-13 16:49:53,613 INFO eu.stamp_project.dspot.assertgenerator.AssertGenerator - Could not generate any test with assertions
2018-08-13 16:49:53,613 INFO eu.stamp_project.dspot.Amplification - iteration 2 / 3
2018-08-13 16:49:53,614 INFO eu.stamp_project.dspot.Amplification - 200 tests selected to be amplified over 200 available tests
2018-08-13 16:49:53,614 INFO eu.stamp_project.dspot.budget.NoBudgetizer - Amplification of inputs...
 63% |=========================================== ]- 88% |============================================ ]| 31% |============================================ ]\ 13% |============================================ ]- 32% |============================================ ]| 88% |============================================ ]/ 63% |============================================ ]\ 13% |============================================ ]\ 32% |============================================ ]/ 89% |============================================ ]- 64% |============================================ ]| 14% |============================================ ]| 33% |============================================ ]- 89% |============================================ ]\ 64% |============================================ ]/ 14% |============================================ ]/ 33% |============================================ ]\ 90% |============================================= ]| 65% |============================================= ]- 15% |============================================= ]- 34% |============================================= ]| 90% |============================================= ]/ 65% |============================================= ]\ 15% |============================================= ]\ 34% |============================================= ]/ 91% |============================================= ]- 66% |============================================= ]| 16% |============================================= ]| 91% |============================================= ]\ 35% |============================================= ]- 66% |============================================= ]/ 16% |============================================= ]/ 92% |============================================== ]| 35% |============================================== ]\ 67% |============================================== ]- 17% |============================================== ]- 92% |============================================== ]/ 36% |============================================== ]| 67% |============================================== ]\ 17% |============================================== ]\ 93% |============================================== ]- 36% |============================================== ]/ 68% |============================================== ]| 18% |============================================== ]| 93% |============================================== ]\ 37% |============================================== ]- 68% |============================================== ]/ 18% |============================================== ]/ 94% |=============================================== ]| 37% |=============================================== ]\ 69% |=============================================== ]- 19% |=============================================== ]- 94% |=============================================== ]/ 25% |=============================================== ]\ 69% |=============================================== ]\ 19% |=============================================== ]\ 95% |=============================================== ]- 26% |=============================================== ]| 20% |=============================================== ]| 70% |=============================================== ]| 95% |=============================================== ]\ 26% |=============================================== ]/ 20% |=============================================== ]/ 70% |=============================================== ]/ 96% |================================================ ]| 27% |================================================ ]- 71% |================================================ ]- 21% |================================================ ]- 96% |================================================ ]/ 27% |================================================ ]\ 71% |================================================ ]\ 21% |================================================ ]\ 97% |================================================ ]- 28% |================================================ ]| 72% |================================================ ]| 22% |================================================ ]| 97% |================================================ ]\ 28% |================================================ ]/ 72% |================================================ ]/ 22% |================================================ ]/ 98% |================================================= ]| 29% |================================================= ]- 73% |================================================= ]- 23% |================================================= ]- 98% |================================================= ]/ 29% |================================================= ]\ 73% |================================================= ]\ 23% |================================================= ]\ 99% |================================================= ]- 30% |================================================= ]| 74% |================================================= ]| 24% |================================================= ]| 99% |================================================= ]\ 30% |================================================= ]/ 74% |================================================= ]/ 24% |================================================= ]/100% |================================================== ]|
 31% |=============== ]- 75% |===================================== ]- 25% |===================================== ]- 44% |===================================== ]| 81% |======================================== ]\ 56% |======================================== ]/  6% |======================================== ]/ 44% |======================================== ]/ 82% |========================================= ]| 57% |========================================= ]-  7% |========================================= ]- 45% |========================================= ]- 82% |========================================= ]/ 57% |========================================= ]\  7% |========================================= ]\ 45% |========================================= ]\ 83% |========================================= ]- 58% |========================================= ]|  8% |========================================= ]| 46% |========================================= ]| 83% |========================================= ]\ 58% |========================================= ]/  8% |========================================= ]/ 46% |========================================= ]/ 84% |========================================== ]| 59% |========================================== ]-  9% |========================================== ]- 47% |========================================== ]- 84% |========================================== ]/ 59% |========================================== ]\  9% |========================================== ]\ 47% |========================================== ]\ 85% |========================================== ]- 60% |========================================== ]| 10% |========================================== ]| 48% |========================================== ]| 85% |========================================== ]\ 10% |========================================== ]/ 48% |========================================== ]/ 60% |========================================== ]/ 86% |=========================================== ]| 11% |=========================================== ]- 49% |=========================================== ]- 61% |=========================================== ]- 86% |=========================================== ]/ 11% |=========================================== ]\ 49% |=========================================== ]\ 61% |=========================================== ]\ 87% |=========================================== ]- 12% |=========================================== ]| 50% |=========================================== ]| 62% |=========================================== ]| 87% |=========================================== ]\ 12% |=========================================== ]/ 38% |=========================================== ]| 62% |=========================================== ]/ 75% |=========================================== ]\  0% |=========================================== ]/ 38% |=========================================== ]/ 50% |=========================================== ]/ 76% |=========================================== ]| 39% |=========================================== ]-  1% |=========================================== ]- 51% |=========================================== ]- 76% |=========================================== ]/ 39% |=========================================== ]\  1% |=========================================== ]\ 51% |=========================================== ]\ 77% |=========================================== ]- 40% |=========================================== ]|  2% |=========================================== ]| 52% |=========================================== ]| 77% |=========================================== ]\ 40% |=========================================== ]/  2% |=========================================== ]/ 52% |=========================================== ]/ 78% |=========================================== ]| 41% |=========================================== ]-  3% |=========================================== ]- 53% |=========================================== ]- 78% |=========================================== ]/ 41% |=========================================== ]\  3% |=========================================== ]\ 53% |=========================================== ]\ 79% |=========================================== ]- 42% |=========================================== ]| 54% |=========================================== ]|  4% |=========================================== ]| 79% |=========================================== ]\ 42% |=========================================== ]/ 54% |=========================================== ]/  4% |=========================================== ]/ 80% |=========================================== ]| 43% |=========================================== ]- 55% |=========================================== ]-  5% |=========================================== ]- 80% |=========================================== ]/ 43% |=========================================== ]\ 55% |=========================================== ]\  5% |=========================================== ]\ 81% |=========================================== ]- 56% |=========================================== ]|  6% |=========================================== ]|2018-08-13 16:50:58,869 INFO eu.stamp_project.dspot.budget.NoBudgetizer - 32692 new tests generated
2018-08-13 16:50:58,870 WARN eu.stamp_project.dspot.budget.NoBudgetizer - Too many tests have been generated: 32692
2018-08-13 16:51:04,093 INFO eu.stamp_project.dspot.budget.NoBudgetizer - Number of generated test reduced to 200
2018-08-13 16:51:13,593 INFO eu.stamp_project.dspot.assertgenerator.AssertGenerator - Run tests. (200)
2018-08-13 16:51:13,962 ERROR eu.stamp_project.utils.compilation.TestCompiler - Error(s) during compilation:
2018-08-13 16:51:13,962 ERROR eu.stamp_project.utils.compilation.TestCompiler - Pb(130) The constructor Configuration(String) is undefined
2018-08-13 16:51:13,962 ERROR eu.stamp_project.utils.compilation.TestCompiler - Pb(130) The constructor Configuration(String, int) is undefined
2018-08-13 16:51:13,962 ERROR eu.stamp_project.utils.compilation.TestCompiler - Pb(130) The constructor Configuration(String) is undefined
2018-08-13 16:51:13,962 ERROR eu.stamp_project.utils.compilation.TestCompiler - Pb(130) The constructor Configuration(String) is undefined
2018-08-13 16:51:13,963 ERROR eu.stamp_project.utils.compilation.TestCompiler - Pb(130) The constructor Environment(String) is undefined
2018-08-13 16:51:13,963 ERROR eu.stamp_project.utils.compilation.TestCompiler - Pb(130) The constructor Environment(String) is undefined
2018-08-13 16:51:13,963 ERROR eu.stamp_project.utils.compilation.TestCompiler - Pb(130) The constructor Environment(String) is undefined
2018-08-13 16:51:13,963 ERROR eu.stamp_project.utils.compilation.TestCompiler - Pb(130) The constructor Environment(String) is undefined
2018-08-13 16:51:13,963 ERROR eu.stamp_project.utils.compilation.TestCompiler - Pb(130) The constructor Configuration(String, Collections.emptyMap()) is undefined
2018-08-13 16:51:13,963 ERROR eu.stamp_project.utils.compilation.TestCompiler - Pb(130) The constructor Configuration(String) is undefined
2018-08-13 16:51:13,963 ERROR eu.stamp_project.utils.compilation.TestCompiler - Pb(130) The constructor Configuration(String) is undefined
2018-08-13 16:51:13,963 ERROR eu.stamp_project.utils.compilation.TestCompiler - Pb(130) The constructor Configuration(String) is undefined
2018-08-13 16:51:13,963 ERROR eu.stamp_project.utils.compilation.TestCompiler - Pb(130) The constructor Configuration(String, Collections.emptyMap()) is undefined
2018-08-13 16:51:13,963 ERROR eu.stamp_project.utils.compilation.TestCompiler - Pb(130) The constructor Configuration(String) is undefined
2018-08-13 16:51:13,964 ERROR eu.stamp_project.utils.compilation.TestCompiler - Pb(130) The constructor Configuration(String, Collections.emptyMap()) is undefined
2018-08-13 16:51:13,964 ERROR eu.stamp_project.utils.compilation.TestCompiler - Pb(130) The constructor Configuration(String, int) is undefined
2018-08-13 16:51:13,964 ERROR eu.stamp_project.utils.compilation.TestCompiler - Pb(130) The constructor Configuration(String, Collections.emptyMap()) is undefined
2018-08-13 16:51:13,964 ERROR eu.stamp_project.utils.compilation.TestCompiler - Pb(130) The constructor Configuration(String) is undefined
2018-08-13 16:51:13,964 ERROR eu.stamp_project.utils.compilation.TestCompiler - Pb(130) The constructor Configuration(String) is undefined
2018-08-13 16:51:13,964 ERROR eu.stamp_project.utils.compilation.TestCompiler - Pb(130) The constructor Environment(String) is undefined
2018-08-13 16:51:14,555 ERROR eu.stamp_project.utils.compilation.TestCompiler - Error(s) during compilation:
2018-08-13 16:51:14,555 ERROR eu.stamp_project.utils.compilation.TestCompiler - Pb(130) The constructor Configuration(String) is undefined
2018-08-13 16:51:14,555 ERROR eu.stamp_project.utils.compilation.TestCompiler - Pb(130) The constructor BoundSql(Configuration, String, List<Object>, Object) is undefined
2018-08-13 16:51:14,555 ERROR eu.stamp_project.utils.compilation.TestCompiler - Pb(130) The constructor Configuration(String, Collections.emptyMap()) is undefined
2018-08-13 16:51:14,555 ERROR eu.stamp_project.utils.compilation.TestCompiler - Pb(130) The constructor Configuration(String) is undefined
2018-08-13 16:51:14,556 ERROR eu.stamp_project.utils.compilation.TestCompiler - Pb(130) The constructor Configuration(String, int) is undefined
2018-08-13 16:51:14,556 ERROR eu.stamp_project.utils.compilation.TestCompiler - Pb(130) The constructor Configuration(String) is undefined
2018-08-13 16:51:14,556 ERROR eu.stamp_project.utils.compilation.TestCompiler - Pb(130) The constructor Configuration(String) is undefined
2018-08-13 16:51:14,556 ERROR eu.stamp_project.utils.compilation.TestCompiler - Pb(130) The constructor Configuration(String, int, float) is undefined
2018-08-13 16:51:14,556 ERROR eu.stamp_project.utils.compilation.TestCompiler - Pb(130) The constructor Configuration(String) is undefined
2018-08-13 16:51:14,556 ERROR eu.stamp_project.utils.compilation.TestCompiler - Pb(130) The constructor Configuration(String, int, float) is undefined
2018-08-13 16:51:14,556 ERROR eu.stamp_project.utils.compilation.TestCompiler - Pb(130) The constructor Configuration(String, Collections.emptyMap()) is undefined
2018-08-13 16:51:14,556 ERROR eu.stamp_project.utils.compilation.TestCompiler - Pb(130) The constructor Configuration(String) is undefined
2018-08-13 16:51:14,556 ERROR eu.stamp_project.utils.compilation.TestCompiler - Pb(130) The constructor Configuration(String, int) is undefined
2018-08-13 16:51:14,556 ERROR eu.stamp_project.utils.compilation.TestCompiler - Pb(130) The constructor Configuration(String) is undefined
2018-08-13 16:51:14,556 ERROR eu.stamp_project.utils.compilation.TestCompiler - Pb(130) The constructor Configuration(String) is undefined
2018-08-13 16:51:14,556 ERROR eu.stamp_project.utils.compilation.TestCompiler - Pb(130) The constructor Configuration(String, int, float) is undefined
2018-08-13 16:51:14,556 ERROR eu.stamp_project.utils.compilation.TestCompiler - Pb(130) The constructor Configuration(String, Collections.emptyMap()) is undefined
2018-08-13 16:51:14,556 ERROR eu.stamp_project.utils.compilation.TestCompiler - Pb(130) The constructor Configuration(String, int, float) is undefined
2018-08-13 16:51:14,556 ERROR eu.stamp_project.utils.compilation.TestCompiler - Pb(130) The constructor Configuration(String) is undefined
2018-08-13 16:51:14,556 ERROR eu.stamp_project.utils.compilation.TestCompiler - Pb(130) The constructor Configuration(String) is undefined
2018-08-13 16:51:14,876 WARN eu.stamp_project.dspot.assertgenerator.AssertGenerator - Error when executing tests before Assertion Amplification:
eu.stamp_project.dspot.AmplificationException: Every test methods are uncompilable
	at eu.stamp_project.utils.compilation.TestCompiler.compileAndDiscardUncompilableMethods(TestCompiler.java:125)
	at eu.stamp_project.utils.compilation.TestCompiler.compileAndRun(TestCompiler.java:93)
	at eu.stamp_project.dspot.assertgenerator.AssertGenerator.innerAssertionAmplification(AssertGenerator.java:100)
	at eu.stamp_project.dspot.assertgenerator.AssertGenerator.assertionAmplification(AssertGenerator.java:71)
	at eu.stamp_project.dspot.Amplification.assertionsAmplification(Amplification.java:149)
	at eu.stamp_project.dspot.Amplification.amplification(Amplification.java:134)
	at eu.stamp_project.dspot.Amplification.amplification(Amplification.java:97)
	at eu.stamp_project.dspot.DSpot.amplifyTest(DSpot.java:180)
	at eu.stamp_project.dspot.DSpot.amplifyTest(DSpot.java:170)
	at eu.stamp_project.Main.lambda$run$1(Main.java:69)
	at java.util.stream.ReferencePipeline$3$1.accept(ReferencePipeline.java:193)
	at java.util.Spliterators$ArraySpliterator.forEachRemaining(Spliterators.java:948)
	at java.util.stream.AbstractPipeline.copyInto(AbstractPipeline.java:481)
	at java.util.stream.AbstractPipeline.wrapAndCopyInto(AbstractPipeline.java:471)
	at java.util.stream.ReduceOps$ReduceOp.evaluateSequential(ReduceOps.java:708)
	at java.util.stream.AbstractPipeline.evaluate(AbstractPipeline.java:234)
	at java.util.stream.ReferencePipeline.collect(ReferencePipeline.java:499)
	at eu.stamp_project.Main.run(Main.java:71)
	at eu.stamp_project.Main.main(Main.java:40)
2018-08-13 16:51:14,877 INFO eu.stamp_project.dspot.assertgenerator.AssertGenerator - Could not generate any test with assertions
2018-08-13 16:51:14,877 INFO eu.stamp_project.dspot.Amplification - 0 amplified test methods has been selected to be kept. (global: 0)
2018-08-13 16:51:14,877 INFO eu.stamp_project.dspot.Amplification - Amplification of shouldFailForWrongNamespace, (2/2)
2018-08-13 16:51:14,877 INFO eu.stamp_project.dspot.Amplification - iteration 0 / 3
2018-08-13 16:51:14,877 INFO eu.stamp_project.dspot.Amplification - 1 tests selected to be amplified over 1 available tests
2018-08-13 16:51:14,877 INFO eu.stamp_project.dspot.budget.NoBudgetizer - Amplification of inputs...
100% |================================================== ]/
2018-08-13 16:51:15,529 INFO eu.stamp_project.dspot.budget.NoBudgetizer - 97 new tests generated
2018-08-13 16:51:16,202 INFO eu.stamp_project.dspot.assertgenerator.AssertGenerator - Run tests. (97)
2018-08-13 16:51:16,318 ERROR eu.stamp_project.utils.compilation.TestCompiler - Error(s) during compilation:
2018-08-13 16:51:16,318 ERROR eu.stamp_project.utils.compilation.TestCompiler - Pb(130) The constructor Environment(String) is undefined
2018-08-13 16:51:16,318 ERROR eu.stamp_project.utils.compilation.TestCompiler - Pb(100) The method createSelectAuthorWithIDof99MappedStatement(Configuration) is undefined for the type WrongNamespacesTest
2018-08-13 16:51:16,318 ERROR eu.stamp_project.utils.compilation.TestCompiler - Pb(130) The constructor Configuration(String) is undefined
2018-08-13 16:51:16,318 ERROR eu.stamp_project.utils.compilation.TestCompiler - Pb(130) The constructor BoundSql(Configuration, String, List<Object>, Object) is undefined
2018-08-13 16:51:16,318 ERROR eu.stamp_project.utils.compilation.TestCompiler - Pb(130) The constructor Configuration(String, int, float) is undefined
2018-08-13 16:51:16,318 ERROR eu.stamp_project.utils.compilation.TestCompiler - Pb(100) The method createInsertAuthorWithIDof99MappedStatement(Configuration) is undefined for the type WrongNamespacesTest
2018-08-13 16:51:16,318 ERROR eu.stamp_project.utils.compilation.TestCompiler - Pb(130) The constructor Environment(String) is undefined
2018-08-13 16:51:16,318 ERROR eu.stamp_project.utils.compilation.TestCompiler - Pb(130) The constructor Environment(String) is undefined
2018-08-13 16:51:16,318 ERROR eu.stamp_project.utils.compilation.TestCompiler - Pb(114) Cannot invoke addMapper(Class<WrongNamespaceMapper>) on the primitive type null
2018-08-13 16:51:16,554 INFO eu.stamp_project.testrunner.EntryPoint - Run: java -classpath /tmp/dspot-experiments/dataset/mybatis/target/test-classes:/tmp/dspot-experiments/dataset/mybatis/target/classes/:/home/spirals/danglot/.m2/repository/ognl/ognl/3.2.6/ognl-3.2.6.jar:/home/spirals/danglot/.m2/repository/org/javassist/javassist/3.22.0-GA/javassist-3.22.0-GA.jar:/home/spirals/danglot/.m2/repository/org/slf4j/slf4j-api/1.7.25/slf4j-api-1.7.25.jar:/home/spirals/danglot/.m2/repository/org/slf4j/slf4j-log4j12/1.7.25/slf4j-log4j12-1.7.25.jar:/home/spirals/danglot/.m2/repository/log4j/log4j/1.2.17/log4j-1.2.17.jar:/home/spirals/danglot/.m2/repository/org/apache/logging/log4j/log4j-core/2.11.0/log4j-core-2.11.0.jar:/home/spirals/danglot/.m2/repository/org/apache/logging/log4j/log4j-api/2.11.0/log4j-api-2.11.0.jar:/home/spirals/danglot/.m2/repository/commons-logging/commons-logging/1.2/commons-logging-1.2.jar:/home/spirals/danglot/.m2/repository/cglib/cglib/3.2.6/cglib-3.2.6.jar:/home/spirals/danglot/.m2/repository/org/ow2/asm/asm/6.0/asm-6.0.jar:/home/spirals/danglot/.m2/repository/org/apache/ant/ant/1.9.6/ant-1.9.6.jar:/home/spirals/danglot/.m2/repository/org/apache/ant/ant-launcher/1.9.6/ant-launcher-1.9.6.jar:/home/spirals/danglot/.m2/repository/org/junit/vintage/junit-vintage-engine/5.1.0/junit-vintage-engine-5.1.0.jar:/home/spirals/danglot/.m2/repository/org/apiguardian/apiguardian-api/1.0.0/apiguardian-api-1.0.0.jar:/home/spirals/danglot/.m2/repository/org/junit/platform/junit-platform-engine/1.1.0/junit-platform-engine-1.1.0.jar:/home/spirals/danglot/.m2/repository/org/junit/platform/junit-platform-commons/1.1.0/junit-platform-commons-1.1.0.jar:/home/spirals/danglot/.m2/repository/org/opentest4j/opentest4j/1.0.0/opentest4j-1.0.0.jar:/home/spirals/danglot/.m2/repository/junit/junit/4.12/junit-4.12.jar:/home/spirals/danglot/.m2/repository/org/hamcrest/hamcrest-core/1.3/hamcrest-core-1.3.jar:/home/spirals/danglot/.m2/repository/org/hsqldb/hsqldb/2.4.0/hsqldb-2.4.0.jar:/home/spirals/danglot/.m2/repository/org/apache/derby/derby/10.14.1.0/derby-10.14.1.0.jar:/home/spirals/danglot/.m2/repository/org/mockito/mockito-core/2.16.0/mockito-core-2.16.0.jar:/home/spirals/danglot/.m2/repository/net/bytebuddy/byte-buddy/1.7.9/byte-buddy-1.7.9.jar:/home/spirals/danglot/.m2/repository/net/bytebuddy/byte-buddy-agent/1.7.9/byte-buddy-agent-1.7.9.jar:/home/spirals/danglot/.m2/repository/org/objenesis/objenesis/2.6/objenesis-2.6.jar:/home/spirals/danglot/.m2/repository/org/apache/commons/commons-dbcp2/2.2.0/commons-dbcp2-2.2.0.jar:/home/spirals/danglot/.m2/repository/org/apache/commons/commons-pool2/2.5.0/commons-pool2-2.5.0.jar:/home/spirals/danglot/.m2/repository/javax/transaction/javax.transaction-api/1.3/javax.transaction-api-1.3.jar:/home/spirals/danglot/.m2/repository/org/apache/velocity/velocity/1.7/velocity-1.7.jar:/home/spirals/danglot/.m2/repository/commons-collections/commons-collections/3.2.1/commons-collections-3.2.1.jar:/home/spirals/danglot/.m2/repository/commons-lang/commons-lang/2.4/commons-lang-2.4.jar:/home/spirals/danglot/.m2/repository/org/postgresql/postgresql/42.2.1/postgresql-42.2.1.jar:/home/spirals/danglot/.m2/repository/org/assertj/assertj-core/3.9.1/assertj-core-3.9.1.jar:/home/spirals/danglot/.m2/repository/eu/codearte/catch-exception/catch-exception/1.4.6/catch-exception-1.4.6.jar:/home/spirals/danglot/.m2/repository/ru/yandex/qatools/embed/postgresql-embedded/2.8/postgresql-embedded-2.8.jar:/home/spirals/danglot/.m2/repository/de/flapdoodle/embed/de.flapdoodle.embed.process/2.0.2/de.flapdoodle.embed.process-2.0.2.jar:/home/spirals/danglot/.m2/repository/commons-io/commons-io/2.4/commons-io-2.4.jar:/home/spirals/danglot/.m2/repository/org/apache/commons/commons-lang3/3.1/commons-lang3-3.1.jar:/home/spirals/danglot/.m2/repository/net/java/dev/jna/jna/4.0.0/jna-4.0.0.jar:/home/spirals/danglot/.m2/repository/net/java/dev/jna/jna-platform/4.0.0/jna-platform-4.0.0.jar:/home/spirals/danglot/.m2/repository/org/apache/commons/commons-compress/1.10/commons-compress-1.10.jar:/tmp/dspot-experiments/target/dspot/dependencies:/tmp/dspot/dspot/target/dspot-1.1.1-SNAPSHOT-jar-with-dependencies.jar eu.stamp_project.testrunner.runner.test.TestRunner org.apache.ibatis.binding.WrongNamespacesTest shouldFailForWrongNamespace_add43467:shouldFailForWrongNamespace_remove43468:shouldFailForWrongNamespace_mg43469:shouldFailForWrongNamespace_mg43471:shouldFailForWrongNamespace_mg43473:shouldFailForWrongNamespace_mg43474:shouldFailForWrongNamespace_mg43475:shouldFailForWrongNamespace_mg43476:shouldFailForWrongNamespace_mg43477:shouldFailForWrongNamespace_mg43478:shouldFailForWrongNamespace_mg43479:shouldFailForWrongNamespace_mg43480:shouldFailForWrongNamespace_mg43481:shouldFailForWrongNamespace_mg43482:shouldFailForWrongNamespace_mg43483:shouldFailForWrongNamespace_mg43484:shouldFailForWrongNamespace_mg43485:shouldFailForWrongNamespace_mg43486:shouldFailForWrongNamespace_mg43487:shouldFailForWrongNamespace_mg43488:shouldFailForWrongNamespace_mg43489:shouldFailForWrongNamespace_mg43490:shouldFailForWrongNamespace_mg43491:shouldFailForWrongNamespace_mg43492:shouldFailForWrongNamespace_mg43493:shouldFailForWrongNamespace_mg43494:shouldFailForWrongNamespace_mg43495:shouldFailForWrongNamespace_mg43496:shouldFailForWrongNamespace_mg43497:shouldFailForWrongNamespace_mg43498:shouldFailForWrongNamespace_mg43499:shouldFailForWrongNamespace_mg43500:shouldFailForWrongNamespace_mg43501:shouldFailForWrongNamespace_mg43502:shouldFailForWrongNamespace_mg43503:shouldFailForWrongNamespace_mg43504:shouldFailForWrongNamespace_mg43505:shouldFailForWrongNamespace_mg43506:shouldFailForWrongNamespace_mg43507:shouldFailForWrongNamespace_mg43508:shouldFailForWrongNamespace_mg43509:shouldFailForWrongNamespace_mg43510:shouldFailForWrongNamespace_mg43511:shouldFailForWrongNamespace_mg43512:shouldFailForWrongNamespace_mg43513:shouldFailForWrongNamespace_mg43514:shouldFailForWrongNamespace_mg43515:shouldFailForWrongNamespace_mg43516:shouldFailForWrongNamespace_mg43517:shouldFailForWrongNamespace_mg43518:shouldFailForWrongNamespace_mg43519:shouldFailForWrongNamespace_mg43520:shouldFailForWrongNamespace_mg43521:shouldFailForWrongNamespace_mg43522:shouldFailForWrongNamespace_mg43523:shouldFailForWrongNamespace_mg43524:shouldFailForWrongNamespace_mg43525:shouldFailForWrongNamespace_mg43526:shouldFailForWrongNamespace_mg43527:shouldFailForWrongNamespace_mg43528:shouldFailForWrongNamespace_mg43529:shouldFailForWrongNamespace_mg43530:shouldFailForWrongNamespace_mg43531:shouldFailForWrongNamespace_mg43532:shouldFailForWrongNamespace_mg43533:shouldFailForWrongNamespace_mg43534:shouldFailForWrongNamespace_mg43535:shouldFailForWrongNamespace_mg43536:shouldFailForWrongNamespace_mg43537:shouldFailForWrongNamespace_mg43538:shouldFailForWrongNamespace_mg43539:shouldFailForWrongNamespace_mg43540:shouldFailForWrongNamespace_mg43542:shouldFailForWrongNamespace_mg43543:shouldFailForWrongNamespace_mg43544:shouldFailForWrongNamespace_mg43545:shouldFailForWrongNamespace_mg43546:shouldFailForWrongNamespace_mg43547:shouldFailForWrongNamespace_mg43549:shouldFailForWrongNamespace_mg43550:shouldFailForWrongNamespace_mg43551:shouldFailForWrongNamespace_mg43552:shouldFailForWrongNamespace_mg43553:shouldFailForWrongNamespace_mg43554:shouldFailForWrongNamespace_mg43555:shouldFailForWrongNamespace_mg43556:shouldFailForWrongNamespace_mg43557:shouldFailForWrongNamespace_mg43558:shouldFailForWrongNamespace_mg43559:shouldFailForWrongNamespace_mg43560:shouldFailForWrongNamespacenull43561:shouldFailForWrongNamespacenull43563
File saved to the following path: /tmp/dspot-experiments/dataset/mybatis/target/dspot/TestListener.ser
SLF4J: Class path contains multiple SLF4J bindings.
SLF4J: Found binding in [jar:file:/home/spirals/danglot/.m2/repository/org/slf4j/slf4j-log4j12/1.7.25/slf4j-log4j12-1.7.25.jar!/org/slf4j/impl/StaticLoggerBinder.class]
SLF4J: Found binding in [jar:file:/tmp/dspot/dspot/target/dspot-1.1.1-SNAPSHOT-jar-with-dependencies.jar!/org/slf4j/impl/StaticLoggerBinder.class]
SLF4J: See http://www.slf4j.org/codes.html#multiple_bindings for an explanation.
SLF4J: Actual binding is of type [org.slf4j.impl.Log4jLoggerFactory]
2018-08-13 16:51:17,779 INFO eu.stamp_project.testrunner.EntryPoint - Test has been run: shouldFailForWrongNamespace_mg43469,shouldFailForWrongNamespace_mg43471,shouldFailForWrongNamespace_mg43473,shouldFailForWrongNamespace_mg43474,shouldFailForWrongNamespace_mg43475,shouldFailForWrongNamespace_mg43476,shouldFailForWrongNamespace_mg43477,shouldFailForWrongNamespace_mg43478,shouldFailForWrongNamespace_mg43479,shouldFailForWrongNamespace_mg43480,shouldFailForWrongNamespace_mg43481,shouldFailForWrongNamespace_mg43482,shouldFailForWrongNamespace_mg43483,shouldFailForWrongNamespace_mg43484,shouldFailForWrongNamespace_mg43485,shouldFailForWrongNamespace_mg43486,shouldFailForWrongNamespace_mg43487,shouldFailForWrongNamespace_mg43488,shouldFailForWrongNamespace_mg43489,shouldFailForWrongNamespace_mg43490,shouldFailForWrongNamespace_mg43491,shouldFailForWrongNamespace_mg43492,shouldFailForWrongNamespace_mg43493,shouldFailForWrongNamespace_mg43494,shouldFailForWrongNamespace_mg43495,shouldFailForWrongNamespace_mg43496,shouldFailForWrongNamespace_mg43497,shouldFailForWrongNamespace_mg43498,shouldFailForWrongNamespace_mg43499,shouldFailForWrongNamespace_mg43500,shouldFailForWrongNamespace_mg43501,shouldFailForWrongNamespace_mg43502,shouldFailForWrongNamespace_mg43503,shouldFailForWrongNamespace_mg43504,shouldFailForWrongNamespace_mg43505,shouldFailForWrongNamespace_mg43506,shouldFailForWrongNamespace_mg43507,shouldFailForWrongNamespace_mg43508,shouldFailForWrongNamespace_mg43509,shouldFailForWrongNamespace_mg43510,shouldFailForWrongNamespace_mg43511,shouldFailForWrongNamespace_mg43512,shouldFailForWrongNamespace_mg43513,shouldFailForWrongNamespace_mg43514,shouldFailForWrongNamespace_mg43515,shouldFailForWrongNamespace_mg43516,shouldFailForWrongNamespace_mg43517,shouldFailForWrongNamespace_mg43518,shouldFailForWrongNamespace_mg43519,shouldFailForWrongNamespace_mg43520,shouldFailForWrongNamespace_mg43521,shouldFailForWrongNamespace_mg43522,shouldFailForWrongNamespace_mg43523,shouldFailForWrongNamespace_mg43524,shouldFailForWrongNamespace_mg43525,shouldFailForWrongNamespace_mg43526,shouldFailForWrongNamespace_mg43527,shouldFailForWrongNamespace_mg43528,shouldFailForWrongNamespace_mg43529,shouldFailForWrongNamespace_mg43530,shouldFailForWrongNamespace_mg43531,shouldFailForWrongNamespace_mg43532,shouldFailForWrongNamespace_mg43533,shouldFailForWrongNamespace_mg43534,shouldFailForWrongNamespace_mg43535,shouldFailForWrongNamespace_mg43536,shouldFailForWrongNamespace_mg43537,shouldFailForWrongNamespace_mg43538,shouldFailForWrongNamespace_mg43539,shouldFailForWrongNamespace_mg43540,shouldFailForWrongNamespace_mg43542,shouldFailForWrongNamespace_mg43543,shouldFailForWrongNamespace_mg43544,shouldFailForWrongNamespace_mg43545,shouldFailForWrongNamespace_mg43546,shouldFailForWrongNamespace_mg43547,shouldFailForWrongNamespace_mg43549,shouldFailForWrongNamespace_mg43550,shouldFailForWrongNamespace_mg43551,shouldFailForWrongNamespace_mg43552,shouldFailForWrongNamespace_mg43553,shouldFailForWrongNamespace_mg43554,shouldFailForWrongNamespace_mg43555,shouldFailForWrongNamespace_mg43556,shouldFailForWrongNamespace_mg43557,shouldFailForWrongNamespace_mg43558,shouldFailForWrongNamespace_mg43559,shouldFailForWrongNamespace_mg43560,shouldFailForWrongNamespace_add43467,shouldFailForWrongNamespacenull43561,shouldFailForWrongNamespacenull43563,shouldFailForWrongNamespace_remove43468(org.apache.ibatis.binding.WrongNamespacesTest): Expected exception: java.lang.RuntimeException
2018-08-13 16:51:17,779 INFO eu.stamp_project.dspot.assertgenerator.AssertGenerator - 91 test pass, generating assertion...
2018-08-13 16:51:17,789 INFO eu.stamp_project.dspot.assertgenerator.MethodsAssertGenerator - Add observations points in passing tests.
2018-08-13 16:51:17,789 INFO eu.stamp_project.dspot.assertgenerator.MethodsAssertGenerator - Instrumentation...
  1% | ]/  2% |= ]-  3% |= ]\  4% |== ]|  5% |== ]/  6% |=== ]-  7% |=== ]\  8% |==== ]|  9% |==== ]/ 10% |===== ]- 12% |====== ]\ 13% |====== ]| 14% |======= ]/ 15% |======= ]- 16% |======== ]\ 17% |======== ]| 18% |========= ]/ 19% |========= ]- 20% |========== ]\ 21% |========== ]| 23% |=========== ]/ 24% |============ ]- 25% |============ ]\ 26% |============= ]| 27% |============= ]/ 28% |============== ]- 29% |============== ]\ 30% |=============== ]| 31% |=============== ]/ 32% |================ ]- 34% |================= ]\ 35% |================= ]| 36% |================== ]/ 37% |================== ]- 38% |=================== ]\ 39% |=================== ]| 40% |==================== ]/ 41% |==================== ]- 42% |===================== ]\ 43% |===================== ]| 45% |====================== ]/ 46% |======================= ]- 47% |======================= ]\ 48% |======================== ]| 49% |======================== ]/ 50% |========================= ]- 51% |========================= ]\ 52% |========================== ]| 53% |========================== ]/ 54% |=========================== ]- 56% |============================ ]\ 57% |============================ ]| 58% |============================= ]/ 59% |============================= ]- 60% |============================== ]\ 61% |============================== ]| 62% |=============================== ]/ 63% |=============================== ]- 64% |================================ ]\ 65% |================================ ]| 67% |================================= ]/ 68% |================================== ]- 69% |================================== ]\ 70% |=================================== ]| 71% |=================================== ]/ 72% |==================================== ]- 73% |==================================== ]\ 74% |===================================== ]| 75% |===================================== ]/ 76% |====================================== ]- 78% |======================================= ]\ 79% |======================================= ]| 80% |======================================== ]/ 81% |======================================== ]- 82% |========================================= ]\ 83% |========================================= ]| 84% |========================================== ]/ 85% |========================================== ]- 86% |=========================================== ]\ 87% |=========================================== ]| 89% |============================================ ]/ 90% |============================================= ]- 91% |============================================= ]\ 92% |============================================== ]| 93% |============================================== ]/ 94% |=============================================== ]- 95% |=============================================== ]\ 96% |================================================ ]| 97% |================================================ ]/ 98% |================================================= ]-100% |================================================== ]\
2018-08-13 16:51:17,881 INFO eu.stamp_project.dspot.assertgenerator.MethodsAssertGenerator - Run instrumented tests. (273)
2018-08-13 16:51:18,099 INFO eu.stamp_project.testrunner.EntryPoint - Run: java -classpath /tmp/dspot-experiments/dataset/mybatis/target/test-classes:/tmp/dspot-experiments/dataset/mybatis/target/classes/:/home/spirals/danglot/.m2/repository/ognl/ognl/3.2.6/ognl-3.2.6.jar:/home/spirals/danglot/.m2/repository/org/javassist/javassist/3.22.0-GA/javassist-3.22.0-GA.jar:/home/spirals/danglot/.m2/repository/org/slf4j/slf4j-api/1.7.25/slf4j-api-1.7.25.jar:/home/spirals/danglot/.m2/repository/org/slf4j/slf4j-log4j12/1.7.25/slf4j-log4j12-1.7.25.jar:/home/spirals/danglot/.m2/repository/log4j/log4j/1.2.17/log4j-1.2.17.jar:/home/spirals/danglot/.m2/repository/org/apache/logging/log4j/log4j-core/2.11.0/log4j-core-2.11.0.jar:/home/spirals/danglot/.m2/repository/org/apache/logging/log4j/log4j-api/2.11.0/log4j-api-2.11.0.jar:/home/spirals/danglot/.m2/repository/commons-logging/commons-logging/1.2/commons-logging-1.2.jar:/home/spirals/danglot/.m2/repository/cglib/cglib/3.2.6/cglib-3.2.6.jar:/home/spirals/danglot/.m2/repository/org/ow2/asm/asm/6.0/asm-6.0.jar:/home/spirals/danglot/.m2/repository/org/apache/ant/ant/1.9.6/ant-1.9.6.jar:/home/spirals/danglot/.m2/repository/org/apache/ant/ant-launcher/1.9.6/ant-launcher-1.9.6.jar:/home/spirals/danglot/.m2/repository/org/junit/vintage/junit-vintage-engine/5.1.0/junit-vintage-engine-5.1.0.jar:/home/spirals/danglot/.m2/repository/org/apiguardian/apiguardian-api/1.0.0/apiguardian-api-1.0.0.jar:/home/spirals/danglot/.m2/repository/org/junit/platform/junit-platform-engine/1.1.0/junit-platform-engine-1.1.0.jar:/home/spirals/danglot/.m2/repository/org/junit/platform/junit-platform-commons/1.1.0/junit-platform-commons-1.1.0.jar:/home/spirals/danglot/.m2/repository/org/opentest4j/opentest4j/1.0.0/opentest4j-1.0.0.jar:/home/spirals/danglot/.m2/repository/junit/junit/4.12/junit-4.12.jar:/home/spirals/danglot/.m2/repository/org/hamcrest/hamcrest-core/1.3/hamcrest-core-1.3.jar:/home/spirals/danglot/.m2/repository/org/hsqldb/hsqldb/2.4.0/hsqldb-2.4.0.jar:/home/spirals/danglot/.m2/repository/org/apache/derby/derby/10.14.1.0/derby-10.14.1.0.jar:/home/spirals/danglot/.m2/repository/org/mockito/mockito-core/2.16.0/mockito-core-2.16.0.jar:/home/spirals/danglot/.m2/repository/net/bytebuddy/byte-buddy/1.7.9/byte-buddy-1.7.9.jar:/home/spirals/danglot/.m2/repository/net/bytebuddy/byte-buddy-agent/1.7.9/byte-buddy-agent-1.7.9.jar:/home/spirals/danglot/.m2/repository/org/objenesis/objenesis/2.6/objenesis-2.6.jar:/home/spirals/danglot/.m2/repository/org/apache/commons/commons-dbcp2/2.2.0/commons-dbcp2-2.2.0.jar:/home/spirals/danglot/.m2/repository/org/apache/commons/commons-pool2/2.5.0/commons-pool2-2.5.0.jar:/home/spirals/danglot/.m2/repository/javax/transaction/javax.transaction-api/1.3/javax.transaction-api-1.3.jar:/home/spirals/danglot/.m2/repository/org/apache/velocity/velocity/1.7/velocity-1.7.jar:/home/spirals/danglot/.m2/repository/commons-collections/commons-collections/3.2.1/commons-collections-3.2.1.jar:/home/spirals/danglot/.m2/repository/commons-lang/commons-lang/2.4/commons-lang-2.4.jar:/home/spirals/danglot/.m2/repository/org/postgresql/postgresql/42.2.1/postgresql-42.2.1.jar:/home/spirals/danglot/.m2/repository/org/assertj/assertj-core/3.9.1/assertj-core-3.9.1.jar:/home/spirals/danglot/.m2/repository/eu/codearte/catch-exception/catch-exception/1.4.6/catch-exception-1.4.6.jar:/home/spirals/danglot/.m2/repository/ru/yandex/qatools/embed/postgresql-embedded/2.8/postgresql-embedded-2.8.jar:/home/spirals/danglot/.m2/repository/de/flapdoodle/embed/de.flapdoodle.embed.process/2.0.2/de.flapdoodle.embed.process-2.0.2.jar:/home/spirals/danglot/.m2/repository/commons-io/commons-io/2.4/commons-io-2.4.jar:/home/spirals/danglot/.m2/repository/org/apache/commons/commons-lang3/3.1/commons-lang3-3.1.jar:/home/spirals/danglot/.m2/repository/net/java/dev/jna/jna/4.0.0/jna-4.0.0.jar:/home/spirals/danglot/.m2/repository/net/java/dev/jna/jna-platform/4.0.0/jna-platform-4.0.0.jar:/home/spirals/danglot/.m2/repository/org/apache/commons/commons-compress/1.10/commons-compress-1.10.jar:/tmp/dspot-experiments/target/dspot/dependencies:/tmp/dspot/dspot/target/dspot-1.1.1-SNAPSHOT-jar-with-dependencies.jar eu.stamp_project.testrunner.runner.test.TestRunner org.apache.ibatis.binding.WrongNamespacesTest shouldFailForWrongNamespace_add43467_withlog0:shouldFailForWrongNamespace_mg43469_withlog0:shouldFailForWrongNamespace_mg43471_withlog0:shouldFailForWrongNamespace_mg43473_withlog0:shouldFailForWrongNamespace_mg43474_withlog0:shouldFailForWrongNamespace_mg43475_withlog0:shouldFailForWrongNamespace_mg43476_withlog0:shouldFailForWrongNamespace_mg43477_withlog0:shouldFailForWrongNamespace_mg43478_withlog0:shouldFailForWrongNamespace_mg43479_withlog0:shouldFailForWrongNamespace_mg43480_withlog0:shouldFailForWrongNamespace_mg43481_withlog0:shouldFailForWrongNamespace_mg43482_withlog0:shouldFailForWrongNamespace_mg43483_withlog0:shouldFailForWrongNamespace_mg43484_withlog0:shouldFailForWrongNamespace_mg43485_withlog0:shouldFailForWrongNamespace_mg43486_withlog0:shouldFailForWrongNamespace_mg43487_withlog0:shouldFailForWrongNamespace_mg43488_withlog0:shouldFailForWrongNamespace_mg43489_withlog0:shouldFailForWrongNamespace_mg43490_withlog0:shouldFailForWrongNamespace_mg43491_withlog0:shouldFailForWrongNamespace_mg43492_withlog0:shouldFailForWrongNamespace_mg43493_withlog0:shouldFailForWrongNamespace_mg43494_withlog0:shouldFailForWrongNamespace_mg43495_withlog0:shouldFailForWrongNamespace_mg43496_withlog0:shouldFailForWrongNamespace_mg43497_withlog0:shouldFailForWrongNamespace_mg43498_withlog0:shouldFailForWrongNamespace_mg43499_withlog0:shouldFailForWrongNamespace_mg43500_withlog0:shouldFailForWrongNamespace_mg43501_withlog0:shouldFailForWrongNamespace_mg43502_withlog0:shouldFailForWrongNamespace_mg43503_withlog0:shouldFailForWrongNamespace_mg43504_withlog0:shouldFailForWrongNamespace_mg43505_withlog0:shouldFailForWrongNamespace_mg43506_withlog0:shouldFailForWrongNamespace_mg43507_withlog0:shouldFailForWrongNamespace_mg43508_withlog0:shouldFailForWrongNamespace_mg43509_withlog0:shouldFailForWrongNamespace_mg43510_withlog0:shouldFailForWrongNamespace_mg43511_withlog0:shouldFailForWrongNamespace_mg43512_withlog0:shouldFailForWrongNamespace_mg43513_withlog0:shouldFailForWrongNamespace_mg43514_withlog0:shouldFailForWrongNamespace_mg43515_withlog0:shouldFailForWrongNamespace_mg43516_withlog0:shouldFailForWrongNamespace_mg43517_withlog0:shouldFailForWrongNamespace_mg43518_withlog0:shouldFailForWrongNamespace_mg43519_withlog0:shouldFailForWrongNamespace_mg43520_withlog0:shouldFailForWrongNamespace_mg43521_withlog0:shouldFailForWrongNamespace_mg43522_withlog0:shouldFailForWrongNamespace_mg43523_withlog0:shouldFailForWrongNamespace_mg43524_withlog0:shouldFailForWrongNamespace_mg43525_withlog0:shouldFailForWrongNamespace_mg43526_withlog0:shouldFailForWrongNamespace_mg43527_withlog0:shouldFailForWrongNamespace_mg43528_withlog0:shouldFailForWrongNamespace_mg43529_withlog0:shouldFailForWrongNamespace_mg43530_withlog0:shouldFailForWrongNamespace_mg43531_withlog0:shouldFailForWrongNamespace_mg43532_withlog0:shouldFailForWrongNamespace_mg43533_withlog0:shouldFailForWrongNamespace_mg43534_withlog0:shouldFailForWrongNamespace_mg43535_withlog0:shouldFailForWrongNamespace_mg43536_withlog0:shouldFailForWrongNamespace_mg43537_withlog0:shouldFailForWrongNamespace_mg43538_withlog0:shouldFailForWrongNamespace_mg43539_withlog0:shouldFailForWrongNamespace_mg43540_withlog0:shouldFailForWrongNamespace_mg43542_withlog0:shouldFailForWrongNamespace_mg43543_withlog0:shouldFailForWrongNamespace_mg43544_withlog0:shouldFailForWrongNamespace_mg43545_withlog0:shouldFailForWrongNamespace_mg43546_withlog0:shouldFailForWrongNamespace_mg43547_withlog0:shouldFailForWrongNamespace_mg43549_withlog0:shouldFailForWrongNamespace_mg43550_withlog0:shouldFailForWrongNamespace_mg43551_withlog0:shouldFailForWrongNamespace_mg43552_withlog0:shouldFailForWrongNamespace_mg43553_withlog0:shouldFailForWrongNamespace_mg43554_withlog0:shouldFailForWrongNamespace_mg43555_withlog0:shouldFailForWrongNamespace_mg43556_withlog0:shouldFailForWrongNamespace_mg43557_withlog0:shouldFailForWrongNamespace_mg43558_withlog0:shouldFailForWrongNamespace_mg43559_withlog0:shouldFailForWrongNamespace_mg43560_withlog0:shouldFailForWrongNamespacenull43561_withlog0:shouldFailForWrongNamespacenull43563_withlog0:shouldFailForWrongNamespace_add43467_withlog1:shouldFailForWrongNamespace_mg43469_withlog1:shouldFailForWrongNamespace_mg43471_withlog1:shouldFailForWrongNamespace_mg43473_withlog1:shouldFailForWrongNamespace_mg43474_withlog1:shouldFailForWrongNamespace_mg43475_withlog1:shouldFailForWrongNamespace_mg43476_withlog1:shouldFailForWrongNamespace_mg43477_withlog1:shouldFailForWrongNamespace_mg43478_withlog1:shouldFailForWrongNamespace_mg43479_withlog1:shouldFailForWrongNamespace_mg43480_withlog1:shouldFailForWrongNamespace_mg43481_withlog1:shouldFailForWrongNamespace_mg43482_withlog1:shouldFailForWrongNamespace_mg43483_withlog1:shouldFailForWrongNamespace_mg43484_withlog1:shouldFailForWrongNamespace_mg43485_withlog1:shouldFailForWrongNamespace_mg43486_withlog1:shouldFailForWrongNamespace_mg43487_withlog1:shouldFailForWrongNamespace_mg43488_withlog1:shouldFailForWrongNamespace_mg43489_withlog1:shouldFailForWrongNamespace_mg43490_withlog1:shouldFailForWrongNamespace_mg43491_withlog1:shouldFailForWrongNamespace_mg43492_withlog1:shouldFailForWrongNamespace_mg43493_withlog1:shouldFailForWrongNamespace_mg43494_withlog1:shouldFailForWrongNamespace_mg43495_withlog1:shouldFailForWrongNamespace_mg43496_withlog1:shouldFailForWrongNamespace_mg43497_withlog1:shouldFailForWrongNamespace_mg43498_withlog1:shouldFailForWrongNamespace_mg43499_withlog1:shouldFailForWrongNamespace_mg43500_withlog1:shouldFailForWrongNamespace_mg43501_withlog1:shouldFailForWrongNamespace_mg43502_withlog1:shouldFailForWrongNamespace_mg43503_withlog1:shouldFailForWrongNamespace_mg43504_withlog1:shouldFailForWrongNamespace_mg43505_withlog1:shouldFailForWrongNamespace_mg43506_withlog1:shouldFailForWrongNamespace_mg43507_withlog1:shouldFailForWrongNamespace_mg43508_withlog1:shouldFailForWrongNamespace_mg43509_withlog1:shouldFailForWrongNamespace_mg43510_withlog1:shouldFailForWrongNamespace_mg43511_withlog1:shouldFailForWrongNamespace_mg43512_withlog1:shouldFailForWrongNamespace_mg43513_withlog1:shouldFailForWrongNamespace_mg43514_withlog1:shouldFailForWrongNamespace_mg43515_withlog1:shouldFailForWrongNamespace_mg43516_withlog1:shouldFailForWrongNamespace_mg43517_withlog1:shouldFailForWrongNamespace_mg43518_withlog1:shouldFailForWrongNamespace_mg43519_withlog1:shouldFailForWrongNamespace_mg43520_withlog1:shouldFailForWrongNamespace_mg43521_withlog1:shouldFailForWrongNamespace_mg43522_withlog1:shouldFailForWrongNamespace_mg43523_withlog1:shouldFailForWrongNamespace_mg43524_withlog1:shouldFailForWrongNamespace_mg43525_withlog1:shouldFailForWrongNamespace_mg43526_withlog1:shouldFailForWrongNamespace_mg43527_withlog1:shouldFailForWrongNamespace_mg43528_withlog1:shouldFailForWrongNamespace_mg43529_withlog1:shouldFailForWrongNamespace_mg43530_withlog1:shouldFailForWrongNamespace_mg43531_withlog1:shouldFailForWrongNamespace_mg43532_withlog1:shouldFailForWrongNamespace_mg43533_withlog1:shouldFailForWrongNamespace_mg43534_withlog1:shouldFailForWrongNamespace_mg43535_withlog1:shouldFailForWrongNamespace_mg43536_withlog1:shouldFailForWrongNamespace_mg43537_withlog1:shouldFailForWrongNamespace_mg43538_withlog1:shouldFailForWrongNamespace_mg43539_withlog1:shouldFailForWrongNamespace_mg43540_withlog1:shouldFailForWrongNamespace_mg43542_withlog1:shouldFailForWrongNamespace_mg43543_withlog1:shouldFailForWrongNamespace_mg43544_withlog1:shouldFailForWrongNamespace_mg43545_withlog1:shouldFailForWrongNamespace_mg43546_withlog1:shouldFailForWrongNamespace_mg43547_withlog1:shouldFailForWrongNamespace_mg43549_withlog1:shouldFailForWrongNamespace_mg43550_withlog1:shouldFailForWrongNamespace_mg43551_withlog1:shouldFailForWrongNamespace_mg43552_withlog1:shouldFailForWrongNamespace_mg43553_withlog1:shouldFailForWrongNamespace_mg43554_withlog1:shouldFailForWrongNamespace_mg43555_withlog1:shouldFailForWrongNamespace_mg43556_withlog1:shouldFailForWrongNamespace_mg43557_withlog1:shouldFailForWrongNamespace_mg43558_withlog1:shouldFailForWrongNamespace_mg43559_withlog1:shouldFailForWrongNamespace_mg43560_withlog1:shouldFailForWrongNamespacenull43561_withlog1:shouldFailForWrongNamespacenull43563_withlog1:shouldFailForWrongNamespace_add43467_withlog2:shouldFailForWrongNamespace_mg43469_withlog2:shouldFailForWrongNamespace_mg43471_withlog2:shouldFailForWrongNamespace_mg43473_withlog2:shouldFailForWrongNamespace_mg43474_withlog2:shouldFailForWrongNamespace_mg43475_withlog2:shouldFailForWrongNamespace_mg43476_withlog2:shouldFailForWrongNamespace_mg43477_withlog2:shouldFailForWrongNamespace_mg43478_withlog2:shouldFailForWrongNamespace_mg43479_withlog2:shouldFailForWrongNamespace_mg43480_withlog2:shouldFailForWrongNamespace_mg43481_withlog2:shouldFailForWrongNamespace_mg43482_withlog2:shouldFailForWrongNamespace_mg43483_withlog2:shouldFailForWrongNamespace_mg43484_withlog2:shouldFailForWrongNamespace_mg43485_withlog2:shouldFailForWrongNamespace_mg43486_withlog2:shouldFailForWrongNamespace_mg43487_withlog2:shouldFailForWrongNamespace_mg43488_withlog2:shouldFailForWrongNamespace_mg43489_withlog2:shouldFailForWrongNamespace_mg43490_withlog2:shouldFailForWrongNamespace_mg43491_withlog2:shouldFailForWrongNamespace_mg43492_withlog2:shouldFailForWrongNamespace_mg43493_withlog2:shouldFailForWrongNamespace_mg43494_withlog2:shouldFailForWrongNamespace_mg43495_withlog2:shouldFailForWrongNamespace_mg43496_withlog2:shouldFailForWrongNamespace_mg43497_withlog2:shouldFailForWrongNamespace_mg43498_withlog2:shouldFailForWrongNamespace_mg43499_withlog2:shouldFailForWrongNamespace_mg43500_withlog2:shouldFailForWrongNamespace_mg43501_withlog2:shouldFailForWrongNamespace_mg43502_withlog2:shouldFailForWrongNamespace_mg43503_withlog2:shouldFailForWrongNamespace_mg43504_withlog2:shouldFailForWrongNamespace_mg43505_withlog2:shouldFailForWrongNamespace_mg43506_withlog2:shouldFailForWrongNamespace_mg43507_withlog2:shouldFailForWrongNamespace_mg43508_withlog2:shouldFailForWrongNamespace_mg43509_withlog2:shouldFailForWrongNamespace_mg43510_withlog2:shouldFailForWrongNamespace_mg43511_withlog2:shouldFailForWrongNamespace_mg43512_withlog2:shouldFailForWrongNamespace_mg43513_withlog2:shouldFailForWrongNamespace_mg43514_withlog2:shouldFailForWrongNamespace_mg43515_withlog2:shouldFailForWrongNamespace_mg43516_withlog2:shouldFailForWrongNamespace_mg43517_withlog2:shouldFailForWrongNamespace_mg43518_withlog2:shouldFailForWrongNamespace_mg43519_withlog2:shouldFailForWrongNamespace_mg43520_withlog2:shouldFailForWrongNamespace_mg43521_withlog2:shouldFailForWrongNamespace_mg43522_withlog2:shouldFailForWrongNamespace_mg43523_withlog2:shouldFailForWrongNamespace_mg43524_withlog2:shouldFailForWrongNamespace_mg43525_withlog2:shouldFailForWrongNamespace_mg43526_withlog2:shouldFailForWrongNamespace_mg43527_withlog2:shouldFailForWrongNamespace_mg43528_withlog2:shouldFailForWrongNamespace_mg43529_withlog2:shouldFailForWrongNamespace_mg43530_withlog2:shouldFailForWrongNamespace_mg43531_withlog2:shouldFailForWrongNamespace_mg43532_withlog2:shouldFailForWrongNamespace_mg43533_withlog2:shouldFailForWrongNamespace_mg43534_withlog2:shouldFailForWrongNamespace_mg43535_withlog2:shouldFailForWrongNamespace_mg43536_withlog2:shouldFailForWrongNamespace_mg43537_withlog2:shouldFailForWrongNamespace_mg43538_withlog2:shouldFailForWrongNamespace_mg43539_withlog2:shouldFailForWrongNamespace_mg43540_withlog2:shouldFailForWrongNamespace_mg43542_withlog2:shouldFailForWrongNamespace_mg43543_withlog2:shouldFailForWrongNamespace_mg43544_withlog2:shouldFailForWrongNamespace_mg43545_withlog2:shouldFailForWrongNamespace_mg43546_withlog2:shouldFailForWrongNamespace_mg43547_withlog2:shouldFailForWrongNamespace_mg43549_withlog2:shouldFailForWrongNamespace_mg43550_withlog2:shouldFailForWrongNamespace_mg43551_withlog2:shouldFailForWrongNamespace_mg43552_withlog2:shouldFailForWrongNamespace_mg43553_withlog2:shouldFailForWrongNamespace_mg43554_withlog2:shouldFailForWrongNamespace_mg43555_withlog2:shouldFailForWrongNamespace_mg43556_withlog2:shouldFailForWrongNamespace_mg43557_withlog2:shouldFailForWrongNamespace_mg43558_withlog2:shouldFailForWrongNamespace_mg43559_withlog2:shouldFailForWrongNamespace_mg43560_withlog2:shouldFailForWrongNamespacenull43561_withlog2:shouldFailForWrongNamespacenull43563_withlog2
File saved to the following path: /tmp/dspot-experiments/dataset/mybatis/target/dspot/observations.ser
File saved to the following path: /tmp/dspot-experiments/dataset/mybatis/target/dspot/TestListener.ser
SLF4J: Class path contains multiple SLF4J bindings.
SLF4J: Found binding in [jar:file:/home/spirals/danglot/.m2/repository/org/slf4j/slf4j-log4j12/1.7.25/slf4j-log4j12-1.7.25.jar!/org/slf4j/impl/StaticLoggerBinder.class]
SLF4J: Found binding in [jar:file:/tmp/dspot/dspot/target/dspot-1.1.1-SNAPSHOT-jar-with-dependencies.jar!/org/slf4j/impl/StaticLoggerBinder.class]
SLF4J: See http://www.slf4j.org/codes.html#multiple_bindings for an explanation.
SLF4J: Actual binding is of type [org.slf4j.impl.Log4jLoggerFactory]
2018-08-13 16:51:20,619 INFO eu.stamp_project.testrunner.EntryPoint - Test has been run: shouldFailForWrongNamespace_mg43560_withlog0,shouldFailForWrongNamespace_mg43560_withlog1,shouldFailForWrongNamespace_mg43560_withlog2,shouldFailForWrongNamespace_mg43512_withlog0,shouldFailForWrongNamespace_mg43512_withlog1,shouldFailForWrongNamespace_mg43512_withlog2,shouldFailForWrongNamespace_mg43559_withlog0,shouldFailForWrongNamespace_mg43559_withlog1,shouldFailForWrongNamespace_mg43559_withlog2,shouldFailForWrongNamespace_mg43535_withlog0,shouldFailForWrongNamespace_mg43535_withlog1,shouldFailForWrongNamespace_mg43535_withlog2,shouldFailForWrongNamespace_mg43482_withlog0,shouldFailForWrongNamespace_mg43482_withlog1,shouldFailForWrongNamespace_mg43482_withlog2,shouldFailForWrongNamespace_mg43511_withlog0,shouldFailForWrongNamespace_mg43511_withlog1,shouldFailForWrongNamespace_mg43511_withlog2,shouldFailForWrongNamespace_mg43558_withlog0,shouldFailForWrongNamespace_mg43558_withlog1,shouldFailForWrongNamespace_mg43558_withlog2,shouldFailForWrongNamespace_mg43534_withlog0,shouldFailForWrongNamespace_mg43534_withlog1,shouldFailForWrongNamespace_mg43534_withlog2,shouldFailForWrongNamespace_mg43481_withlog0,shouldFailForWrongNamespace_mg43481_withlog1,shouldFailForWrongNamespace_mg43481_withlog2,shouldFailForWrongNamespace_mg43510_withlog0,shouldFailForWrongNamespace_mg43510_withlog1,shouldFailForWrongNamespace_mg43510_withlog2,shouldFailForWrongNamespace_mg43557_withlog0,shouldFailForWrongNamespace_mg43557_withlog1,shouldFailForWrongNamespace_mg43557_withlog2,shouldFailForWrongNamespace_mg43509_withlog0,shouldFailForWrongNamespace_mg43509_withlog1,shouldFailForWrongNamespace_mg43509_withlog2,shouldFailForWrongNamespace_mg43533_withlog0,shouldFailForWrongNamespace_mg43533_withlog1,shouldFailForWrongNamespace_mg43533_withlog2,shouldFailForWrongNamespace_mg43480_withlog0,shouldFailForWrongNamespace_mg43480_withlog1,shouldFailForWrongNamespace_mg43480_withlog2,shouldFailForWrongNamespace_mg43479_withlog0,shouldFailForWrongNamespace_mg43479_withlog1,shouldFailForWrongNamespace_mg43479_withlog2,shouldFailForWrongNamespace_mg43556_withlog0,shouldFailForWrongNamespace_mg43556_withlog1,shouldFailForWrongNamespace_mg43556_withlog2,shouldFailForWrongNamespace_mg43508_withlog0,shouldFailForWrongNamespace_mg43508_withlog1,shouldFailForWrongNamespace_mg43508_withlog2,shouldFailForWrongNamespace_mg43532_withlog0,shouldFailForWrongNamespace_mg43532_withlog1,shouldFailForWrongNamespace_mg43532_withlog2,shouldFailForWrongNamespace_mg43478_withlog0,shouldFailForWrongNamespace_mg43478_withlog1,shouldFailForWrongNamespace_mg43478_withlog2,shouldFailForWrongNamespace_mg43555_withlog0,shouldFailForWrongNamespace_mg43555_withlog1,shouldFailForWrongNamespace_mg43555_withlog2,shouldFailForWrongNamespace_mg43507_withlog0,shouldFailForWrongNamespace_mg43507_withlog1,shouldFailForWrongNamespace_mg43507_withlog2,shouldFailForWrongNamespace_mg43531_withlog0,shouldFailForWrongNamespace_mg43531_withlog1,shouldFailForWrongNamespace_mg43531_withlog2,shouldFailForWrongNamespace_mg43477_withlog0,shouldFailForWrongNamespace_mg43477_withlog1,shouldFailForWrongNamespace_mg43477_withlog2,shouldFailForWrongNamespacenull43563_withlog0,shouldFailForWrongNamespacenull43563_withlog1,shouldFailForWrongNamespacenull43563_withlog2,shouldFailForWrongNamespace_mg43554_withlog0,shouldFailForWrongNamespace_mg43554_withlog1,shouldFailForWrongNamespace_mg43554_withlog2,shouldFailForWrongNamespace_mg43506_withlog0,shouldFailForWrongNamespace_mg43506_withlog1,shouldFailForWrongNamespace_mg43506_withlog2,shouldFailForWrongNamespace_mg43530_withlog0,shouldFailForWrongNamespace_mg43530_withlog1,shouldFailForWrongNamespace_mg43530_withlog2,shouldFailForWrongNamespace_mg43529_withlog0,shouldFailForWrongNamespace_mg43529_withlog1,shouldFailForWrongNamespace_mg43529_withlog2,shouldFailForWrongNamespace_mg43476_withlog0,shouldFailForWrongNamespace_mg43476_withlog1,shouldFailForWrongNamespace_mg43476_withlog2,shouldFailForWrongNamespace_mg43553_withlog0,shouldFailForWrongNamespace_mg43553_withlog1,shouldFailForWrongNamespace_mg43553_withlog2,shouldFailForWrongNamespace_mg43505_withlog0,shouldFailForWrongNamespace_mg43505_withlog1,shouldFailForWrongNamespace_mg43505_withlog2,shouldFailForWrongNamespace_mg43499_withlog0,shouldFailForWrongNamespace_mg43499_withlog1,shouldFailForWrongNamespace_mg43499_withlog2,shouldFailForWrongNamespace_mg43528_withlog0,shouldFailForWrongNamespace_mg43528_withlog1,shouldFailForWrongNamespace_mg43528_withlog2,shouldFailForWrongNamespace_mg43475_withlog0,shouldFailForWrongNamespace_mg43475_withlog1,shouldFailForWrongNamespace_mg43475_withlog2,shouldFailForWrongNamespacenull43561_withlog0,shouldFailForWrongNamespacenull43561_withlog1,shouldFailForWrongNamespacenull43561_withlog2,shouldFailForWrongNamespace_mg43552_withlog0,shouldFailForWrongNamespace_mg43552_withlog1,shouldFailForWrongNamespace_mg43552_withlog2,shouldFailForWrongNamespace_mg43504_withlog0,shouldFailForWrongNamespace_mg43504_withlog1,shouldFailForWrongNamespace_mg43504_withlog2,shouldFailForWrongNamespace_add43467_withlog0,shouldFailForWrongNamespace_add43467_withlog1,shouldFailForWrongNamespace_add43467_withlog2,shouldFailForWrongNamespace_mg43498_withlog0,shouldFailForWrongNamespace_mg43498_withlog1,shouldFailForWrongNamespace_mg43498_withlog2,shouldFailForWrongNamespace_mg43527_withlog0,shouldFailForWrongNamespace_mg43527_withlog1,shouldFailForWrongNamespace_mg43527_withlog2,shouldFailForWrongNamespace_mg43474_withlog0,shouldFailForWrongNamespace_mg43474_withlog1,shouldFailForWrongNamespace_mg43474_withlog2,shouldFailForWrongNamespace_mg43551_withlog0,shouldFailForWrongNamespace_mg43551_withlog1,shouldFailForWrongNamespace_mg43551_withlog2,shouldFailForWrongNamespace_mg43503_withlog0,shouldFailForWrongNamespace_mg43503_withlog1,shouldFailForWrongNamespace_mg43503_withlog2,shouldFailForWrongNamespace_mg43497_withlog0,shouldFailForWrongNamespace_mg43497_withlog1,shouldFailForWrongNamespace_mg43497_withlog2,shouldFailForWrongNamespace_mg43526_withlog0,shouldFailForWrongNamespace_mg43526_withlog1,shouldFailForWrongNamespace_mg43526_withlog2,shouldFailForWrongNamespace_mg43473_withlog0,shouldFailForWrongNamespace_mg43473_withlog1,shouldFailForWrongNamespace_mg43473_withlog2,shouldFailForWrongNamespace_mg43550_withlog0,shouldFailForWrongNamespace_mg43550_withlog1,shouldFailForWrongNamespace_mg43550_withlog2,shouldFailForWrongNamespace_mg43502_withlog0,shouldFailForWrongNamespace_mg43502_withlog1,shouldFailForWrongNamespace_mg43502_withlog2,shouldFailForWrongNamespace_mg43549_withlog0,shouldFailForWrongNamespace_mg43549_withlog1,shouldFailForWrongNamespace_mg43549_withlog2,shouldFailForWrongNamespace_mg43496_withlog0,shouldFailForWrongNamespace_mg43496_withlog1,shouldFailForWrongNamespace_mg43496_withlog2,shouldFailForWrongNamespace_mg43525_withlog0,shouldFailForWrongNamespace_mg43525_withlog1,shouldFailForWrongNamespace_mg43525_withlog2,shouldFailForWrongNamespace_mg43501_withlog0,shouldFailForWrongNamespace_mg43501_withlog1,shouldFailForWrongNamespace_mg43501_withlog2,shouldFailForWrongNamespace_mg43495_withlog0,shouldFailForWrongNamespace_mg43495_withlog1,shouldFailForWrongNamespace_mg43495_withlog2,shouldFailForWrongNamespace_mg43524_withlog0,shouldFailForWrongNamespace_mg43524_withlog1,shouldFailForWrongNamespace_mg43524_withlog2,shouldFailForWrongNamespace_mg43471_withlog0,shouldFailForWrongNamespace_mg43471_withlog1,shouldFailForWrongNamespace_mg43471_withlog2,shouldFailForWrongNamespace_mg43500_withlog0,shouldFailForWrongNamespace_mg43500_withlog1,shouldFailForWrongNamespace_mg43500_withlog2,shouldFailForWrongNamespace_mg43547_withlog0,shouldFailForWrongNamespace_mg43547_withlog1,shouldFailForWrongNamespace_mg43547_withlog2,shouldFailForWrongNamespace_mg43494_withlog0,shouldFailForWrongNamespace_mg43494_withlog1,shouldFailForWrongNamespace_mg43494_withlog2,shouldFailForWrongNamespace_mg43523_withlog0,shouldFailForWrongNamespace_mg43523_withlog1,shouldFailForWrongNamespace_mg43523_withlog2,shouldFailForWrongNamespace_mg43469_withlog0,shouldFailForWrongNamespace_mg43469_withlog1,shouldFailForWrongNamespace_mg43469_withlog2,shouldFailForWrongNamespace_mg43546_withlog0,shouldFailForWrongNamespace_mg43546_withlog1,shouldFailForWrongNamespace_mg43546_withlog2,shouldFailForWrongNamespace_mg43493_withlog0,shouldFailForWrongNamespace_mg43493_withlog1,shouldFailForWrongNamespace_mg43493_withlog2,shouldFailForWrongNamespace_mg43522_withlog0,shouldFailForWrongNamespace_mg43522_withlog1,shouldFailForWrongNamespace_mg43522_withlog2,shouldFailForWrongNamespace_mg43545_withlog0,shouldFailForWrongNamespace_mg43545_withlog1,shouldFailForWrongNamespace_mg43545_withlog2,shouldFailForWrongNamespace_mg43492_withlog0,shouldFailForWrongNamespace_mg43492_withlog1,shouldFailForWrongNamespace_mg43492_withlog2,shouldFailForWrongNamespace_mg43521_withlog0,shouldFailForWrongNamespace_mg43521_withlog1,shouldFailForWrongNamespace_mg43521_withlog2,shouldFailForWrongNamespace_mg43544_withlog0,shouldFailForWrongNamespace_mg43544_withlog1,shouldFailForWrongNamespace_mg43544_withlog2,shouldFailForWrongNamespace_mg43491_withlog0,shouldFailForWrongNamespace_mg43491_withlog1,shouldFailForWrongNamespace_mg43491_withlog2,shouldFailForWrongNamespace_mg43520_withlog0,shouldFailForWrongNamespace_mg43520_withlog1,shouldFailForWrongNamespace_mg43520_withlog2,shouldFailForWrongNamespace_mg43519_withlog0,shouldFailForWrongNamespace_mg43519_withlog1,shouldFailForWrongNamespace_mg43519_withlog2,shouldFailForWrongNamespace_mg43543_withlog0,shouldFailForWrongNamespace_mg43543_withlog1,shouldFailForWrongNamespace_mg43543_withlog2,shouldFailForWrongNamespace_mg43490_withlog0,shouldFailForWrongNamespace_mg43490_withlog1,shouldFailForWrongNamespace_mg43490_withlog2,shouldFailForWrongNamespace_mg43489_withlog0,shouldFailForWrongNamespace_mg43489_withlog1,shouldFailForWrongNamespace_mg43489_withlog2,shouldFailForWrongNamespace_mg43518_withlog0,shouldFailForWrongNamespace_mg43518_withlog1,shouldFailForWrongNamespace_mg43518_withlog2,shouldFailForWrongNamespace_mg43542_withlog0,shouldFailForWrongNamespace_mg43542_withlog1,shouldFailForWrongNamespace_mg43542_withlog2,shouldFailForWrongNamespace_mg43488_withlog0,shouldFailForWrongNamespace_mg43488_withlog1,shouldFailForWrongNamespace_mg43488_withlog2,shouldFailForWrongNamespace_mg43517_withlog0,shouldFailForWrongNamespace_mg43517_withlog1,shouldFailForWrongNamespace_mg43517_withlog2,shouldFailForWrongNamespace_mg43487_withlog0,shouldFailForWrongNamespace_mg43487_withlog1,shouldFailForWrongNamespace_mg43487_withlog2,shouldFailForWrongNamespace_mg43516_withlog0,shouldFailForWrongNamespace_mg43516_withlog1,shouldFailForWrongNamespace_mg43516_withlog2,shouldFailForWrongNamespace_mg43540_withlog0,shouldFailForWrongNamespace_mg43540_withlog1,shouldFailForWrongNamespace_mg43540_withlog2,shouldFailForWrongNamespace_mg43539_withlog0,shouldFailForWrongNamespace_mg43539_withlog1,shouldFailForWrongNamespace_mg43539_withlog2,shouldFailForWrongNamespace_mg43486_withlog0,shouldFailForWrongNamespace_mg43486_withlog1,shouldFailForWrongNamespace_mg43486_withlog2,shouldFailForWrongNamespace_mg43515_withlog0,shouldFailForWrongNamespace_mg43515_withlog1,shouldFailForWrongNamespace_mg43515_withlog2,shouldFailForWrongNamespace_mg43538_withlog0,shouldFailForWrongNamespace_mg43538_withlog1,shouldFailForWrongNamespace_mg43538_withlog2,shouldFailForWrongNamespace_mg43485_withlog0,shouldFailForWrongNamespace_mg43485_withlog1,shouldFailForWrongNamespace_mg43485_withlog2,shouldFailForWrongNamespace_mg43514_withlog0,shouldFailForWrongNamespace_mg43514_withlog1,shouldFailForWrongNamespace_mg43514_withlog2,shouldFailForWrongNamespace_mg43537_withlog0,shouldFailForWrongNamespace_mg43537_withlog1,shouldFailForWrongNamespace_mg43537_withlog2,shouldFailForWrongNamespace_mg43484_withlog0,shouldFailForWrongNamespace_mg43484_withlog1,shouldFailForWrongNamespace_mg43484_withlog2,shouldFailForWrongNamespace_mg43513_withlog0,shouldFailForWrongNamespace_mg43513_withlog1,shouldFailForWrongNamespace_mg43513_withlog2,shouldFailForWrongNamespace_mg43536_withlog0,shouldFailForWrongNamespace_mg43536_withlog1,shouldFailForWrongNamespace_mg43536_withlog2,shouldFailForWrongNamespace_mg43483_withlog0,shouldFailForWrongNamespace_mg43483_withlog1,shouldFailForWrongNamespace_mg43483_withlog2
2018-08-13 16:51:20,620 INFO eu.stamp_project.dspot.assertgenerator.MethodsAssertGenerator - Generating assertions...
2018-08-13 16:51:20,640 INFO eu.stamp_project.dspot.assertgenerator.AssertGenerator - 1 test fail, generating try/catch/fail blocks...
2018-08-13 16:51:20,641 INFO eu.stamp_project.dspot.assertgenerator.AssertGenerator - Could not generate any test with assertions
2018-08-13 16:51:20,641 INFO eu.stamp_project.dspot.Amplification - iteration 1 / 3
2018-08-13 16:51:20,641 INFO eu.stamp_project.dspot.Amplification - 97 tests selected to be amplified over 97 available tests
2018-08-13 16:51:20,641 INFO eu.stamp_project.dspot.budget.NoBudgetizer - Amplification of inputs...
 62% |=============================== ]/ 87% |=========================================== ]/ 31% |=========================================== ]\ 56% |=========================================== ]\ 32% |============================================ ]| 88% |============================================ ]- 57% |============================================ ]| 63% |============================================ ]- 89% |============================================ ]\ 34% |============================================ ]/ 58% |============================================ ]/ 64% |============================================ ]\ 90% |============================================= ]| 35% |============================================= ]- 59% |============================================= ]- 65% |============================================= ]| 91% |============================================= ]/ 36% |============================================= ]\ 60% |============================================= ]\ 67% |============================================= ]/ 92% |============================================== ]- 37% |============================================== ]| 68% |============================================== ]- 61% |============================================== ]| 93% |============================================== ]\ 25% |============================================== ]/ 69% |============================================== ]\ 50% |============================================== ]/ 94% |=============================================== ]| 26% |=============================================== ]- 70% |=============================================== ]| 51% |=============================================== ]- 95% |=============================================== ]/ 27% |=============================================== ]\ 71% |=============================================== ]/ 52% |=============================================== ]\ 96% |================================================ ]- 28% |================================================ ]| 72% |================================================ ]- 53% |================================================ ]| 97% |================================================ ]\ 29% |================================================ ]/ 73% |================================================ ]\ 54% |================================================ ]/ 98% |================================================= ]| 30% |================================================= ]- 74% |================================================= ]| 55% |================================================= ]-100% |================================================== ]/
 44% |====================== ]\ 13% |====================== ]/ 38% |====================== ]/ 45% |====================== ]| 81% |======================================== ]\ 14% |======================================== ]- 39% |======================================== ]- 46% |======================================== ]/ 82% |========================================= ]| 15% |========================================= ]\ 40% |========================================= ]\ 47% |========================================= ]- 83% |========================================= ]/ 16% |========================================= ]| 41% |========================================= ]| 48% |========================================= ]\ 84% |========================================== ]- 17% |========================================== ]/ 42% |========================================== ]/ 49% |========================================== ]| 85% |========================================== ]\ 18% |========================================== ]- 43% |========================================== ]- 75% |========================================== ]/ 86% |=========================================== ]| 19% |=========================================== ]\  7% |=========================================== ]\ 76% |=========================================== ]-  1% |=========================================== ]/ 20% |=========================================== ]|  8% |=========================================== ]|  2% |=========================================== ]- 77% |=========================================== ]\ 21% |=========================================== ]/  9% |=========================================== ]/  3% |=========================================== ]\ 78% |=========================================== ]| 22% |=========================================== ]- 10% |=========================================== ]-  4% |=========================================== ]| 79% |=========================================== ]/ 23% |=========================================== ]\ 11% |=========================================== ]\  5% |=========================================== ]/ 80% |=========================================== ]- 24% |=========================================== ]| 12% |=========================================== ]|  6% |=========================================== ]-2018-08-13 16:51:50,462 INFO eu.stamp_project.dspot.budget.NoBudgetizer - 9961 new tests generated
2018-08-13 16:51:50,462 WARN eu.stamp_project.dspot.budget.NoBudgetizer - Too many tests have been generated: 9961
2018-08-13 16:51:51,255 INFO eu.stamp_project.dspot.budget.NoBudgetizer - Number of generated test reduced to 200
2018-08-13 16:51:54,781 INFO eu.stamp_project.dspot.assertgenerator.AssertGenerator - Run tests. (200)
2018-08-13 16:51:55,025 ERROR eu.stamp_project.utils.compilation.TestCompiler - Error(s) during compilation:
2018-08-13 16:51:55,025 ERROR eu.stamp_project.utils.compilation.TestCompiler - Pb(130) The constructor Configuration(String, int) is undefined
2018-08-13 16:51:55,025 ERROR eu.stamp_project.utils.compilation.TestCompiler - Pb(130) The constructor Configuration(String, Collections.emptyMap()) is undefined
2018-08-13 16:51:55,025 ERROR eu.stamp_project.utils.compilation.TestCompiler - Pb(130) The constructor Configuration(String, int) is undefined
2018-08-13 16:51:55,025 ERROR eu.stamp_project.utils.compilation.TestCompiler - Pb(130) The constructor Configuration(String) is undefined
2018-08-13 16:51:55,025 ERROR eu.stamp_project.utils.compilation.TestCompiler - Pb(130) The constructor Configuration(String, int, float) is undefined
2018-08-13 16:51:55,025 ERROR eu.stamp_project.utils.compilation.TestCompiler - Pb(130) The constructor Configuration(String, int, float) is undefined
2018-08-13 16:51:55,025 ERROR eu.stamp_project.utils.compilation.TestCompiler - Pb(130) The constructor Configuration(String, int) is undefined
2018-08-13 16:51:55,025 ERROR eu.stamp_project.utils.compilation.TestCompiler - Pb(130) The constructor Configuration(String, int, float) is undefined
2018-08-13 16:51:55,025 ERROR eu.stamp_project.utils.compilation.TestCompiler - Pb(130) The constructor Configuration(String, Collections.emptyMap()) is undefined
2018-08-13 16:51:55,025 ERROR eu.stamp_project.utils.compilation.TestCompiler - Pb(130) The constructor Configuration(String, int, float) is undefined
2018-08-13 16:51:55,025 ERROR eu.stamp_project.utils.compilation.TestCompiler - Pb(130) The constructor Configuration(String, int, float) is undefined
2018-08-13 16:51:55,025 ERROR eu.stamp_project.utils.compilation.TestCompiler - Pb(130) The constructor Configuration(String, int, float) is undefined
2018-08-13 16:51:55,025 ERROR eu.stamp_project.utils.compilation.TestCompiler - Pb(130) The constructor Environment(String) is undefined
2018-08-13 16:51:55,026 ERROR eu.stamp_project.utils.compilation.TestCompiler - Pb(130) The constructor Configuration(String, int, float) is undefined
2018-08-13 16:51:55,026 ERROR eu.stamp_project.utils.compilation.TestCompiler - Pb(130) The constructor Configuration(String) is undefined
2018-08-13 16:51:55,026 ERROR eu.stamp_project.utils.compilation.TestCompiler - Pb(130) The constructor Configuration(String, int) is undefined
2018-08-13 16:51:55,026 ERROR eu.stamp_project.utils.compilation.TestCompiler - Pb(130) The constructor Environment(String) is undefined
2018-08-13 16:51:55,026 ERROR eu.stamp_project.utils.compilation.TestCompiler - Pb(130) The constructor Configuration(String, int, float) is undefined
2018-08-13 16:51:55,026 ERROR eu.stamp_project.utils.compilation.TestCompiler - Pb(130) The constructor Configuration(String, int, float) is undefined
2018-08-13 16:51:55,026 ERROR eu.stamp_project.utils.compilation.TestCompiler - Pb(130) The constructor Configuration(String, int, float) is undefined
2018-08-13 16:51:55,508 ERROR eu.stamp_project.utils.compilation.TestCompiler - Error(s) during compilation:
2018-08-13 16:51:55,508 ERROR eu.stamp_project.utils.compilation.TestCompiler - Pb(130) The constructor Configuration(String) is undefined
2018-08-13 16:51:55,508 ERROR eu.stamp_project.utils.compilation.TestCompiler - Pb(130) The constructor Configuration(String, int, float) is undefined
2018-08-13 16:51:55,508 ERROR eu.stamp_project.utils.compilation.TestCompiler - Pb(130) The constructor Configuration(String) is undefined
2018-08-13 16:51:55,508 ERROR eu.stamp_project.utils.compilation.TestCompiler - Pb(130) The constructor Configuration(String, int, float) is undefined
2018-08-13 16:51:55,508 ERROR eu.stamp_project.utils.compilation.TestCompiler - Pb(130) The constructor Configuration(String, int, float) is undefined
2018-08-13 16:51:55,508 ERROR eu.stamp_project.utils.compilation.TestCompiler - Pb(130) The constructor Configuration(String, int, float) is undefined
2018-08-13 16:51:55,508 ERROR eu.stamp_project.utils.compilation.TestCompiler - Pb(130) The constructor Configuration(String, int, float) is undefined
2018-08-13 16:51:55,509 ERROR eu.stamp_project.utils.compilation.TestCompiler - Pb(130) The constructor Configuration(String, int, float) is undefined
2018-08-13 16:51:55,509 ERROR eu.stamp_project.utils.compilation.TestCompiler - Pb(130) The constructor Configuration(String, int, float) is undefined
2018-08-13 16:51:55,509 ERROR eu.stamp_project.utils.compilation.TestCompiler - Pb(130) The constructor Configuration(String, int, float) is undefined
2018-08-13 16:51:55,509 ERROR eu.stamp_project.utils.compilation.TestCompiler - Pb(130) The constructor Configuration(String, int, float) is undefined
2018-08-13 16:51:55,509 ERROR eu.stamp_project.utils.compilation.TestCompiler - Pb(130) The constructor Configuration(String, int, float) is undefined
2018-08-13 16:51:55,509 ERROR eu.stamp_project.utils.compilation.TestCompiler - Pb(130) The constructor Configuration(String, int, float) is undefined
2018-08-13 16:51:55,509 ERROR eu.stamp_project.utils.compilation.TestCompiler - Pb(130) The constructor Configuration(String, int, float) is undefined
2018-08-13 16:51:55,509 ERROR eu.stamp_project.utils.compilation.TestCompiler - Pb(130) The constructor Configuration(String, int, float) is undefined
2018-08-13 16:51:55,509 ERROR eu.stamp_project.utils.compilation.TestCompiler - Pb(130) The constructor Configuration(String, int, float) is undefined
2018-08-13 16:51:55,509 ERROR eu.stamp_project.utils.compilation.TestCompiler - Pb(130) The constructor Configuration(String, int, float) is undefined
2018-08-13 16:51:55,509 ERROR eu.stamp_project.utils.compilation.TestCompiler - Pb(130) The constructor Configuration(String, int, float) is undefined
2018-08-13 16:51:55,509 ERROR eu.stamp_project.utils.compilation.TestCompiler - Pb(130) The constructor Configuration(String, int) is undefined
2018-08-13 16:51:55,509 ERROR eu.stamp_project.utils.compilation.TestCompiler - Pb(130) The constructor Configuration(String, int, float) is undefined
2018-08-13 16:51:55,803 WARN eu.stamp_project.dspot.assertgenerator.AssertGenerator - Error when executing tests before Assertion Amplification:
eu.stamp_project.dspot.AmplificationException: Every test methods are uncompilable
	at eu.stamp_project.utils.compilation.TestCompiler.compileAndDiscardUncompilableMethods(TestCompiler.java:125)
	at eu.stamp_project.utils.compilation.TestCompiler.compileAndRun(TestCompiler.java:93)
	at eu.stamp_project.dspot.assertgenerator.AssertGenerator.innerAssertionAmplification(AssertGenerator.java:100)
	at eu.stamp_project.dspot.assertgenerator.AssertGenerator.assertionAmplification(AssertGenerator.java:71)
	at eu.stamp_project.dspot.Amplification.assertionsAmplification(Amplification.java:149)
	at eu.stamp_project.dspot.Amplification.amplification(Amplification.java:134)
	at eu.stamp_project.dspot.Amplification.amplification(Amplification.java:97)
	at eu.stamp_project.dspot.DSpot.amplifyTest(DSpot.java:180)
	at eu.stamp_project.dspot.DSpot.amplifyTest(DSpot.java:170)
	at eu.stamp_project.Main.lambda$run$1(Main.java:69)
	at java.util.stream.ReferencePipeline$3$1.accept(ReferencePipeline.java:193)
	at java.util.Spliterators$ArraySpliterator.forEachRemaining(Spliterators.java:948)
	at java.util.stream.AbstractPipeline.copyInto(AbstractPipeline.java:481)
	at java.util.stream.AbstractPipeline.wrapAndCopyInto(AbstractPipeline.java:471)
	at java.util.stream.ReduceOps$ReduceOp.evaluateSequential(ReduceOps.java:708)
	at java.util.stream.AbstractPipeline.evaluate(AbstractPipeline.java:234)
	at java.util.stream.ReferencePipeline.collect(ReferencePipeline.java:499)
	at eu.stamp_project.Main.run(Main.java:71)
	at eu.stamp_project.Main.main(Main.java:40)
2018-08-13 16:51:55,804 INFO eu.stamp_project.dspot.assertgenerator.AssertGenerator - Could not generate any test with assertions
2018-08-13 16:51:55,804 INFO eu.stamp_project.dspot.Amplification - iteration 2 / 3
2018-08-13 16:51:55,804 INFO eu.stamp_project.dspot.Amplification - 200 tests selected to be amplified over 200 available tests
2018-08-13 16:51:55,804 INFO eu.stamp_project.dspot.budget.NoBudgetizer - Amplification of inputs...
 63% |=========================================== ]- 88% |============================================ ]| 31% |============================================ ]\ 13% |============================================ ]- 63% |============================================ ]\ 32% |============================================ ]| 88% |============================================ ]/ 13% |============================================ ]\ 32% |============================================ ]/ 89% |============================================ ]- 64% |============================================ ]| 14% |============================================ ]| 33% |============================================ ]- 89% |============================================ ]\ 64% |============================================ ]/ 14% |============================================ ]/ 33% |============================================ ]\ 90% |============================================= ]| 65% |============================================= ]- 15% |============================================= ]- 34% |============================================= ]| 90% |============================================= ]/ 65% |============================================= ]\ 15% |============================================= ]\ 34% |============================================= ]/ 91% |============================================= ]- 66% |============================================= ]| 16% |============================================= ]| 35% |============================================= ]- 91% |============================================= ]\ 16% |============================================= ]/ 66% |============================================= ]/ 35% |============================================= ]\ 92% |============================================== ]| 67% |============================================== ]- 17% |============================================== ]- 92% |============================================== ]/ 36% |============================================== ]| 67% |============================================== ]\ 17% |============================================== ]\ 93% |============================================== ]- 36% |============================================== ]/ 68% |============================================== ]| 18% |============================================== ]| 93% |============================================== ]\ 37% |============================================== ]- 68% |============================================== ]/ 18% |============================================== ]/ 94% |=============================================== ]| 37% |=============================================== ]\ 69% |=============================================== ]- 19% |=============================================== ]- 94% |=============================================== ]/ 25% |=============================================== ]\ 69% |=============================================== ]\ 19% |=============================================== ]\ 95% |=============================================== ]- 26% |=============================================== ]| 20% |=============================================== ]| 70% |=============================================== ]| 95% |=============================================== ]\ 26% |=============================================== ]/ 70% |=============================================== ]/ 20% |=============================================== ]/ 27% |=============================================== ]- 96% |================================================ ]| 71% |================================================ ]- 21% |================================================ ]- 27% |================================================ ]\ 96% |================================================ ]/ 71% |================================================ ]\ 21% |================================================ ]\ 28% |================================================ ]| 97% |================================================ ]- 72% |================================================ ]| 22% |================================================ ]| 28% |================================================ ]/ 97% |================================================ ]\ 72% |================================================ ]/ 22% |================================================ ]/ 29% |================================================ ]- 98% |================================================= ]| 73% |================================================= ]- 23% |================================================= ]- 29% |================================================= ]\ 98% |================================================= ]/ 73% |================================================= ]\ 23% |================================================= ]\ 30% |================================================= ]| 99% |================================================= ]- 74% |================================================= ]| 24% |================================================= ]| 30% |================================================= ]/ 99% |================================================= ]\ 74% |================================================= ]/ 24% |================================================= ]/ 31% |================================================= ]-100% |================================================== ]|
 75% |===================================== ]- 25% |===================================== ]- 44% |===================================== ]| 81% |======================================== ]\ 56% |======================================== ]/  6% |======================================== ]/ 82% |========================================= ]| 57% |========================================= ]-  7% |========================================= ]- 44% |========================================= ]/ 82% |========================================= ]/ 57% |========================================= ]\  7% |========================================= ]\ 45% |========================================= ]- 83% |========================================= ]- 58% |========================================= ]|  8% |========================================= ]| 45% |========================================= ]\ 83% |========================================= ]\ 58% |========================================= ]/  8% |========================================= ]/ 46% |========================================= ]| 84% |========================================== ]| 59% |========================================== ]- 46% |========================================== ]/  9% |========================================== ]- 84% |========================================== ]/ 59% |========================================== ]\ 47% |========================================== ]-  9% |========================================== ]\ 60% |========================================== ]| 85% |========================================== ]- 47% |========================================== ]\ 10% |========================================== ]| 60% |========================================== ]/ 85% |========================================== ]\ 48% |========================================== ]| 10% |========================================== ]/ 61% |========================================== ]- 86% |=========================================== ]| 48% |=========================================== ]/ 11% |=========================================== ]- 61% |=========================================== ]\ 86% |=========================================== ]/ 49% |=========================================== ]- 11% |=========================================== ]\ 62% |=========================================== ]| 87% |=========================================== ]- 49% |=========================================== ]\ 12% |=========================================== ]| 62% |=========================================== ]/ 87% |=========================================== ]\ 50% |=========================================== ]| 12% |=========================================== ]/ 50% |=========================================== ]/ 75% |=========================================== ]\ 38% |=========================================== ]|  0% |=========================================== ]/ 51% |=========================================== ]- 76% |=========================================== ]| 38% |=========================================== ]/  1% |=========================================== ]- 51% |=========================================== ]\ 76% |=========================================== ]/ 39% |=========================================== ]-  1% |=========================================== ]\ 52% |=========================================== ]| 77% |=========================================== ]- 39% |=========================================== ]\  2% |=========================================== ]| 52% |=========================================== ]/ 77% |=========================================== ]\ 40% |=========================================== ]|  2% |=========================================== ]/ 53% |=========================================== ]- 40% |=========================================== ]/ 78% |=========================================== ]|  3% |=========================================== ]- 53% |=========================================== ]\ 41% |=========================================== ]- 78% |=========================================== ]/  3% |=========================================== ]\ 54% |=========================================== ]| 41% |=========================================== ]\ 79% |=========================================== ]-  4% |=========================================== ]| 54% |=========================================== ]/ 42% |=========================================== ]| 79% |=========================================== ]\  4% |=========================================== ]/ 55% |=========================================== ]- 42% |=========================================== ]/ 80% |=========================================== ]|  5% |=========================================== ]- 55% |=========================================== ]\ 43% |=========================================== ]- 80% |=========================================== ]/  5% |=========================================== ]\ 43% |=========================================== ]\ 56% |=========================================== ]| 81% |=========================================== ]-  6% |=========================================== ]|2018-08-13 16:53:00,884 INFO eu.stamp_project.dspot.budget.NoBudgetizer - 35311 new tests generated
2018-08-13 16:53:00,884 WARN eu.stamp_project.dspot.budget.NoBudgetizer - Too many tests have been generated: 35311
2018-08-13 16:53:06,628 INFO eu.stamp_project.dspot.budget.NoBudgetizer - Number of generated test reduced to 200
2018-08-13 16:53:15,776 INFO eu.stamp_project.dspot.assertgenerator.AssertGenerator - Run tests. (200)
2018-08-13 16:53:16,131 ERROR eu.stamp_project.utils.compilation.TestCompiler - Error(s) during compilation:
2018-08-13 16:53:16,131 ERROR eu.stamp_project.utils.compilation.TestCompiler - Pb(130) The constructor Configuration(String, int, float) is undefined
2018-08-13 16:53:16,131 ERROR eu.stamp_project.utils.compilation.TestCompiler - Pb(130) The constructor Configuration(String, int, float) is undefined
2018-08-13 16:53:16,131 ERROR eu.stamp_project.utils.compilation.TestCompiler - Pb(130) The constructor Configuration(String) is undefined
2018-08-13 16:53:16,131 ERROR eu.stamp_project.utils.compilation.TestCompiler - Pb(130) The constructor Configuration(String, int) is undefined
2018-08-13 16:53:16,131 ERROR eu.stamp_project.utils.compilation.TestCompiler - Pb(130) The constructor Configuration(String, Collections.emptyMap()) is undefined
2018-08-13 16:53:16,131 ERROR eu.stamp_project.utils.compilation.TestCompiler - Pb(130) The constructor Environment(String) is undefined
2018-08-13 16:53:16,131 ERROR eu.stamp_project.utils.compilation.TestCompiler - Pb(130) The constructor Configuration(String, Collections.emptyMap()) is undefined
2018-08-13 16:53:16,131 ERROR eu.stamp_project.utils.compilation.TestCompiler - Pb(130) The constructor Environment(String) is undefined
2018-08-13 16:53:16,131 ERROR eu.stamp_project.utils.compilation.TestCompiler - Pb(130) The constructor Configuration(String, int, float) is undefined
2018-08-13 16:53:16,131 ERROR eu.stamp_project.utils.compilation.TestCompiler - Pb(130) The constructor Configuration(String, Collections.emptyMap()) is undefined
2018-08-13 16:53:16,131 ERROR eu.stamp_project.utils.compilation.TestCompiler - Pb(130) The constructor Environment(String) is undefined
2018-08-13 16:53:16,131 ERROR eu.stamp_project.utils.compilation.TestCompiler - Pb(130) The constructor Configuration(String, int) is undefined
2018-08-13 16:53:16,131 ERROR eu.stamp_project.utils.compilation.TestCompiler - Pb(130) The constructor Configuration(String) is undefined
2018-08-13 16:53:16,131 ERROR eu.stamp_project.utils.compilation.TestCompiler - Pb(130) The constructor Configuration(String, int) is undefined
2018-08-13 16:53:16,131 ERROR eu.stamp_project.utils.compilation.TestCompiler - Pb(130) The constructor Configuration(String, int) is undefined
2018-08-13 16:53:16,131 ERROR eu.stamp_project.utils.compilation.TestCompiler - Pb(130) The constructor Configuration(String, Collections.emptyMap()) is undefined
2018-08-13 16:53:16,131 ERROR eu.stamp_project.utils.compilation.TestCompiler - Pb(130) The constructor Environment(String) is undefined
2018-08-13 16:53:16,131 ERROR eu.stamp_project.utils.compilation.TestCompiler - Pb(130) The constructor Environment(String) is undefined
2018-08-13 16:53:16,131 ERROR eu.stamp_project.utils.compilation.TestCompiler - Pb(130) The constructor Configuration(String, int) is undefined
2018-08-13 16:53:16,131 ERROR eu.stamp_project.utils.compilation.TestCompiler - Pb(130) The constructor Configuration(String) is undefined
2018-08-13 16:53:16,721 ERROR eu.stamp_project.utils.compilation.TestCompiler - Error(s) during compilation:
2018-08-13 16:53:16,722 ERROR eu.stamp_project.utils.compilation.TestCompiler - Pb(130) The constructor Environment(String) is undefined
2018-08-13 16:53:16,722 ERROR eu.stamp_project.utils.compilation.TestCompiler - Pb(130) The constructor Configuration(String, int) is undefined
2018-08-13 16:53:16,722 ERROR eu.stamp_project.utils.compilation.TestCompiler - Pb(130) The constructor Configuration(String, int) is undefined
2018-08-13 16:53:16,722 ERROR eu.stamp_project.utils.compilation.TestCompiler - Pb(130) The constructor Configuration(String, int) is undefined
2018-08-13 16:53:16,722 ERROR eu.stamp_project.utils.compilation.TestCompiler - Pb(130) The constructor Configuration(String) is undefined
2018-08-13 16:53:16,722 ERROR eu.stamp_project.utils.compilation.TestCompiler - Pb(130) The constructor Environment(String) is undefined
2018-08-13 16:53:16,722 ERROR eu.stamp_project.utils.compilation.TestCompiler - Pb(130) The constructor Configuration(String, int) is undefined
2018-08-13 16:53:16,722 ERROR eu.stamp_project.utils.compilation.TestCompiler - Pb(130) The constructor Configuration(String, int) is undefined
2018-08-13 16:53:16,722 ERROR eu.stamp_project.utils.compilation.TestCompiler - Pb(130) The constructor Configuration(String) is undefined
2018-08-13 16:53:16,722 ERROR eu.stamp_project.utils.compilation.TestCompiler - Pb(130) The constructor Configuration(String) is undefined
2018-08-13 16:53:16,722 ERROR eu.stamp_project.utils.compilation.TestCompiler - Pb(130) The constructor Configuration(String, int, float) is undefined
2018-08-13 16:53:16,722 ERROR eu.stamp_project.utils.compilation.TestCompiler - Pb(130) The constructor Configuration(String, int) is undefined
2018-08-13 16:53:16,722 ERROR eu.stamp_project.utils.compilation.TestCompiler - Pb(130) The constructor Configuration(String, int) is undefined
2018-08-13 16:53:16,722 ERROR eu.stamp_project.utils.compilation.TestCompiler - Pb(130) The constructor Configuration(String, Collections.emptyMap()) is undefined
2018-08-13 16:53:16,722 ERROR eu.stamp_project.utils.compilation.TestCompiler - Pb(130) The constructor Environment(String) is undefined
2018-08-13 16:53:16,722 ERROR eu.stamp_project.utils.compilation.TestCompiler - Pb(130) The constructor Configuration(String, int, float) is undefined
2018-08-13 16:53:16,722 ERROR eu.stamp_project.utils.compilation.TestCompiler - Pb(130) The constructor Configuration(String) is undefined
2018-08-13 16:53:16,722 ERROR eu.stamp_project.utils.compilation.TestCompiler - Pb(130) The constructor Configuration(String, int) is undefined
2018-08-13 16:53:16,722 ERROR eu.stamp_project.utils.compilation.TestCompiler - Pb(130) The constructor Configuration(String, int) is undefined
2018-08-13 16:53:16,722 ERROR eu.stamp_project.utils.compilation.TestCompiler - Pb(130) The constructor Configuration(String) is undefined
2018-08-13 16:53:17,047 WARN eu.stamp_project.dspot.assertgenerator.AssertGenerator - Error when executing tests before Assertion Amplification:
eu.stamp_project.dspot.AmplificationException: Every test methods are uncompilable
	at eu.stamp_project.utils.compilation.TestCompiler.compileAndDiscardUncompilableMethods(TestCompiler.java:125)
	at eu.stamp_project.utils.compilation.TestCompiler.compileAndRun(TestCompiler.java:93)
	at eu.stamp_project.dspot.assertgenerator.AssertGenerator.innerAssertionAmplification(AssertGenerator.java:100)
	at eu.stamp_project.dspot.assertgenerator.AssertGenerator.assertionAmplification(AssertGenerator.java:71)
	at eu.stamp_project.dspot.Amplification.assertionsAmplification(Amplification.java:149)
	at eu.stamp_project.dspot.Amplification.amplification(Amplification.java:134)
	at eu.stamp_project.dspot.Amplification.amplification(Amplification.java:97)
	at eu.stamp_project.dspot.DSpot.amplifyTest(DSpot.java:180)
	at eu.stamp_project.dspot.DSpot.amplifyTest(DSpot.java:170)
	at eu.stamp_project.Main.lambda$run$1(Main.java:69)
	at java.util.stream.ReferencePipeline$3$1.accept(ReferencePipeline.java:193)
	at java.util.Spliterators$ArraySpliterator.forEachRemaining(Spliterators.java:948)
	at java.util.stream.AbstractPipeline.copyInto(AbstractPipeline.java:481)
	at java.util.stream.AbstractPipeline.wrapAndCopyInto(AbstractPipeline.java:471)
	at java.util.stream.ReduceOps$ReduceOp.evaluateSequential(ReduceOps.java:708)
	at java.util.stream.AbstractPipeline.evaluate(AbstractPipeline.java:234)
	at java.util.stream.ReferencePipeline.collect(ReferencePipeline.java:499)
	at eu.stamp_project.Main.run(Main.java:71)
	at eu.stamp_project.Main.main(Main.java:40)
2018-08-13 16:53:17,048 INFO eu.stamp_project.dspot.assertgenerator.AssertGenerator - Could not generate any test with assertions
2018-08-13 16:53:17,048 INFO eu.stamp_project.dspot.Amplification - 0 amplified test methods has been selected to be kept. (global: 0)
2018-08-13 16:53:17,048 INFO eu.stamp_project.dspot.DSpot - elapsedTime 264148

======= REPORT =======
PitMutantScoreSelector: 
The original test suite kills 82 mutants
The amplification results with 0 new tests
it kills 0 more mutants

2018-08-13 16:53:17,135 INFO eu.stamp_project.dspot.DSpot - Print AmplWrongNamespacesTest with 0?amplified test cases in /tmp/dspot-experiments/results/august-2018/mybatis/worst_1_amplification
2018-08-13 16:53:17,139 INFO eu.stamp_project.Main - Amplification succeed.
2018-08-13 16:53:17,139 INFO eu.stamp_project.Main - Elapsed time 264835 ms
