2018-08-13 16:53:18,099 INFO eu.stamp_project.dspot.selector.PitMutantScoreSelector - The original test suite kill 93 / 22600
2018-08-13 16:53:18,120 WARN eu.stamp_project.automaticbuilder.AutomaticBuilderFactory - automaticBuilderName: unknown automatic builder specified in configuration, going to default.
2018-08-13 16:53:18,120 INFO eu.stamp_project.automaticbuilder.AutomaticBuilderFactory - Default: provided Maven automatic builder.
2018-08-13 16:53:18,133 INFO eu.stamp_project.automaticbuilder.MavenAutomaticBuilder - run maven clean test -DskipTests dependency:build-classpath -Dmdep.outputFile=target/dspot/classpath
[WARN] Maven will be executed in interactive mode, but no input stream has been configured for this MavenInvoker instance.
[INFO] Scanning for projects...
[INFO]                                                                         
[INFO] ------------------------------------------------------------------------
[INFO] Building mybatis 3.5.0-SNAPSHOT
[INFO] ------------------------------------------------------------------------
[INFO] 
[INFO] --- maven-clean-plugin:3.0.0:clean (default-clean) @ mybatis ---
[INFO] Deleting /tmp/dspot-experiments/dataset/mybatis/target
[INFO] 
[INFO] --- maven-enforcer-plugin:3.0.0-M1:enforce (enforce-java) @ mybatis ---
[INFO] Skipping Rule Enforcement.
[INFO] 
[INFO] --- jacoco-maven-plugin:0.8.1:prepare-agent (prepare-agent) @ mybatis ---
[INFO] argLine set to -javaagent:/home/spirals/danglot/.m2/repository/org/jacoco/org.jacoco.agent/0.8.1/org.jacoco.agent-0.8.1-runtime.jar=destfile=/tmp/dspot-experiments/dataset/mybatis/target/jacoco.exec,excludes=org.apache.ibatis.ognl.*:org.apache.ibatis.javassist.*
[INFO] 
[INFO] --- maven-resources-plugin:3.0.2:resources (default-resources) @ mybatis ---
[INFO] Using 'UTF-8' encoding to copy filtered resources.
[INFO] Copying 2 resources to META-INF
[INFO] Copying 2 resources
[INFO] 
[INFO] --- maven-compiler-plugin:3.7.0:compile (default-compile) @ mybatis ---
[INFO] Compiling 381 source files to /tmp/dspot-experiments/dataset/mybatis/target/classes
[INFO] /tmp/dspot-experiments/dataset/mybatis/src/main/java/org/apache/ibatis/reflection/MetaObject.java: Some input files use unchecked or unsafe operations.
[INFO] /tmp/dspot-experiments/dataset/mybatis/src/main/java/org/apache/ibatis/reflection/MetaObject.java: Recompile with -Xlint:unchecked for details.
[INFO] 
[INFO] --- license-maven-plugin:3.0:format (default) @ mybatis ---
[INFO] 
[INFO] --- animal-sniffer-maven-plugin:1.16:check (check-java-compat) @ mybatis ---
[INFO] Checking unresolved references to org.codehaus.mojo.signature:java18:1.0
[INFO] 
[INFO] --- maven-bundle-plugin:3.3.0:manifest (bundle-manifest) @ mybatis ---
[INFO] 
[INFO] --- maven-resources-plugin:3.0.2:testResources (default-testResources) @ mybatis ---
[INFO] Using 'UTF-8' encoding to copy filtered resources.
[INFO] Copying 469 resources
[INFO] 
[INFO] --- maven-compiler-plugin:3.7.0:testCompile (default-testCompile) @ mybatis ---
[INFO] Compiling 758 source files to /tmp/dspot-experiments/dataset/mybatis/target/test-classes
[INFO] /tmp/dspot-experiments/dataset/mybatis/src/test/java/org/apache/ibatis/jdbc/SelectBuilderTest.java: Some input files use or override a deprecated API.
[INFO] /tmp/dspot-experiments/dataset/mybatis/src/test/java/org/apache/ibatis/jdbc/SelectBuilderTest.java: Recompile with -Xlint:deprecation for details.
[INFO] /tmp/dspot-experiments/dataset/mybatis/src/test/java/org/apache/ibatis/executor/resultset/DefaultResultSetHandlerTest.java: Some input files use unchecked or unsafe operations.
[INFO] /tmp/dspot-experiments/dataset/mybatis/src/test/java/org/apache/ibatis/executor/resultset/DefaultResultSetHandlerTest.java: Recompile with -Xlint:unchecked for details.
[INFO] 
[INFO] --- maven-surefire-plugin:2.19.1:test (default-test) @ mybatis ---
[INFO] Tests are skipped.
[INFO] 
[INFO] --- maven-dependency-plugin:3.0.2:build-classpath (default-cli) @ mybatis ---
[INFO] Wrote classpath file '/tmp/dspot-experiments/dataset/mybatis/target/dspot/classpath'.
[INFO] ------------------------------------------------------------------------
[INFO] BUILD SUCCESS
[INFO] ------------------------------------------------------------------------
[INFO] Total time: 18.142 s
[INFO] Finished at: 2018-08-13T16:53:37+02:00
[INFO] Final Memory: 48M/852M
[INFO] ------------------------------------------------------------------------
2018-08-13 16:53:42,881 ERROR spoon.support.compiler.jdt.JDTCommentBuilder - // Interface Mapper is not added into the AST
spoon.reflect.declaration.ParentNotInitializedException: parent not initialized for class spoon.support.reflect.code.CtCommentImpl (/tmp/dspot-experiments/dataset/mybatis/src/main/java/org/apache/ibatis/annotations/Mapper.java:39)
	at spoon.support.reflect.declaration.CtElementImpl.getParent(CtElementImpl.java:381)
	at spoon.support.compiler.jdt.JDTCommentBuilder.insertCommentInAST(JDTCommentBuilder.java:484)
	at spoon.support.compiler.jdt.JDTCommentBuilder.buildComment(JDTCommentBuilder.java:156)
	at spoon.support.compiler.jdt.JDTCommentBuilder.build(JDTCommentBuilder.java:112)
	at spoon.support.compiler.jdt.JDTBasedSpoonCompiler.buildModel(JDTBasedSpoonCompiler.java:479)
	at spoon.support.compiler.jdt.JDTBasedSpoonCompiler.buildUnitsAndModel(JDTBasedSpoonCompiler.java:392)
	at spoon.support.compiler.jdt.JDTBasedSpoonCompiler.buildSources(JDTBasedSpoonCompiler.java:341)
	at spoon.support.compiler.jdt.JDTBasedSpoonCompiler.build(JDTBasedSpoonCompiler.java:130)
	at spoon.support.compiler.jdt.JDTBasedSpoonCompiler.build(JDTBasedSpoonCompiler.java:113)
	at spoon.Launcher.buildModel(Launcher.java:768)
	at eu.stamp_project.utils.compilation.DSpotCompiler.getSpoonModelOf(DSpotCompiler.java:104)
	at eu.stamp_project.utils.compilation.DSpotCompiler.createDSpotCompiler(DSpotCompiler.java:37)
	at eu.stamp_project.dspot.DSpot.<init>(DSpot.java:89)
	at eu.stamp_project.Main.run(Main.java:49)
	at eu.stamp_project.Main.main(Main.java:40)
2018-08-13 16:53:43,537 ERROR spoon.support.compiler.jdt.JDTCommentBuilder - /* because ResultHandler<?> is always ResultHandler<Object> */ is not added into the AST
spoon.reflect.declaration.ParentNotInitializedException: parent not initialized for class spoon.support.reflect.code.CtCommentImpl (/tmp/dspot-experiments/dataset/mybatis/src/main/java/org/apache/ibatis/executor/resultset/DefaultResultSetHandler.java:366)
	at spoon.support.reflect.declaration.CtElementImpl.getParent(CtElementImpl.java:381)
	at spoon.support.compiler.jdt.JDTCommentBuilder.insertCommentInAST(JDTCommentBuilder.java:484)
	at spoon.support.compiler.jdt.JDTCommentBuilder.buildComment(JDTCommentBuilder.java:156)
	at spoon.support.compiler.jdt.JDTCommentBuilder.build(JDTCommentBuilder.java:112)
	at spoon.support.compiler.jdt.JDTBasedSpoonCompiler.buildModel(JDTBasedSpoonCompiler.java:479)
	at spoon.support.compiler.jdt.JDTBasedSpoonCompiler.buildUnitsAndModel(JDTBasedSpoonCompiler.java:392)
	at spoon.support.compiler.jdt.JDTBasedSpoonCompiler.buildSources(JDTBasedSpoonCompiler.java:341)
	at spoon.support.compiler.jdt.JDTBasedSpoonCompiler.build(JDTBasedSpoonCompiler.java:130)
	at spoon.support.compiler.jdt.JDTBasedSpoonCompiler.build(JDTBasedSpoonCompiler.java:113)
	at spoon.Launcher.buildModel(Launcher.java:768)
	at eu.stamp_project.utils.compilation.DSpotCompiler.getSpoonModelOf(DSpotCompiler.java:104)
	at eu.stamp_project.utils.compilation.DSpotCompiler.createDSpotCompiler(DSpotCompiler.java:37)
	at eu.stamp_project.dspot.DSpot.<init>(DSpot.java:89)
	at eu.stamp_project.Main.run(Main.java:49)
	at eu.stamp_project.Main.main(Main.java:40)
2018-08-13 16:53:45,236 ERROR spoon.support.compiler.jdt.JDTCommentBuilder - // target for test (ordinal number -> Enum constant) is not added into the AST
spoon.reflect.declaration.ParentNotInitializedException: parent not initialized for class spoon.support.reflect.code.CtCommentImpl (/tmp/dspot-experiments/dataset/mybatis/src/test/java/org/apache/ibatis/submitted/enumtypehandler_on_annotation/PersonMapper.java:46)
	at spoon.support.reflect.declaration.CtElementImpl.getParent(CtElementImpl.java:381)
	at spoon.support.compiler.jdt.JDTCommentBuilder.insertCommentInAST(JDTCommentBuilder.java:484)
	at spoon.support.compiler.jdt.JDTCommentBuilder.buildComment(JDTCommentBuilder.java:156)
	at spoon.support.compiler.jdt.JDTCommentBuilder.build(JDTCommentBuilder.java:112)
	at spoon.support.compiler.jdt.JDTBasedSpoonCompiler.buildModel(JDTBasedSpoonCompiler.java:479)
	at spoon.support.compiler.jdt.JDTBasedSpoonCompiler.buildUnitsAndModel(JDTBasedSpoonCompiler.java:392)
	at spoon.support.compiler.jdt.JDTBasedSpoonCompiler.buildSources(JDTBasedSpoonCompiler.java:341)
	at spoon.support.compiler.jdt.JDTBasedSpoonCompiler.build(JDTBasedSpoonCompiler.java:130)
	at spoon.support.compiler.jdt.JDTBasedSpoonCompiler.build(JDTBasedSpoonCompiler.java:113)
	at spoon.Launcher.buildModel(Launcher.java:768)
	at eu.stamp_project.utils.compilation.DSpotCompiler.getSpoonModelOf(DSpotCompiler.java:104)
	at eu.stamp_project.utils.compilation.DSpotCompiler.createDSpotCompiler(DSpotCompiler.java:37)
	at eu.stamp_project.dspot.DSpot.<init>(DSpot.java:89)
	at eu.stamp_project.Main.run(Main.java:49)
	at eu.stamp_project.Main.main(Main.java:40)
2018-08-13 16:53:45,238 ERROR spoon.support.compiler.jdt.JDTCommentBuilder - // Switch using enum constant name(PERSON or EMPLOYEE) at cases attribute is not added into the AST
spoon.reflect.declaration.ParentNotInitializedException: parent not initialized for class spoon.support.reflect.code.CtCommentImpl (/tmp/dspot-experiments/dataset/mybatis/src/test/java/org/apache/ibatis/submitted/enumtypehandler_on_annotation/PersonMapper.java:48)
	at spoon.support.reflect.declaration.CtElementImpl.getParent(CtElementImpl.java:381)
	at spoon.support.compiler.jdt.JDTCommentBuilder.insertCommentInAST(JDTCommentBuilder.java:484)
	at spoon.support.compiler.jdt.JDTCommentBuilder.buildComment(JDTCommentBuilder.java:156)
	at spoon.support.compiler.jdt.JDTCommentBuilder.build(JDTCommentBuilder.java:112)
	at spoon.support.compiler.jdt.JDTBasedSpoonCompiler.buildModel(JDTBasedSpoonCompiler.java:479)
	at spoon.support.compiler.jdt.JDTBasedSpoonCompiler.buildUnitsAndModel(JDTBasedSpoonCompiler.java:392)
	at spoon.support.compiler.jdt.JDTBasedSpoonCompiler.buildSources(JDTBasedSpoonCompiler.java:341)
	at spoon.support.compiler.jdt.JDTBasedSpoonCompiler.build(JDTBasedSpoonCompiler.java:130)
	at spoon.support.compiler.jdt.JDTBasedSpoonCompiler.build(JDTBasedSpoonCompiler.java:113)
	at spoon.Launcher.buildModel(Launcher.java:768)
	at eu.stamp_project.utils.compilation.DSpotCompiler.getSpoonModelOf(DSpotCompiler.java:104)
	at eu.stamp_project.utils.compilation.DSpotCompiler.createDSpotCompiler(DSpotCompiler.java:37)
	at eu.stamp_project.dspot.DSpot.<init>(DSpot.java:89)
	at eu.stamp_project.Main.run(Main.java:49)
	at eu.stamp_project.Main.main(Main.java:40)
2018-08-13 16:53:45,532 ERROR spoon.support.compiler.jdt.JDTCommentBuilder - // @formatter:on is not added into the AST
spoon.reflect.declaration.ParentNotInitializedException: parent not initialized for class spoon.support.reflect.code.CtCommentImpl (/tmp/dspot-experiments/dataset/mybatis/src/test/java/org/apache/ibatis/submitted/member_access/MemberAccessTest.java:233)
	at spoon.support.reflect.declaration.CtElementImpl.getParent(CtElementImpl.java:381)
	at spoon.support.compiler.jdt.JDTCommentBuilder.insertCommentInAST(JDTCommentBuilder.java:484)
	at spoon.support.compiler.jdt.JDTCommentBuilder.buildComment(JDTCommentBuilder.java:156)
	at spoon.support.compiler.jdt.JDTCommentBuilder.build(JDTCommentBuilder.java:112)
	at spoon.support.compiler.jdt.JDTBasedSpoonCompiler.buildModel(JDTBasedSpoonCompiler.java:479)
	at spoon.support.compiler.jdt.JDTBasedSpoonCompiler.buildUnitsAndModel(JDTBasedSpoonCompiler.java:392)
	at spoon.support.compiler.jdt.JDTBasedSpoonCompiler.buildSources(JDTBasedSpoonCompiler.java:341)
	at spoon.support.compiler.jdt.JDTBasedSpoonCompiler.build(JDTBasedSpoonCompiler.java:130)
	at spoon.support.compiler.jdt.JDTBasedSpoonCompiler.build(JDTBasedSpoonCompiler.java:113)
	at spoon.Launcher.buildModel(Launcher.java:768)
	at eu.stamp_project.utils.compilation.DSpotCompiler.getSpoonModelOf(DSpotCompiler.java:104)
	at eu.stamp_project.utils.compilation.DSpotCompiler.createDSpotCompiler(DSpotCompiler.java:37)
	at eu.stamp_project.dspot.DSpot.<init>(DSpot.java:89)
	at eu.stamp_project.Main.run(Main.java:49)
	at eu.stamp_project.Main.main(Main.java:40)
2018-08-13 16:53:47,040 INFO eu.stamp_project.dspot.Amplification - Amplification of org.apache.ibatis.binding.WrongMapperTest (1 test(s))
2018-08-13 16:53:47,040 INFO eu.stamp_project.dspot.Amplification - Assertion amplification of org.apache.ibatis.binding.WrongMapperTest (1 test(s))
2018-08-13 16:53:47,268 INFO eu.stamp_project.testrunner.EntryPoint - Run: java -classpath /tmp/dspot-experiments/dataset/mybatis/target/test-classes:/tmp/dspot-experiments/dataset/mybatis/target/classes/:/home/spirals/danglot/.m2/repository/ognl/ognl/3.2.6/ognl-3.2.6.jar:/home/spirals/danglot/.m2/repository/org/javassist/javassist/3.22.0-GA/javassist-3.22.0-GA.jar:/home/spirals/danglot/.m2/repository/org/slf4j/slf4j-api/1.7.25/slf4j-api-1.7.25.jar:/home/spirals/danglot/.m2/repository/org/slf4j/slf4j-log4j12/1.7.25/slf4j-log4j12-1.7.25.jar:/home/spirals/danglot/.m2/repository/log4j/log4j/1.2.17/log4j-1.2.17.jar:/home/spirals/danglot/.m2/repository/org/apache/logging/log4j/log4j-core/2.11.0/log4j-core-2.11.0.jar:/home/spirals/danglot/.m2/repository/org/apache/logging/log4j/log4j-api/2.11.0/log4j-api-2.11.0.jar:/home/spirals/danglot/.m2/repository/commons-logging/commons-logging/1.2/commons-logging-1.2.jar:/home/spirals/danglot/.m2/repository/cglib/cglib/3.2.6/cglib-3.2.6.jar:/home/spirals/danglot/.m2/repository/org/ow2/asm/asm/6.0/asm-6.0.jar:/home/spirals/danglot/.m2/repository/org/apache/ant/ant/1.9.6/ant-1.9.6.jar:/home/spirals/danglot/.m2/repository/org/apache/ant/ant-launcher/1.9.6/ant-launcher-1.9.6.jar:/home/spirals/danglot/.m2/repository/org/junit/vintage/junit-vintage-engine/5.1.0/junit-vintage-engine-5.1.0.jar:/home/spirals/danglot/.m2/repository/org/apiguardian/apiguardian-api/1.0.0/apiguardian-api-1.0.0.jar:/home/spirals/danglot/.m2/repository/org/junit/platform/junit-platform-engine/1.1.0/junit-platform-engine-1.1.0.jar:/home/spirals/danglot/.m2/repository/org/junit/platform/junit-platform-commons/1.1.0/junit-platform-commons-1.1.0.jar:/home/spirals/danglot/.m2/repository/org/opentest4j/opentest4j/1.0.0/opentest4j-1.0.0.jar:/home/spirals/danglot/.m2/repository/junit/junit/4.12/junit-4.12.jar:/home/spirals/danglot/.m2/repository/org/hamcrest/hamcrest-core/1.3/hamcrest-core-1.3.jar:/home/spirals/danglot/.m2/repository/org/hsqldb/hsqldb/2.4.0/hsqldb-2.4.0.jar:/home/spirals/danglot/.m2/repository/org/apache/derby/derby/10.14.1.0/derby-10.14.1.0.jar:/home/spirals/danglot/.m2/repository/org/mockito/mockito-core/2.16.0/mockito-core-2.16.0.jar:/home/spirals/danglot/.m2/repository/net/bytebuddy/byte-buddy/1.7.9/byte-buddy-1.7.9.jar:/home/spirals/danglot/.m2/repository/net/bytebuddy/byte-buddy-agent/1.7.9/byte-buddy-agent-1.7.9.jar:/home/spirals/danglot/.m2/repository/org/objenesis/objenesis/2.6/objenesis-2.6.jar:/home/spirals/danglot/.m2/repository/org/apache/commons/commons-dbcp2/2.2.0/commons-dbcp2-2.2.0.jar:/home/spirals/danglot/.m2/repository/org/apache/commons/commons-pool2/2.5.0/commons-pool2-2.5.0.jar:/home/spirals/danglot/.m2/repository/javax/transaction/javax.transaction-api/1.3/javax.transaction-api-1.3.jar:/home/spirals/danglot/.m2/repository/org/apache/velocity/velocity/1.7/velocity-1.7.jar:/home/spirals/danglot/.m2/repository/commons-collections/commons-collections/3.2.1/commons-collections-3.2.1.jar:/home/spirals/danglot/.m2/repository/commons-lang/commons-lang/2.4/commons-lang-2.4.jar:/home/spirals/danglot/.m2/repository/org/postgresql/postgresql/42.2.1/postgresql-42.2.1.jar:/home/spirals/danglot/.m2/repository/org/assertj/assertj-core/3.9.1/assertj-core-3.9.1.jar:/home/spirals/danglot/.m2/repository/eu/codearte/catch-exception/catch-exception/1.4.6/catch-exception-1.4.6.jar:/home/spirals/danglot/.m2/repository/ru/yandex/qatools/embed/postgresql-embedded/2.8/postgresql-embedded-2.8.jar:/home/spirals/danglot/.m2/repository/de/flapdoodle/embed/de.flapdoodle.embed.process/2.0.2/de.flapdoodle.embed.process-2.0.2.jar:/home/spirals/danglot/.m2/repository/commons-io/commons-io/2.4/commons-io-2.4.jar:/home/spirals/danglot/.m2/repository/org/apache/commons/commons-lang3/3.1/commons-lang3-3.1.jar:/home/spirals/danglot/.m2/repository/net/java/dev/jna/jna/4.0.0/jna-4.0.0.jar:/home/spirals/danglot/.m2/repository/net/java/dev/jna/jna-platform/4.0.0/jna-platform-4.0.0.jar:/home/spirals/danglot/.m2/repository/org/apache/commons/commons-compress/1.10/commons-compress-1.10.jar:/tmp/dspot-experiments/target/dspot/dependencies:/tmp/dspot/dspot/target/dspot-1.1.1-SNAPSHOT-jar-with-dependencies.jar eu.stamp_project.testrunner.runner.test.TestRunner org.apache.ibatis.binding.WrongMapperTest shouldFailForBothOneAndMany
File saved to the following path: /tmp/dspot-experiments/dataset/mybatis/target/dspot/TestListener.ser
SLF4J: Class path contains multiple SLF4J bindings.
SLF4J: Found binding in [jar:file:/home/spirals/danglot/.m2/repository/org/slf4j/slf4j-log4j12/1.7.25/slf4j-log4j12-1.7.25.jar!/org/slf4j/impl/StaticLoggerBinder.class]
SLF4J: Found binding in [jar:file:/tmp/dspot/dspot/target/dspot-1.1.1-SNAPSHOT-jar-with-dependencies.jar!/org/slf4j/impl/StaticLoggerBinder.class]
SLF4J: See http://www.slf4j.org/codes.html#multiple_bindings for an explanation.
SLF4J: Actual binding is of type [org.slf4j.impl.Log4jLoggerFactory]
2018-08-13 16:53:47,881 INFO eu.stamp_project.testrunner.EntryPoint - Test has been run: shouldFailForBothOneAndMany
2018-08-13 16:53:47,909 INFO eu.stamp_project.dspot.assertgenerator.AssertGenerator - Run tests. (1)
2018-08-13 16:53:48,027 INFO eu.stamp_project.testrunner.EntryPoint - Run: java -classpath /tmp/dspot-experiments/dataset/mybatis/target/test-classes:/tmp/dspot-experiments/dataset/mybatis/target/classes/:/home/spirals/danglot/.m2/repository/ognl/ognl/3.2.6/ognl-3.2.6.jar:/home/spirals/danglot/.m2/repository/org/javassist/javassist/3.22.0-GA/javassist-3.22.0-GA.jar:/home/spirals/danglot/.m2/repository/org/slf4j/slf4j-api/1.7.25/slf4j-api-1.7.25.jar:/home/spirals/danglot/.m2/repository/org/slf4j/slf4j-log4j12/1.7.25/slf4j-log4j12-1.7.25.jar:/home/spirals/danglot/.m2/repository/log4j/log4j/1.2.17/log4j-1.2.17.jar:/home/spirals/danglot/.m2/repository/org/apache/logging/log4j/log4j-core/2.11.0/log4j-core-2.11.0.jar:/home/spirals/danglot/.m2/repository/org/apache/logging/log4j/log4j-api/2.11.0/log4j-api-2.11.0.jar:/home/spirals/danglot/.m2/repository/commons-logging/commons-logging/1.2/commons-logging-1.2.jar:/home/spirals/danglot/.m2/repository/cglib/cglib/3.2.6/cglib-3.2.6.jar:/home/spirals/danglot/.m2/repository/org/ow2/asm/asm/6.0/asm-6.0.jar:/home/spirals/danglot/.m2/repository/org/apache/ant/ant/1.9.6/ant-1.9.6.jar:/home/spirals/danglot/.m2/repository/org/apache/ant/ant-launcher/1.9.6/ant-launcher-1.9.6.jar:/home/spirals/danglot/.m2/repository/org/junit/vintage/junit-vintage-engine/5.1.0/junit-vintage-engine-5.1.0.jar:/home/spirals/danglot/.m2/repository/org/apiguardian/apiguardian-api/1.0.0/apiguardian-api-1.0.0.jar:/home/spirals/danglot/.m2/repository/org/junit/platform/junit-platform-engine/1.1.0/junit-platform-engine-1.1.0.jar:/home/spirals/danglot/.m2/repository/org/junit/platform/junit-platform-commons/1.1.0/junit-platform-commons-1.1.0.jar:/home/spirals/danglot/.m2/repository/org/opentest4j/opentest4j/1.0.0/opentest4j-1.0.0.jar:/home/spirals/danglot/.m2/repository/junit/junit/4.12/junit-4.12.jar:/home/spirals/danglot/.m2/repository/org/hamcrest/hamcrest-core/1.3/hamcrest-core-1.3.jar:/home/spirals/danglot/.m2/repository/org/hsqldb/hsqldb/2.4.0/hsqldb-2.4.0.jar:/home/spirals/danglot/.m2/repository/org/apache/derby/derby/10.14.1.0/derby-10.14.1.0.jar:/home/spirals/danglot/.m2/repository/org/mockito/mockito-core/2.16.0/mockito-core-2.16.0.jar:/home/spirals/danglot/.m2/repository/net/bytebuddy/byte-buddy/1.7.9/byte-buddy-1.7.9.jar:/home/spirals/danglot/.m2/repository/net/bytebuddy/byte-buddy-agent/1.7.9/byte-buddy-agent-1.7.9.jar:/home/spirals/danglot/.m2/repository/org/objenesis/objenesis/2.6/objenesis-2.6.jar:/home/spirals/danglot/.m2/repository/org/apache/commons/commons-dbcp2/2.2.0/commons-dbcp2-2.2.0.jar:/home/spirals/danglot/.m2/repository/org/apache/commons/commons-pool2/2.5.0/commons-pool2-2.5.0.jar:/home/spirals/danglot/.m2/repository/javax/transaction/javax.transaction-api/1.3/javax.transaction-api-1.3.jar:/home/spirals/danglot/.m2/repository/org/apache/velocity/velocity/1.7/velocity-1.7.jar:/home/spirals/danglot/.m2/repository/commons-collections/commons-collections/3.2.1/commons-collections-3.2.1.jar:/home/spirals/danglot/.m2/repository/commons-lang/commons-lang/2.4/commons-lang-2.4.jar:/home/spirals/danglot/.m2/repository/org/postgresql/postgresql/42.2.1/postgresql-42.2.1.jar:/home/spirals/danglot/.m2/repository/org/assertj/assertj-core/3.9.1/assertj-core-3.9.1.jar:/home/spirals/danglot/.m2/repository/eu/codearte/catch-exception/catch-exception/1.4.6/catch-exception-1.4.6.jar:/home/spirals/danglot/.m2/repository/ru/yandex/qatools/embed/postgresql-embedded/2.8/postgresql-embedded-2.8.jar:/home/spirals/danglot/.m2/repository/de/flapdoodle/embed/de.flapdoodle.embed.process/2.0.2/de.flapdoodle.embed.process-2.0.2.jar:/home/spirals/danglot/.m2/repository/commons-io/commons-io/2.4/commons-io-2.4.jar:/home/spirals/danglot/.m2/repository/org/apache/commons/commons-lang3/3.1/commons-lang3-3.1.jar:/home/spirals/danglot/.m2/repository/net/java/dev/jna/jna/4.0.0/jna-4.0.0.jar:/home/spirals/danglot/.m2/repository/net/java/dev/jna/jna-platform/4.0.0/jna-platform-4.0.0.jar:/home/spirals/danglot/.m2/repository/org/apache/commons/commons-compress/1.10/commons-compress-1.10.jar:/tmp/dspot-experiments/target/dspot/dependencies:/tmp/dspot/dspot/target/dspot-1.1.1-SNAPSHOT-jar-with-dependencies.jar eu.stamp_project.testrunner.runner.test.TestRunner org.apache.ibatis.binding.WrongMapperTest shouldFailForBothOneAndMany
File saved to the following path: /tmp/dspot-experiments/dataset/mybatis/target/dspot/TestListener.ser
SLF4J: Class path contains multiple SLF4J bindings.
SLF4J: Found binding in [jar:file:/home/spirals/danglot/.m2/repository/org/slf4j/slf4j-log4j12/1.7.25/slf4j-log4j12-1.7.25.jar!/org/slf4j/impl/StaticLoggerBinder.class]
SLF4J: Found binding in [jar:file:/tmp/dspot/dspot/target/dspot-1.1.1-SNAPSHOT-jar-with-dependencies.jar!/org/slf4j/impl/StaticLoggerBinder.class]
SLF4J: See http://www.slf4j.org/codes.html#multiple_bindings for an explanation.
SLF4J: Actual binding is of type [org.slf4j.impl.Log4jLoggerFactory]
2018-08-13 16:53:48,689 INFO eu.stamp_project.testrunner.EntryPoint - Test has been run: shouldFailForBothOneAndMany
2018-08-13 16:53:48,690 INFO eu.stamp_project.dspot.assertgenerator.AssertGenerator - 1 test pass, generating assertion...
2018-08-13 16:53:48,692 INFO eu.stamp_project.dspot.assertgenerator.MethodsAssertGenerator - Add observations points in passing tests.
2018-08-13 16:53:48,692 INFO eu.stamp_project.dspot.assertgenerator.MethodsAssertGenerator - Instrumentation...
100% |================================================== ]/
2018-08-13 16:53:48,708 INFO eu.stamp_project.dspot.assertgenerator.MethodsAssertGenerator - Run instrumented tests. (3)
2018-08-13 16:53:48,809 INFO eu.stamp_project.testrunner.EntryPoint - Run: java -classpath /tmp/dspot-experiments/dataset/mybatis/target/test-classes:/tmp/dspot-experiments/dataset/mybatis/target/classes/:/home/spirals/danglot/.m2/repository/ognl/ognl/3.2.6/ognl-3.2.6.jar:/home/spirals/danglot/.m2/repository/org/javassist/javassist/3.22.0-GA/javassist-3.22.0-GA.jar:/home/spirals/danglot/.m2/repository/org/slf4j/slf4j-api/1.7.25/slf4j-api-1.7.25.jar:/home/spirals/danglot/.m2/repository/org/slf4j/slf4j-log4j12/1.7.25/slf4j-log4j12-1.7.25.jar:/home/spirals/danglot/.m2/repository/log4j/log4j/1.2.17/log4j-1.2.17.jar:/home/spirals/danglot/.m2/repository/org/apache/logging/log4j/log4j-core/2.11.0/log4j-core-2.11.0.jar:/home/spirals/danglot/.m2/repository/org/apache/logging/log4j/log4j-api/2.11.0/log4j-api-2.11.0.jar:/home/spirals/danglot/.m2/repository/commons-logging/commons-logging/1.2/commons-logging-1.2.jar:/home/spirals/danglot/.m2/repository/cglib/cglib/3.2.6/cglib-3.2.6.jar:/home/spirals/danglot/.m2/repository/org/ow2/asm/asm/6.0/asm-6.0.jar:/home/spirals/danglot/.m2/repository/org/apache/ant/ant/1.9.6/ant-1.9.6.jar:/home/spirals/danglot/.m2/repository/org/apache/ant/ant-launcher/1.9.6/ant-launcher-1.9.6.jar:/home/spirals/danglot/.m2/repository/org/junit/vintage/junit-vintage-engine/5.1.0/junit-vintage-engine-5.1.0.jar:/home/spirals/danglot/.m2/repository/org/apiguardian/apiguardian-api/1.0.0/apiguardian-api-1.0.0.jar:/home/spirals/danglot/.m2/repository/org/junit/platform/junit-platform-engine/1.1.0/junit-platform-engine-1.1.0.jar:/home/spirals/danglot/.m2/repository/org/junit/platform/junit-platform-commons/1.1.0/junit-platform-commons-1.1.0.jar:/home/spirals/danglot/.m2/repository/org/opentest4j/opentest4j/1.0.0/opentest4j-1.0.0.jar:/home/spirals/danglot/.m2/repository/junit/junit/4.12/junit-4.12.jar:/home/spirals/danglot/.m2/repository/org/hamcrest/hamcrest-core/1.3/hamcrest-core-1.3.jar:/home/spirals/danglot/.m2/repository/org/hsqldb/hsqldb/2.4.0/hsqldb-2.4.0.jar:/home/spirals/danglot/.m2/repository/org/apache/derby/derby/10.14.1.0/derby-10.14.1.0.jar:/home/spirals/danglot/.m2/repository/org/mockito/mockito-core/2.16.0/mockito-core-2.16.0.jar:/home/spirals/danglot/.m2/repository/net/bytebuddy/byte-buddy/1.7.9/byte-buddy-1.7.9.jar:/home/spirals/danglot/.m2/repository/net/bytebuddy/byte-buddy-agent/1.7.9/byte-buddy-agent-1.7.9.jar:/home/spirals/danglot/.m2/repository/org/objenesis/objenesis/2.6/objenesis-2.6.jar:/home/spirals/danglot/.m2/repository/org/apache/commons/commons-dbcp2/2.2.0/commons-dbcp2-2.2.0.jar:/home/spirals/danglot/.m2/repository/org/apache/commons/commons-pool2/2.5.0/commons-pool2-2.5.0.jar:/home/spirals/danglot/.m2/repository/javax/transaction/javax.transaction-api/1.3/javax.transaction-api-1.3.jar:/home/spirals/danglot/.m2/repository/org/apache/velocity/velocity/1.7/velocity-1.7.jar:/home/spirals/danglot/.m2/repository/commons-collections/commons-collections/3.2.1/commons-collections-3.2.1.jar:/home/spirals/danglot/.m2/repository/commons-lang/commons-lang/2.4/commons-lang-2.4.jar:/home/spirals/danglot/.m2/repository/org/postgresql/postgresql/42.2.1/postgresql-42.2.1.jar:/home/spirals/danglot/.m2/repository/org/assertj/assertj-core/3.9.1/assertj-core-3.9.1.jar:/home/spirals/danglot/.m2/repository/eu/codearte/catch-exception/catch-exception/1.4.6/catch-exception-1.4.6.jar:/home/spirals/danglot/.m2/repository/ru/yandex/qatools/embed/postgresql-embedded/2.8/postgresql-embedded-2.8.jar:/home/spirals/danglot/.m2/repository/de/flapdoodle/embed/de.flapdoodle.embed.process/2.0.2/de.flapdoodle.embed.process-2.0.2.jar:/home/spirals/danglot/.m2/repository/commons-io/commons-io/2.4/commons-io-2.4.jar:/home/spirals/danglot/.m2/repository/org/apache/commons/commons-lang3/3.1/commons-lang3-3.1.jar:/home/spirals/danglot/.m2/repository/net/java/dev/jna/jna/4.0.0/jna-4.0.0.jar:/home/spirals/danglot/.m2/repository/net/java/dev/jna/jna-platform/4.0.0/jna-platform-4.0.0.jar:/home/spirals/danglot/.m2/repository/org/apache/commons/commons-compress/1.10/commons-compress-1.10.jar:/tmp/dspot-experiments/target/dspot/dependencies:/tmp/dspot/dspot/target/dspot-1.1.1-SNAPSHOT-jar-with-dependencies.jar eu.stamp_project.testrunner.runner.test.TestRunner org.apache.ibatis.binding.WrongMapperTest shouldFailForBothOneAndMany_withlog0:shouldFailForBothOneAndMany_withlog1:shouldFailForBothOneAndMany_withlog2
File saved to the following path: /tmp/dspot-experiments/dataset/mybatis/target/dspot/observations.ser
File saved to the following path: /tmp/dspot-experiments/dataset/mybatis/target/dspot/TestListener.ser
SLF4J: Class path contains multiple SLF4J bindings.
SLF4J: Found binding in [jar:file:/home/spirals/danglot/.m2/repository/org/slf4j/slf4j-log4j12/1.7.25/slf4j-log4j12-1.7.25.jar!/org/slf4j/impl/StaticLoggerBinder.class]
SLF4J: Found binding in [jar:file:/tmp/dspot/dspot/target/dspot-1.1.1-SNAPSHOT-jar-with-dependencies.jar!/org/slf4j/impl/StaticLoggerBinder.class]
SLF4J: See http://www.slf4j.org/codes.html#multiple_bindings for an explanation.
SLF4J: Actual binding is of type [org.slf4j.impl.Log4jLoggerFactory]
2018-08-13 16:53:49,405 INFO eu.stamp_project.testrunner.EntryPoint - Test has been run: shouldFailForBothOneAndMany_withlog0,shouldFailForBothOneAndMany_withlog1,shouldFailForBothOneAndMany_withlog2
2018-08-13 16:53:49,408 INFO eu.stamp_project.dspot.assertgenerator.MethodsAssertGenerator - Generating assertions...
2018-08-13 16:53:49,413 INFO eu.stamp_project.dspot.assertgenerator.AssertGenerator - Could not generate any test with assertions
2018-08-13 16:53:49,413 INFO eu.stamp_project.dspot.Amplification - 0 amplified test methods has been selected to be kept. (global: 0)
2018-08-13 16:53:49,413 INFO eu.stamp_project.dspot.Amplification - Applying Input-amplification and Assertion-amplification test by test.
2018-08-13 16:53:49,415 INFO eu.stamp_project.dspot.Amplification - Amplification of shouldFailForBothOneAndMany, (1/1)
2018-08-13 16:53:49,416 INFO eu.stamp_project.dspot.Amplification - iteration 0 / 3
2018-08-13 16:53:49,416 INFO eu.stamp_project.dspot.Amplification - 1 tests selected to be amplified over 1 available tests
2018-08-13 16:53:49,416 INFO eu.stamp_project.dspot.budget.NoBudgetizer - Amplification of inputs...
100% |================================================== ]/
2018-08-13 16:54:00,373 INFO eu.stamp_project.dspot.budget.NoBudgetizer - 97 new tests generated
2018-08-13 16:54:01,315 INFO eu.stamp_project.dspot.assertgenerator.AssertGenerator - Run tests. (97)
2018-08-13 16:54:01,530 ERROR eu.stamp_project.utils.compilation.TestCompiler - Error(s) during compilation:
2018-08-13 16:54:01,531 ERROR eu.stamp_project.utils.compilation.TestCompiler - Pb(130) The constructor Environment(String) is undefined
2018-08-13 16:54:01,531 ERROR eu.stamp_project.utils.compilation.TestCompiler - Pb(100) The method createSelectAuthorWithIDof99MappedStatement(Configuration) is undefined for the type WrongMapperTest
2018-08-13 16:54:01,531 ERROR eu.stamp_project.utils.compilation.TestCompiler - Pb(130) The constructor Configuration(String, int, float) is undefined
2018-08-13 16:54:01,531 ERROR eu.stamp_project.utils.compilation.TestCompiler - Pb(130) The constructor BoundSql(Configuration, String, List<Object>, Object) is undefined
2018-08-13 16:54:01,531 ERROR eu.stamp_project.utils.compilation.TestCompiler - Pb(130) The constructor Environment(String) is undefined
2018-08-13 16:54:01,531 ERROR eu.stamp_project.utils.compilation.TestCompiler - Pb(100) The method createSelectAuthorWithIDof99MappedStatement(Configuration) is undefined for the type WrongMapperTest
2018-08-13 16:54:01,531 ERROR eu.stamp_project.utils.compilation.TestCompiler - Pb(130) The constructor Environment(String) is undefined
2018-08-13 16:54:01,531 ERROR eu.stamp_project.utils.compilation.TestCompiler - Pb(114) Cannot invoke addMapper(Class<MapperWithOneAndMany>) on the primitive type null
2018-08-13 16:54:01,933 INFO eu.stamp_project.testrunner.EntryPoint - Run: java -classpath /tmp/dspot-experiments/dataset/mybatis/target/test-classes:/tmp/dspot-experiments/dataset/mybatis/target/classes/:/home/spirals/danglot/.m2/repository/ognl/ognl/3.2.6/ognl-3.2.6.jar:/home/spirals/danglot/.m2/repository/org/javassist/javassist/3.22.0-GA/javassist-3.22.0-GA.jar:/home/spirals/danglot/.m2/repository/org/slf4j/slf4j-api/1.7.25/slf4j-api-1.7.25.jar:/home/spirals/danglot/.m2/repository/org/slf4j/slf4j-log4j12/1.7.25/slf4j-log4j12-1.7.25.jar:/home/spirals/danglot/.m2/repository/log4j/log4j/1.2.17/log4j-1.2.17.jar:/home/spirals/danglot/.m2/repository/org/apache/logging/log4j/log4j-core/2.11.0/log4j-core-2.11.0.jar:/home/spirals/danglot/.m2/repository/org/apache/logging/log4j/log4j-api/2.11.0/log4j-api-2.11.0.jar:/home/spirals/danglot/.m2/repository/commons-logging/commons-logging/1.2/commons-logging-1.2.jar:/home/spirals/danglot/.m2/repository/cglib/cglib/3.2.6/cglib-3.2.6.jar:/home/spirals/danglot/.m2/repository/org/ow2/asm/asm/6.0/asm-6.0.jar:/home/spirals/danglot/.m2/repository/org/apache/ant/ant/1.9.6/ant-1.9.6.jar:/home/spirals/danglot/.m2/repository/org/apache/ant/ant-launcher/1.9.6/ant-launcher-1.9.6.jar:/home/spirals/danglot/.m2/repository/org/junit/vintage/junit-vintage-engine/5.1.0/junit-vintage-engine-5.1.0.jar:/home/spirals/danglot/.m2/repository/org/apiguardian/apiguardian-api/1.0.0/apiguardian-api-1.0.0.jar:/home/spirals/danglot/.m2/repository/org/junit/platform/junit-platform-engine/1.1.0/junit-platform-engine-1.1.0.jar:/home/spirals/danglot/.m2/repository/org/junit/platform/junit-platform-commons/1.1.0/junit-platform-commons-1.1.0.jar:/home/spirals/danglot/.m2/repository/org/opentest4j/opentest4j/1.0.0/opentest4j-1.0.0.jar:/home/spirals/danglot/.m2/repository/junit/junit/4.12/junit-4.12.jar:/home/spirals/danglot/.m2/repository/org/hamcrest/hamcrest-core/1.3/hamcrest-core-1.3.jar:/home/spirals/danglot/.m2/repository/org/hsqldb/hsqldb/2.4.0/hsqldb-2.4.0.jar:/home/spirals/danglot/.m2/repository/org/apache/derby/derby/10.14.1.0/derby-10.14.1.0.jar:/home/spirals/danglot/.m2/repository/org/mockito/mockito-core/2.16.0/mockito-core-2.16.0.jar:/home/spirals/danglot/.m2/repository/net/bytebuddy/byte-buddy/1.7.9/byte-buddy-1.7.9.jar:/home/spirals/danglot/.m2/repository/net/bytebuddy/byte-buddy-agent/1.7.9/byte-buddy-agent-1.7.9.jar:/home/spirals/danglot/.m2/repository/org/objenesis/objenesis/2.6/objenesis-2.6.jar:/home/spirals/danglot/.m2/repository/org/apache/commons/commons-dbcp2/2.2.0/commons-dbcp2-2.2.0.jar:/home/spirals/danglot/.m2/repository/org/apache/commons/commons-pool2/2.5.0/commons-pool2-2.5.0.jar:/home/spirals/danglot/.m2/repository/javax/transaction/javax.transaction-api/1.3/javax.transaction-api-1.3.jar:/home/spirals/danglot/.m2/repository/org/apache/velocity/velocity/1.7/velocity-1.7.jar:/home/spirals/danglot/.m2/repository/commons-collections/commons-collections/3.2.1/commons-collections-3.2.1.jar:/home/spirals/danglot/.m2/repository/commons-lang/commons-lang/2.4/commons-lang-2.4.jar:/home/spirals/danglot/.m2/repository/org/postgresql/postgresql/42.2.1/postgresql-42.2.1.jar:/home/spirals/danglot/.m2/repository/org/assertj/assertj-core/3.9.1/assertj-core-3.9.1.jar:/home/spirals/danglot/.m2/repository/eu/codearte/catch-exception/catch-exception/1.4.6/catch-exception-1.4.6.jar:/home/spirals/danglot/.m2/repository/ru/yandex/qatools/embed/postgresql-embedded/2.8/postgresql-embedded-2.8.jar:/home/spirals/danglot/.m2/repository/de/flapdoodle/embed/de.flapdoodle.embed.process/2.0.2/de.flapdoodle.embed.process-2.0.2.jar:/home/spirals/danglot/.m2/repository/commons-io/commons-io/2.4/commons-io-2.4.jar:/home/spirals/danglot/.m2/repository/org/apache/commons/commons-lang3/3.1/commons-lang3-3.1.jar:/home/spirals/danglot/.m2/repository/net/java/dev/jna/jna/4.0.0/jna-4.0.0.jar:/home/spirals/danglot/.m2/repository/net/java/dev/jna/jna-platform/4.0.0/jna-platform-4.0.0.jar:/home/spirals/danglot/.m2/repository/org/apache/commons/commons-compress/1.10/commons-compress-1.10.jar:/tmp/dspot-experiments/target/dspot/dependencies:/tmp/dspot/dspot/target/dspot-1.1.1-SNAPSHOT-jar-with-dependencies.jar eu.stamp_project.testrunner.runner.test.TestRunner org.apache.ibatis.binding.WrongMapperTest shouldFailForBothOneAndMany_add1:shouldFailForBothOneAndMany_remove2:shouldFailForBothOneAndMany_mg3:shouldFailForBothOneAndMany_mg5:shouldFailForBothOneAndMany_mg7:shouldFailForBothOneAndMany_mg8:shouldFailForBothOneAndMany_mg9:shouldFailForBothOneAndMany_mg10:shouldFailForBothOneAndMany_mg11:shouldFailForBothOneAndMany_mg12:shouldFailForBothOneAndMany_mg13:shouldFailForBothOneAndMany_mg14:shouldFailForBothOneAndMany_mg15:shouldFailForBothOneAndMany_mg16:shouldFailForBothOneAndMany_mg17:shouldFailForBothOneAndMany_mg18:shouldFailForBothOneAndMany_mg19:shouldFailForBothOneAndMany_mg20:shouldFailForBothOneAndMany_mg21:shouldFailForBothOneAndMany_mg22:shouldFailForBothOneAndMany_mg23:shouldFailForBothOneAndMany_mg24:shouldFailForBothOneAndMany_mg25:shouldFailForBothOneAndMany_mg26:shouldFailForBothOneAndMany_mg27:shouldFailForBothOneAndMany_mg28:shouldFailForBothOneAndMany_mg29:shouldFailForBothOneAndMany_mg30:shouldFailForBothOneAndMany_mg31:shouldFailForBothOneAndMany_mg32:shouldFailForBothOneAndMany_mg33:shouldFailForBothOneAndMany_mg34:shouldFailForBothOneAndMany_mg35:shouldFailForBothOneAndMany_mg36:shouldFailForBothOneAndMany_mg37:shouldFailForBothOneAndMany_mg38:shouldFailForBothOneAndMany_mg39:shouldFailForBothOneAndMany_mg40:shouldFailForBothOneAndMany_mg41:shouldFailForBothOneAndMany_mg42:shouldFailForBothOneAndMany_mg43:shouldFailForBothOneAndMany_mg44:shouldFailForBothOneAndMany_mg45:shouldFailForBothOneAndMany_mg46:shouldFailForBothOneAndMany_mg47:shouldFailForBothOneAndMany_mg48:shouldFailForBothOneAndMany_mg49:shouldFailForBothOneAndMany_mg50:shouldFailForBothOneAndMany_mg51:shouldFailForBothOneAndMany_mg52:shouldFailForBothOneAndMany_mg53:shouldFailForBothOneAndMany_mg54:shouldFailForBothOneAndMany_mg55:shouldFailForBothOneAndMany_mg56:shouldFailForBothOneAndMany_mg57:shouldFailForBothOneAndMany_mg58:shouldFailForBothOneAndMany_mg59:shouldFailForBothOneAndMany_mg60:shouldFailForBothOneAndMany_mg61:shouldFailForBothOneAndMany_mg62:shouldFailForBothOneAndMany_mg63:shouldFailForBothOneAndMany_mg64:shouldFailForBothOneAndMany_mg65:shouldFailForBothOneAndMany_mg66:shouldFailForBothOneAndMany_mg67:shouldFailForBothOneAndMany_mg68:shouldFailForBothOneAndMany_mg69:shouldFailForBothOneAndMany_mg70:shouldFailForBothOneAndMany_mg71:shouldFailForBothOneAndMany_mg72:shouldFailForBothOneAndMany_mg73:shouldFailForBothOneAndMany_mg74:shouldFailForBothOneAndMany_mg76:shouldFailForBothOneAndMany_mg77:shouldFailForBothOneAndMany_mg78:shouldFailForBothOneAndMany_mg79:shouldFailForBothOneAndMany_mg80:shouldFailForBothOneAndMany_mg81:shouldFailForBothOneAndMany_mg83:shouldFailForBothOneAndMany_mg84:shouldFailForBothOneAndMany_mg85:shouldFailForBothOneAndMany_mg86:shouldFailForBothOneAndMany_mg87:shouldFailForBothOneAndMany_mg88:shouldFailForBothOneAndMany_mg89:shouldFailForBothOneAndMany_mg90:shouldFailForBothOneAndMany_mg91:shouldFailForBothOneAndMany_mg92:shouldFailForBothOneAndMany_mg93:shouldFailForBothOneAndMany_mg94:shouldFailForBothOneAndManynull95:shouldFailForBothOneAndManynull97
File saved to the following path: /tmp/dspot-experiments/dataset/mybatis/target/dspot/TestListener.ser
SLF4J: Class path contains multiple SLF4J bindings.
SLF4J: Found binding in [jar:file:/home/spirals/danglot/.m2/repository/org/slf4j/slf4j-log4j12/1.7.25/slf4j-log4j12-1.7.25.jar!/org/slf4j/impl/StaticLoggerBinder.class]
SLF4J: Found binding in [jar:file:/tmp/dspot/dspot/target/dspot-1.1.1-SNAPSHOT-jar-with-dependencies.jar!/org/slf4j/impl/StaticLoggerBinder.class]
SLF4J: See http://www.slf4j.org/codes.html#multiple_bindings for an explanation.
SLF4J: Actual binding is of type [org.slf4j.impl.Log4jLoggerFactory]
2018-08-13 16:54:02,831 INFO eu.stamp_project.testrunner.EntryPoint - Test has been run: shouldFailForBothOneAndMany_add1,shouldFailForBothOneAndMany_mg10,shouldFailForBothOneAndMany_mg11,shouldFailForBothOneAndMany_mg12,shouldFailForBothOneAndMany_mg13,shouldFailForBothOneAndMany_mg14,shouldFailForBothOneAndMany_mg15,shouldFailForBothOneAndMany_mg16,shouldFailForBothOneAndMany_mg17,shouldFailForBothOneAndMany_mg18,shouldFailForBothOneAndMany_mg19,shouldFailForBothOneAndMany_mg20,shouldFailForBothOneAndMany_mg21,shouldFailForBothOneAndMany_mg22,shouldFailForBothOneAndMany_mg23,shouldFailForBothOneAndMany_mg24,shouldFailForBothOneAndMany_mg25,shouldFailForBothOneAndMany_mg26,shouldFailForBothOneAndMany_mg27,shouldFailForBothOneAndMany_mg28,shouldFailForBothOneAndMany_mg29,shouldFailForBothOneAndMany_mg30,shouldFailForBothOneAndMany_mg31,shouldFailForBothOneAndMany_mg32,shouldFailForBothOneAndMany_mg33,shouldFailForBothOneAndMany_mg34,shouldFailForBothOneAndMany_mg35,shouldFailForBothOneAndMany_mg36,shouldFailForBothOneAndMany_mg37,shouldFailForBothOneAndMany_mg38,shouldFailForBothOneAndMany_mg39,shouldFailForBothOneAndMany_mg40,shouldFailForBothOneAndMany_mg41,shouldFailForBothOneAndMany_mg42,shouldFailForBothOneAndMany_mg43,shouldFailForBothOneAndMany_mg44,shouldFailForBothOneAndMany_mg45,shouldFailForBothOneAndMany_mg46,shouldFailForBothOneAndMany_mg47,shouldFailForBothOneAndMany_mg48,shouldFailForBothOneAndMany_mg49,shouldFailForBothOneAndMany_mg50,shouldFailForBothOneAndMany_mg51,shouldFailForBothOneAndMany_mg52,shouldFailForBothOneAndMany_mg53,shouldFailForBothOneAndMany_mg54,shouldFailForBothOneAndMany_mg55,shouldFailForBothOneAndMany_mg56,shouldFailForBothOneAndMany_mg57,shouldFailForBothOneAndMany_mg58,shouldFailForBothOneAndMany_mg59,shouldFailForBothOneAndMany_mg60,shouldFailForBothOneAndMany_mg61,shouldFailForBothOneAndMany_mg62,shouldFailForBothOneAndMany_mg63,shouldFailForBothOneAndMany_mg64,shouldFailForBothOneAndMany_mg65,shouldFailForBothOneAndMany_mg66,shouldFailForBothOneAndMany_mg67,shouldFailForBothOneAndMany_mg68,shouldFailForBothOneAndMany_mg69,shouldFailForBothOneAndMany_mg70,shouldFailForBothOneAndMany_mg71,shouldFailForBothOneAndMany_mg72,shouldFailForBothOneAndMany_mg73,shouldFailForBothOneAndMany_mg74,shouldFailForBothOneAndMany_mg76,shouldFailForBothOneAndMany_mg77,shouldFailForBothOneAndMany_mg78,shouldFailForBothOneAndMany_mg79,shouldFailForBothOneAndMany_mg80,shouldFailForBothOneAndMany_mg81,shouldFailForBothOneAndMany_mg83,shouldFailForBothOneAndMany_mg84,shouldFailForBothOneAndMany_mg85,shouldFailForBothOneAndMany_mg86,shouldFailForBothOneAndMany_mg87,shouldFailForBothOneAndMany_mg88,shouldFailForBothOneAndMany_mg89,shouldFailForBothOneAndMany_mg90,shouldFailForBothOneAndMany_mg91,shouldFailForBothOneAndMany_mg92,shouldFailForBothOneAndMany_mg93,shouldFailForBothOneAndMany_mg94,shouldFailForBothOneAndManynull95,shouldFailForBothOneAndManynull97,shouldFailForBothOneAndMany_mg3,shouldFailForBothOneAndMany_mg5,shouldFailForBothOneAndMany_mg7,shouldFailForBothOneAndMany_mg8,shouldFailForBothOneAndMany_mg9,shouldFailForBothOneAndMany_remove2(org.apache.ibatis.binding.WrongMapperTest): Expected exception: java.lang.RuntimeException
2018-08-13 16:54:02,831 INFO eu.stamp_project.dspot.assertgenerator.AssertGenerator - 91 test pass, generating assertion...
2018-08-13 16:54:02,851 INFO eu.stamp_project.dspot.assertgenerator.MethodsAssertGenerator - Add observations points in passing tests.
2018-08-13 16:54:02,851 INFO eu.stamp_project.dspot.assertgenerator.MethodsAssertGenerator - Instrumentation...
  1% | ]/  2% |= ]-  3% |= ]\  4% |== ]|  5% |== ]/  6% |=== ]-  7% |=== ]\  8% |==== ]|  9% |==== ]/ 10% |===== ]- 12% |====== ]\ 13% |====== ]| 14% |======= ]/ 15% |======= ]- 16% |======== ]\ 17% |======== ]| 18% |========= ]/ 19% |========= ]- 20% |========== ]\ 21% |========== ]| 23% |=========== ]/ 24% |============ ]- 25% |============ ]\ 26% |============= ]| 27% |============= ]/ 28% |============== ]- 29% |============== ]\ 30% |=============== ]| 31% |=============== ]/ 32% |================ ]- 34% |================= ]\ 35% |================= ]| 36% |================== ]/ 37% |================== ]- 38% |=================== ]\ 39% |=================== ]| 40% |==================== ]/ 41% |==================== ]- 42% |===================== ]\ 43% |===================== ]| 45% |====================== ]/ 46% |======================= ]- 47% |======================= ]\ 48% |======================== ]| 49% |======================== ]/ 50% |========================= ]- 51% |========================= ]\ 52% |========================== ]| 53% |========================== ]/ 54% |=========================== ]- 56% |============================ ]\ 57% |============================ ]| 58% |============================= ]/ 59% |============================= ]- 60% |============================== ]\ 61% |============================== ]| 62% |=============================== ]/ 63% |=============================== ]- 64% |================================ ]\ 65% |================================ ]| 67% |================================= ]/ 68% |================================== ]- 69% |================================== ]\ 70% |=================================== ]| 71% |=================================== ]/ 72% |==================================== ]- 73% |==================================== ]\ 74% |===================================== ]| 75% |===================================== ]/ 76% |====================================== ]- 78% |======================================= ]\ 79% |======================================= ]| 80% |======================================== ]/ 81% |======================================== ]- 82% |========================================= ]\ 83% |========================================= ]| 84% |========================================== ]/ 85% |========================================== ]- 86% |=========================================== ]\ 87% |=========================================== ]| 89% |============================================ ]/ 90% |============================================= ]- 91% |============================================= ]\ 92% |============================================== ]| 93% |============================================== ]/ 94% |=============================================== ]- 95% |=============================================== ]\ 96% |================================================ ]| 97% |================================================ ]/ 98% |================================================= ]-100% |================================================== ]\
2018-08-13 16:54:03,005 INFO eu.stamp_project.dspot.assertgenerator.MethodsAssertGenerator - Run instrumented tests. (273)
2018-08-13 16:54:03,301 INFO eu.stamp_project.testrunner.EntryPoint - Run: java -classpath /tmp/dspot-experiments/dataset/mybatis/target/test-classes:/tmp/dspot-experiments/dataset/mybatis/target/classes/:/home/spirals/danglot/.m2/repository/ognl/ognl/3.2.6/ognl-3.2.6.jar:/home/spirals/danglot/.m2/repository/org/javassist/javassist/3.22.0-GA/javassist-3.22.0-GA.jar:/home/spirals/danglot/.m2/repository/org/slf4j/slf4j-api/1.7.25/slf4j-api-1.7.25.jar:/home/spirals/danglot/.m2/repository/org/slf4j/slf4j-log4j12/1.7.25/slf4j-log4j12-1.7.25.jar:/home/spirals/danglot/.m2/repository/log4j/log4j/1.2.17/log4j-1.2.17.jar:/home/spirals/danglot/.m2/repository/org/apache/logging/log4j/log4j-core/2.11.0/log4j-core-2.11.0.jar:/home/spirals/danglot/.m2/repository/org/apache/logging/log4j/log4j-api/2.11.0/log4j-api-2.11.0.jar:/home/spirals/danglot/.m2/repository/commons-logging/commons-logging/1.2/commons-logging-1.2.jar:/home/spirals/danglot/.m2/repository/cglib/cglib/3.2.6/cglib-3.2.6.jar:/home/spirals/danglot/.m2/repository/org/ow2/asm/asm/6.0/asm-6.0.jar:/home/spirals/danglot/.m2/repository/org/apache/ant/ant/1.9.6/ant-1.9.6.jar:/home/spirals/danglot/.m2/repository/org/apache/ant/ant-launcher/1.9.6/ant-launcher-1.9.6.jar:/home/spirals/danglot/.m2/repository/org/junit/vintage/junit-vintage-engine/5.1.0/junit-vintage-engine-5.1.0.jar:/home/spirals/danglot/.m2/repository/org/apiguardian/apiguardian-api/1.0.0/apiguardian-api-1.0.0.jar:/home/spirals/danglot/.m2/repository/org/junit/platform/junit-platform-engine/1.1.0/junit-platform-engine-1.1.0.jar:/home/spirals/danglot/.m2/repository/org/junit/platform/junit-platform-commons/1.1.0/junit-platform-commons-1.1.0.jar:/home/spirals/danglot/.m2/repository/org/opentest4j/opentest4j/1.0.0/opentest4j-1.0.0.jar:/home/spirals/danglot/.m2/repository/junit/junit/4.12/junit-4.12.jar:/home/spirals/danglot/.m2/repository/org/hamcrest/hamcrest-core/1.3/hamcrest-core-1.3.jar:/home/spirals/danglot/.m2/repository/org/hsqldb/hsqldb/2.4.0/hsqldb-2.4.0.jar:/home/spirals/danglot/.m2/repository/org/apache/derby/derby/10.14.1.0/derby-10.14.1.0.jar:/home/spirals/danglot/.m2/repository/org/mockito/mockito-core/2.16.0/mockito-core-2.16.0.jar:/home/spirals/danglot/.m2/repository/net/bytebuddy/byte-buddy/1.7.9/byte-buddy-1.7.9.jar:/home/spirals/danglot/.m2/repository/net/bytebuddy/byte-buddy-agent/1.7.9/byte-buddy-agent-1.7.9.jar:/home/spirals/danglot/.m2/repository/org/objenesis/objenesis/2.6/objenesis-2.6.jar:/home/spirals/danglot/.m2/repository/org/apache/commons/commons-dbcp2/2.2.0/commons-dbcp2-2.2.0.jar:/home/spirals/danglot/.m2/repository/org/apache/commons/commons-pool2/2.5.0/commons-pool2-2.5.0.jar:/home/spirals/danglot/.m2/repository/javax/transaction/javax.transaction-api/1.3/javax.transaction-api-1.3.jar:/home/spirals/danglot/.m2/repository/org/apache/velocity/velocity/1.7/velocity-1.7.jar:/home/spirals/danglot/.m2/repository/commons-collections/commons-collections/3.2.1/commons-collections-3.2.1.jar:/home/spirals/danglot/.m2/repository/commons-lang/commons-lang/2.4/commons-lang-2.4.jar:/home/spirals/danglot/.m2/repository/org/postgresql/postgresql/42.2.1/postgresql-42.2.1.jar:/home/spirals/danglot/.m2/repository/org/assertj/assertj-core/3.9.1/assertj-core-3.9.1.jar:/home/spirals/danglot/.m2/repository/eu/codearte/catch-exception/catch-exception/1.4.6/catch-exception-1.4.6.jar:/home/spirals/danglot/.m2/repository/ru/yandex/qatools/embed/postgresql-embedded/2.8/postgresql-embedded-2.8.jar:/home/spirals/danglot/.m2/repository/de/flapdoodle/embed/de.flapdoodle.embed.process/2.0.2/de.flapdoodle.embed.process-2.0.2.jar:/home/spirals/danglot/.m2/repository/commons-io/commons-io/2.4/commons-io-2.4.jar:/home/spirals/danglot/.m2/repository/org/apache/commons/commons-lang3/3.1/commons-lang3-3.1.jar:/home/spirals/danglot/.m2/repository/net/java/dev/jna/jna/4.0.0/jna-4.0.0.jar:/home/spirals/danglot/.m2/repository/net/java/dev/jna/jna-platform/4.0.0/jna-platform-4.0.0.jar:/home/spirals/danglot/.m2/repository/org/apache/commons/commons-compress/1.10/commons-compress-1.10.jar:/tmp/dspot-experiments/target/dspot/dependencies:/tmp/dspot/dspot/target/dspot-1.1.1-SNAPSHOT-jar-with-dependencies.jar eu.stamp_project.testrunner.runner.test.TestRunner org.apache.ibatis.binding.WrongMapperTest shouldFailForBothOneAndMany_add1_withlog0:shouldFailForBothOneAndMany_mg3_withlog0:shouldFailForBothOneAndMany_mg5_withlog0:shouldFailForBothOneAndMany_mg7_withlog0:shouldFailForBothOneAndMany_mg8_withlog0:shouldFailForBothOneAndMany_mg9_withlog0:shouldFailForBothOneAndMany_mg10_withlog0:shouldFailForBothOneAndMany_mg11_withlog0:shouldFailForBothOneAndMany_mg12_withlog0:shouldFailForBothOneAndMany_mg13_withlog0:shouldFailForBothOneAndMany_mg14_withlog0:shouldFailForBothOneAndMany_mg15_withlog0:shouldFailForBothOneAndMany_mg16_withlog0:shouldFailForBothOneAndMany_mg17_withlog0:shouldFailForBothOneAndMany_mg18_withlog0:shouldFailForBothOneAndMany_mg19_withlog0:shouldFailForBothOneAndMany_mg20_withlog0:shouldFailForBothOneAndMany_mg21_withlog0:shouldFailForBothOneAndMany_mg22_withlog0:shouldFailForBothOneAndMany_mg23_withlog0:shouldFailForBothOneAndMany_mg24_withlog0:shouldFailForBothOneAndMany_mg25_withlog0:shouldFailForBothOneAndMany_mg26_withlog0:shouldFailForBothOneAndMany_mg27_withlog0:shouldFailForBothOneAndMany_mg28_withlog0:shouldFailForBothOneAndMany_mg29_withlog0:shouldFailForBothOneAndMany_mg30_withlog0:shouldFailForBothOneAndMany_mg31_withlog0:shouldFailForBothOneAndMany_mg32_withlog0:shouldFailForBothOneAndMany_mg33_withlog0:shouldFailForBothOneAndMany_mg34_withlog0:shouldFailForBothOneAndMany_mg35_withlog0:shouldFailForBothOneAndMany_mg36_withlog0:shouldFailForBothOneAndMany_mg37_withlog0:shouldFailForBothOneAndMany_mg38_withlog0:shouldFailForBothOneAndMany_mg39_withlog0:shouldFailForBothOneAndMany_mg40_withlog0:shouldFailForBothOneAndMany_mg41_withlog0:shouldFailForBothOneAndMany_mg42_withlog0:shouldFailForBothOneAndMany_mg43_withlog0:shouldFailForBothOneAndMany_mg44_withlog0:shouldFailForBothOneAndMany_mg45_withlog0:shouldFailForBothOneAndMany_mg46_withlog0:shouldFailForBothOneAndMany_mg47_withlog0:shouldFailForBothOneAndMany_mg48_withlog0:shouldFailForBothOneAndMany_mg49_withlog0:shouldFailForBothOneAndMany_mg50_withlog0:shouldFailForBothOneAndMany_mg51_withlog0:shouldFailForBothOneAndMany_mg52_withlog0:shouldFailForBothOneAndMany_mg53_withlog0:shouldFailForBothOneAndMany_mg54_withlog0:shouldFailForBothOneAndMany_mg55_withlog0:shouldFailForBothOneAndMany_mg56_withlog0:shouldFailForBothOneAndMany_mg57_withlog0:shouldFailForBothOneAndMany_mg58_withlog0:shouldFailForBothOneAndMany_mg59_withlog0:shouldFailForBothOneAndMany_mg60_withlog0:shouldFailForBothOneAndMany_mg61_withlog0:shouldFailForBothOneAndMany_mg62_withlog0:shouldFailForBothOneAndMany_mg63_withlog0:shouldFailForBothOneAndMany_mg64_withlog0:shouldFailForBothOneAndMany_mg65_withlog0:shouldFailForBothOneAndMany_mg66_withlog0:shouldFailForBothOneAndMany_mg67_withlog0:shouldFailForBothOneAndMany_mg68_withlog0:shouldFailForBothOneAndMany_mg69_withlog0:shouldFailForBothOneAndMany_mg70_withlog0:shouldFailForBothOneAndMany_mg71_withlog0:shouldFailForBothOneAndMany_mg72_withlog0:shouldFailForBothOneAndMany_mg73_withlog0:shouldFailForBothOneAndMany_mg74_withlog0:shouldFailForBothOneAndMany_mg76_withlog0:shouldFailForBothOneAndMany_mg77_withlog0:shouldFailForBothOneAndMany_mg78_withlog0:shouldFailForBothOneAndMany_mg79_withlog0:shouldFailForBothOneAndMany_mg80_withlog0:shouldFailForBothOneAndMany_mg81_withlog0:shouldFailForBothOneAndMany_mg83_withlog0:shouldFailForBothOneAndMany_mg84_withlog0:shouldFailForBothOneAndMany_mg85_withlog0:shouldFailForBothOneAndMany_mg86_withlog0:shouldFailForBothOneAndMany_mg87_withlog0:shouldFailForBothOneAndMany_mg88_withlog0:shouldFailForBothOneAndMany_mg89_withlog0:shouldFailForBothOneAndMany_mg90_withlog0:shouldFailForBothOneAndMany_mg91_withlog0:shouldFailForBothOneAndMany_mg92_withlog0:shouldFailForBothOneAndMany_mg93_withlog0:shouldFailForBothOneAndMany_mg94_withlog0:shouldFailForBothOneAndManynull95_withlog0:shouldFailForBothOneAndManynull97_withlog0:shouldFailForBothOneAndMany_add1_withlog1:shouldFailForBothOneAndMany_mg3_withlog1:shouldFailForBothOneAndMany_mg5_withlog1:shouldFailForBothOneAndMany_mg7_withlog1:shouldFailForBothOneAndMany_mg8_withlog1:shouldFailForBothOneAndMany_mg9_withlog1:shouldFailForBothOneAndMany_mg10_withlog1:shouldFailForBothOneAndMany_mg11_withlog1:shouldFailForBothOneAndMany_mg12_withlog1:shouldFailForBothOneAndMany_mg13_withlog1:shouldFailForBothOneAndMany_mg14_withlog1:shouldFailForBothOneAndMany_mg15_withlog1:shouldFailForBothOneAndMany_mg16_withlog1:shouldFailForBothOneAndMany_mg17_withlog1:shouldFailForBothOneAndMany_mg18_withlog1:shouldFailForBothOneAndMany_mg19_withlog1:shouldFailForBothOneAndMany_mg20_withlog1:shouldFailForBothOneAndMany_mg21_withlog1:shouldFailForBothOneAndMany_mg22_withlog1:shouldFailForBothOneAndMany_mg23_withlog1:shouldFailForBothOneAndMany_mg24_withlog1:shouldFailForBothOneAndMany_mg25_withlog1:shouldFailForBothOneAndMany_mg26_withlog1:shouldFailForBothOneAndMany_mg27_withlog1:shouldFailForBothOneAndMany_mg28_withlog1:shouldFailForBothOneAndMany_mg29_withlog1:shouldFailForBothOneAndMany_mg30_withlog1:shouldFailForBothOneAndMany_mg31_withlog1:shouldFailForBothOneAndMany_mg32_withlog1:shouldFailForBothOneAndMany_mg33_withlog1:shouldFailForBothOneAndMany_mg34_withlog1:shouldFailForBothOneAndMany_mg35_withlog1:shouldFailForBothOneAndMany_mg36_withlog1:shouldFailForBothOneAndMany_mg37_withlog1:shouldFailForBothOneAndMany_mg38_withlog1:shouldFailForBothOneAndMany_mg39_withlog1:shouldFailForBothOneAndMany_mg40_withlog1:shouldFailForBothOneAndMany_mg41_withlog1:shouldFailForBothOneAndMany_mg42_withlog1:shouldFailForBothOneAndMany_mg43_withlog1:shouldFailForBothOneAndMany_mg44_withlog1:shouldFailForBothOneAndMany_mg45_withlog1:shouldFailForBothOneAndMany_mg46_withlog1:shouldFailForBothOneAndMany_mg47_withlog1:shouldFailForBothOneAndMany_mg48_withlog1:shouldFailForBothOneAndMany_mg49_withlog1:shouldFailForBothOneAndMany_mg50_withlog1:shouldFailForBothOneAndMany_mg51_withlog1:shouldFailForBothOneAndMany_mg52_withlog1:shouldFailForBothOneAndMany_mg53_withlog1:shouldFailForBothOneAndMany_mg54_withlog1:shouldFailForBothOneAndMany_mg55_withlog1:shouldFailForBothOneAndMany_mg56_withlog1:shouldFailForBothOneAndMany_mg57_withlog1:shouldFailForBothOneAndMany_mg58_withlog1:shouldFailForBothOneAndMany_mg59_withlog1:shouldFailForBothOneAndMany_mg60_withlog1:shouldFailForBothOneAndMany_mg61_withlog1:shouldFailForBothOneAndMany_mg62_withlog1:shouldFailForBothOneAndMany_mg63_withlog1:shouldFailForBothOneAndMany_mg64_withlog1:shouldFailForBothOneAndMany_mg65_withlog1:shouldFailForBothOneAndMany_mg66_withlog1:shouldFailForBothOneAndMany_mg67_withlog1:shouldFailForBothOneAndMany_mg68_withlog1:shouldFailForBothOneAndMany_mg69_withlog1:shouldFailForBothOneAndMany_mg70_withlog1:shouldFailForBothOneAndMany_mg71_withlog1:shouldFailForBothOneAndMany_mg72_withlog1:shouldFailForBothOneAndMany_mg73_withlog1:shouldFailForBothOneAndMany_mg74_withlog1:shouldFailForBothOneAndMany_mg76_withlog1:shouldFailForBothOneAndMany_mg77_withlog1:shouldFailForBothOneAndMany_mg78_withlog1:shouldFailForBothOneAndMany_mg79_withlog1:shouldFailForBothOneAndMany_mg80_withlog1:shouldFailForBothOneAndMany_mg81_withlog1:shouldFailForBothOneAndMany_mg83_withlog1:shouldFailForBothOneAndMany_mg84_withlog1:shouldFailForBothOneAndMany_mg85_withlog1:shouldFailForBothOneAndMany_mg86_withlog1:shouldFailForBothOneAndMany_mg87_withlog1:shouldFailForBothOneAndMany_mg88_withlog1:shouldFailForBothOneAndMany_mg89_withlog1:shouldFailForBothOneAndMany_mg90_withlog1:shouldFailForBothOneAndMany_mg91_withlog1:shouldFailForBothOneAndMany_mg92_withlog1:shouldFailForBothOneAndMany_mg93_withlog1:shouldFailForBothOneAndMany_mg94_withlog1:shouldFailForBothOneAndManynull95_withlog1:shouldFailForBothOneAndManynull97_withlog1:shouldFailForBothOneAndMany_add1_withlog2:shouldFailForBothOneAndMany_mg3_withlog2:shouldFailForBothOneAndMany_mg5_withlog2:shouldFailForBothOneAndMany_mg7_withlog2:shouldFailForBothOneAndMany_mg8_withlog2:shouldFailForBothOneAndMany_mg9_withlog2:shouldFailForBothOneAndMany_mg10_withlog2:shouldFailForBothOneAndMany_mg11_withlog2:shouldFailForBothOneAndMany_mg12_withlog2:shouldFailForBothOneAndMany_mg13_withlog2:shouldFailForBothOneAndMany_mg14_withlog2:shouldFailForBothOneAndMany_mg15_withlog2:shouldFailForBothOneAndMany_mg16_withlog2:shouldFailForBothOneAndMany_mg17_withlog2:shouldFailForBothOneAndMany_mg18_withlog2:shouldFailForBothOneAndMany_mg19_withlog2:shouldFailForBothOneAndMany_mg20_withlog2:shouldFailForBothOneAndMany_mg21_withlog2:shouldFailForBothOneAndMany_mg22_withlog2:shouldFailForBothOneAndMany_mg23_withlog2:shouldFailForBothOneAndMany_mg24_withlog2:shouldFailForBothOneAndMany_mg25_withlog2:shouldFailForBothOneAndMany_mg26_withlog2:shouldFailForBothOneAndMany_mg27_withlog2:shouldFailForBothOneAndMany_mg28_withlog2:shouldFailForBothOneAndMany_mg29_withlog2:shouldFailForBothOneAndMany_mg30_withlog2:shouldFailForBothOneAndMany_mg31_withlog2:shouldFailForBothOneAndMany_mg32_withlog2:shouldFailForBothOneAndMany_mg33_withlog2:shouldFailForBothOneAndMany_mg34_withlog2:shouldFailForBothOneAndMany_mg35_withlog2:shouldFailForBothOneAndMany_mg36_withlog2:shouldFailForBothOneAndMany_mg37_withlog2:shouldFailForBothOneAndMany_mg38_withlog2:shouldFailForBothOneAndMany_mg39_withlog2:shouldFailForBothOneAndMany_mg40_withlog2:shouldFailForBothOneAndMany_mg41_withlog2:shouldFailForBothOneAndMany_mg42_withlog2:shouldFailForBothOneAndMany_mg43_withlog2:shouldFailForBothOneAndMany_mg44_withlog2:shouldFailForBothOneAndMany_mg45_withlog2:shouldFailForBothOneAndMany_mg46_withlog2:shouldFailForBothOneAndMany_mg47_withlog2:shouldFailForBothOneAndMany_mg48_withlog2:shouldFailForBothOneAndMany_mg49_withlog2:shouldFailForBothOneAndMany_mg50_withlog2:shouldFailForBothOneAndMany_mg51_withlog2:shouldFailForBothOneAndMany_mg52_withlog2:shouldFailForBothOneAndMany_mg53_withlog2:shouldFailForBothOneAndMany_mg54_withlog2:shouldFailForBothOneAndMany_mg55_withlog2:shouldFailForBothOneAndMany_mg56_withlog2:shouldFailForBothOneAndMany_mg57_withlog2:shouldFailForBothOneAndMany_mg58_withlog2:shouldFailForBothOneAndMany_mg59_withlog2:shouldFailForBothOneAndMany_mg60_withlog2:shouldFailForBothOneAndMany_mg61_withlog2:shouldFailForBothOneAndMany_mg62_withlog2:shouldFailForBothOneAndMany_mg63_withlog2:shouldFailForBothOneAndMany_mg64_withlog2:shouldFailForBothOneAndMany_mg65_withlog2:shouldFailForBothOneAndMany_mg66_withlog2:shouldFailForBothOneAndMany_mg67_withlog2:shouldFailForBothOneAndMany_mg68_withlog2:shouldFailForBothOneAndMany_mg69_withlog2:shouldFailForBothOneAndMany_mg70_withlog2:shouldFailForBothOneAndMany_mg71_withlog2:shouldFailForBothOneAndMany_mg72_withlog2:shouldFailForBothOneAndMany_mg73_withlog2:shouldFailForBothOneAndMany_mg74_withlog2:shouldFailForBothOneAndMany_mg76_withlog2:shouldFailForBothOneAndMany_mg77_withlog2:shouldFailForBothOneAndMany_mg78_withlog2:shouldFailForBothOneAndMany_mg79_withlog2:shouldFailForBothOneAndMany_mg80_withlog2:shouldFailForBothOneAndMany_mg81_withlog2:shouldFailForBothOneAndMany_mg83_withlog2:shouldFailForBothOneAndMany_mg84_withlog2:shouldFailForBothOneAndMany_mg85_withlog2:shouldFailForBothOneAndMany_mg86_withlog2:shouldFailForBothOneAndMany_mg87_withlog2:shouldFailForBothOneAndMany_mg88_withlog2:shouldFailForBothOneAndMany_mg89_withlog2:shouldFailForBothOneAndMany_mg90_withlog2:shouldFailForBothOneAndMany_mg91_withlog2:shouldFailForBothOneAndMany_mg92_withlog2:shouldFailForBothOneAndMany_mg93_withlog2:shouldFailForBothOneAndMany_mg94_withlog2:shouldFailForBothOneAndManynull95_withlog2:shouldFailForBothOneAndManynull97_withlog2
File saved to the following path: /tmp/dspot-experiments/dataset/mybatis/target/dspot/observations.ser
File saved to the following path: /tmp/dspot-experiments/dataset/mybatis/target/dspot/TestListener.ser
SLF4J: Class path contains multiple SLF4J bindings.
SLF4J: Found binding in [jar:file:/home/spirals/danglot/.m2/repository/org/slf4j/slf4j-log4j12/1.7.25/slf4j-log4j12-1.7.25.jar!/org/slf4j/impl/StaticLoggerBinder.class]
SLF4J: Found binding in [jar:file:/tmp/dspot/dspot/target/dspot-1.1.1-SNAPSHOT-jar-with-dependencies.jar!/org/slf4j/impl/StaticLoggerBinder.class]
SLF4J: See http://www.slf4j.org/codes.html#multiple_bindings for an explanation.
SLF4J: Actual binding is of type [org.slf4j.impl.Log4jLoggerFactory]
2018-08-13 16:54:05,168 INFO eu.stamp_project.testrunner.EntryPoint - Test has been run: shouldFailForBothOneAndMany_mg83_withlog0,shouldFailForBothOneAndMany_mg83_withlog1,shouldFailForBothOneAndMany_mg83_withlog2,shouldFailForBothOneAndMany_mg35_withlog0,shouldFailForBothOneAndMany_mg35_withlog1,shouldFailForBothOneAndMany_mg35_withlog2,shouldFailForBothOneAndMany_mg11_withlog0,shouldFailForBothOneAndMany_mg11_withlog1,shouldFailForBothOneAndMany_mg11_withlog2,shouldFailForBothOneAndMany_mg58_withlog0,shouldFailForBothOneAndMany_mg58_withlog1,shouldFailForBothOneAndMany_mg58_withlog2,shouldFailForBothOneAndMany_mg34_withlog0,shouldFailForBothOneAndMany_mg34_withlog1,shouldFailForBothOneAndMany_mg34_withlog2,shouldFailForBothOneAndMany_mg10_withlog0,shouldFailForBothOneAndMany_mg10_withlog1,shouldFailForBothOneAndMany_mg10_withlog2,shouldFailForBothOneAndMany_mg57_withlog0,shouldFailForBothOneAndMany_mg57_withlog1,shouldFailForBothOneAndMany_mg57_withlog2,shouldFailForBothOneAndMany_mg81_withlog0,shouldFailForBothOneAndMany_mg81_withlog1,shouldFailForBothOneAndMany_mg81_withlog2,shouldFailForBothOneAndMany_mg33_withlog0,shouldFailForBothOneAndMany_mg33_withlog1,shouldFailForBothOneAndMany_mg33_withlog2,shouldFailForBothOneAndMany_mg56_withlog0,shouldFailForBothOneAndMany_mg56_withlog1,shouldFailForBothOneAndMany_mg56_withlog2,shouldFailForBothOneAndMany_mg80_withlog0,shouldFailForBothOneAndMany_mg80_withlog1,shouldFailForBothOneAndMany_mg80_withlog2,shouldFailForBothOneAndMany_mg32_withlog0,shouldFailForBothOneAndMany_mg32_withlog1,shouldFailForBothOneAndMany_mg32_withlog2,shouldFailForBothOneAndMany_mg79_withlog0,shouldFailForBothOneAndMany_mg79_withlog1,shouldFailForBothOneAndMany_mg79_withlog2,shouldFailForBothOneAndMany_mg55_withlog0,shouldFailForBothOneAndMany_mg55_withlog1,shouldFailForBothOneAndMany_mg55_withlog2,shouldFailForBothOneAndMany_mg31_withlog0,shouldFailForBothOneAndMany_mg31_withlog1,shouldFailForBothOneAndMany_mg31_withlog2,shouldFailForBothOneAndMany_mg78_withlog0,shouldFailForBothOneAndMany_mg78_withlog1,shouldFailForBothOneAndMany_mg78_withlog2,shouldFailForBothOneAndMany_mg54_withlog0,shouldFailForBothOneAndMany_mg54_withlog1,shouldFailForBothOneAndMany_mg54_withlog2,shouldFailForBothOneAndMany_mg30_withlog0,shouldFailForBothOneAndMany_mg30_withlog1,shouldFailForBothOneAndMany_mg30_withlog2,shouldFailForBothOneAndMany_mg77_withlog0,shouldFailForBothOneAndMany_mg77_withlog1,shouldFailForBothOneAndMany_mg77_withlog2,shouldFailForBothOneAndMany_mg29_withlog0,shouldFailForBothOneAndMany_mg29_withlog1,shouldFailForBothOneAndMany_mg29_withlog2,shouldFailForBothOneAndMany_mg53_withlog0,shouldFailForBothOneAndMany_mg53_withlog1,shouldFailForBothOneAndMany_mg53_withlog2,shouldFailForBothOneAndMany_mg76_withlog0,shouldFailForBothOneAndMany_mg76_withlog1,shouldFailForBothOneAndMany_mg76_withlog2,shouldFailForBothOneAndMany_mg28_withlog0,shouldFailForBothOneAndMany_mg28_withlog1,shouldFailForBothOneAndMany_mg28_withlog2,shouldFailForBothOneAndMany_mg52_withlog0,shouldFailForBothOneAndMany_mg52_withlog1,shouldFailForBothOneAndMany_mg52_withlog2,shouldFailForBothOneAndMany_mg27_withlog0,shouldFailForBothOneAndMany_mg27_withlog1,shouldFailForBothOneAndMany_mg27_withlog2,shouldFailForBothOneAndMany_mg51_withlog0,shouldFailForBothOneAndMany_mg51_withlog1,shouldFailForBothOneAndMany_mg51_withlog2,shouldFailForBothOneAndMany_mg74_withlog0,shouldFailForBothOneAndMany_mg74_withlog1,shouldFailForBothOneAndMany_mg74_withlog2,shouldFailForBothOneAndMany_mg26_withlog0,shouldFailForBothOneAndMany_mg26_withlog1,shouldFailForBothOneAndMany_mg26_withlog2,shouldFailForBothOneAndMany_mg50_withlog0,shouldFailForBothOneAndMany_mg50_withlog1,shouldFailForBothOneAndMany_mg50_withlog2,shouldFailForBothOneAndMany_mg49_withlog0,shouldFailForBothOneAndMany_mg49_withlog1,shouldFailForBothOneAndMany_mg49_withlog2,shouldFailForBothOneAndMany_add1_withlog0,shouldFailForBothOneAndMany_add1_withlog1,shouldFailForBothOneAndMany_add1_withlog2,shouldFailForBothOneAndMany_mg73_withlog0,shouldFailForBothOneAndMany_mg73_withlog1,shouldFailForBothOneAndMany_mg73_withlog2,shouldFailForBothOneAndMany_mg25_withlog0,shouldFailForBothOneAndMany_mg25_withlog1,shouldFailForBothOneAndMany_mg25_withlog2,shouldFailForBothOneAndMany_mg48_withlog0,shouldFailForBothOneAndMany_mg48_withlog1,shouldFailForBothOneAndMany_mg48_withlog2,shouldFailForBothOneAndMany_mg72_withlog0,shouldFailForBothOneAndMany_mg72_withlog1,shouldFailForBothOneAndMany_mg72_withlog2,shouldFailForBothOneAndMany_mg24_withlog0,shouldFailForBothOneAndMany_mg24_withlog1,shouldFailForBothOneAndMany_mg24_withlog2,shouldFailForBothOneAndMany_mg47_withlog0,shouldFailForBothOneAndMany_mg47_withlog1,shouldFailForBothOneAndMany_mg47_withlog2,shouldFailForBothOneAndMany_mg71_withlog0,shouldFailForBothOneAndMany_mg71_withlog1,shouldFailForBothOneAndMany_mg71_withlog2,shouldFailForBothOneAndMany_mg23_withlog0,shouldFailForBothOneAndMany_mg23_withlog1,shouldFailForBothOneAndMany_mg23_withlog2,shouldFailForBothOneAndMany_mg94_withlog0,shouldFailForBothOneAndMany_mg94_withlog1,shouldFailForBothOneAndMany_mg94_withlog2,shouldFailForBothOneAndMany_mg46_withlog0,shouldFailForBothOneAndMany_mg46_withlog1,shouldFailForBothOneAndMany_mg46_withlog2,shouldFailForBothOneAndMany_mg70_withlog0,shouldFailForBothOneAndMany_mg70_withlog1,shouldFailForBothOneAndMany_mg70_withlog2,shouldFailForBothOneAndMany_mg22_withlog0,shouldFailForBothOneAndMany_mg22_withlog1,shouldFailForBothOneAndMany_mg22_withlog2,shouldFailForBothOneAndMany_mg69_withlog0,shouldFailForBothOneAndMany_mg69_withlog1,shouldFailForBothOneAndMany_mg69_withlog2,shouldFailForBothOneAndMany_mg9_withlog0,shouldFailForBothOneAndMany_mg9_withlog1,shouldFailForBothOneAndMany_mg9_withlog2,shouldFailForBothOneAndMany_mg93_withlog0,shouldFailForBothOneAndMany_mg93_withlog1,shouldFailForBothOneAndMany_mg93_withlog2,shouldFailForBothOneAndMany_mg45_withlog0,shouldFailForBothOneAndMany_mg45_withlog1,shouldFailForBothOneAndMany_mg45_withlog2,shouldFailForBothOneAndMany_mg21_withlog0,shouldFailForBothOneAndMany_mg21_withlog1,shouldFailForBothOneAndMany_mg21_withlog2,shouldFailForBothOneAndMany_mg68_withlog0,shouldFailForBothOneAndMany_mg68_withlog1,shouldFailForBothOneAndMany_mg68_withlog2,shouldFailForBothOneAndMany_mg8_withlog0,shouldFailForBothOneAndMany_mg8_withlog1,shouldFailForBothOneAndMany_mg8_withlog2,shouldFailForBothOneAndMany_mg92_withlog0,shouldFailForBothOneAndMany_mg92_withlog1,shouldFailForBothOneAndMany_mg92_withlog2,shouldFailForBothOneAndMany_mg44_withlog0,shouldFailForBothOneAndMany_mg44_withlog1,shouldFailForBothOneAndMany_mg44_withlog2,shouldFailForBothOneAndMany_mg20_withlog0,shouldFailForBothOneAndMany_mg20_withlog1,shouldFailForBothOneAndMany_mg20_withlog2,shouldFailForBothOneAndMany_mg67_withlog0,shouldFailForBothOneAndMany_mg67_withlog1,shouldFailForBothOneAndMany_mg67_withlog2,shouldFailForBothOneAndMany_mg19_withlog0,shouldFailForBothOneAndMany_mg19_withlog1,shouldFailForBothOneAndMany_mg19_withlog2,shouldFailForBothOneAndMany_mg7_withlog0,shouldFailForBothOneAndMany_mg7_withlog1,shouldFailForBothOneAndMany_mg7_withlog2,shouldFailForBothOneAndMany_mg91_withlog0,shouldFailForBothOneAndMany_mg91_withlog1,shouldFailForBothOneAndMany_mg91_withlog2,shouldFailForBothOneAndMany_mg43_withlog0,shouldFailForBothOneAndMany_mg43_withlog1,shouldFailForBothOneAndMany_mg43_withlog2,shouldFailForBothOneAndMany_mg66_withlog0,shouldFailForBothOneAndMany_mg66_withlog1,shouldFailForBothOneAndMany_mg66_withlog2,shouldFailForBothOneAndMany_mg18_withlog0,shouldFailForBothOneAndMany_mg18_withlog1,shouldFailForBothOneAndMany_mg18_withlog2,shouldFailForBothOneAndMany_mg90_withlog0,shouldFailForBothOneAndMany_mg90_withlog1,shouldFailForBothOneAndMany_mg90_withlog2,shouldFailForBothOneAndMany_mg42_withlog0,shouldFailForBothOneAndMany_mg42_withlog1,shouldFailForBothOneAndMany_mg42_withlog2,shouldFailForBothOneAndMany_mg89_withlog0,shouldFailForBothOneAndMany_mg89_withlog1,shouldFailForBothOneAndMany_mg89_withlog2,shouldFailForBothOneAndMany_mg65_withlog0,shouldFailForBothOneAndMany_mg65_withlog1,shouldFailForBothOneAndMany_mg65_withlog2,shouldFailForBothOneAndMany_mg17_withlog0,shouldFailForBothOneAndMany_mg17_withlog1,shouldFailForBothOneAndMany_mg17_withlog2,shouldFailForBothOneAndMany_mg5_withlog0,shouldFailForBothOneAndMany_mg5_withlog1,shouldFailForBothOneAndMany_mg5_withlog2,shouldFailForBothOneAndMany_mg41_withlog0,shouldFailForBothOneAndMany_mg41_withlog1,shouldFailForBothOneAndMany_mg41_withlog2,shouldFailForBothOneAndMany_mg88_withlog0,shouldFailForBothOneAndMany_mg88_withlog1,shouldFailForBothOneAndMany_mg88_withlog2,shouldFailForBothOneAndManynull97_withlog0,shouldFailForBothOneAndManynull97_withlog1,shouldFailForBothOneAndManynull97_withlog2,shouldFailForBothOneAndMany_mg64_withlog0,shouldFailForBothOneAndMany_mg64_withlog1,shouldFailForBothOneAndMany_mg64_withlog2,shouldFailForBothOneAndMany_mg16_withlog0,shouldFailForBothOneAndMany_mg16_withlog1,shouldFailForBothOneAndMany_mg16_withlog2,shouldFailForBothOneAndMany_mg40_withlog0,shouldFailForBothOneAndMany_mg40_withlog1,shouldFailForBothOneAndMany_mg40_withlog2,shouldFailForBothOneAndMany_mg87_withlog0,shouldFailForBothOneAndMany_mg87_withlog1,shouldFailForBothOneAndMany_mg87_withlog2,shouldFailForBothOneAndMany_mg39_withlog0,shouldFailForBothOneAndMany_mg39_withlog1,shouldFailForBothOneAndMany_mg39_withlog2,shouldFailForBothOneAndMany_mg63_withlog0,shouldFailForBothOneAndMany_mg63_withlog1,shouldFailForBothOneAndMany_mg63_withlog2,shouldFailForBothOneAndMany_mg15_withlog0,shouldFailForBothOneAndMany_mg15_withlog1,shouldFailForBothOneAndMany_mg15_withlog2,shouldFailForBothOneAndMany_mg3_withlog0,shouldFailForBothOneAndMany_mg3_withlog1,shouldFailForBothOneAndMany_mg3_withlog2,shouldFailForBothOneAndMany_mg86_withlog0,shouldFailForBothOneAndMany_mg86_withlog1,shouldFailForBothOneAndMany_mg86_withlog2,shouldFailForBothOneAndMany_mg38_withlog0,shouldFailForBothOneAndMany_mg38_withlog1,shouldFailForBothOneAndMany_mg38_withlog2,shouldFailForBothOneAndManynull95_withlog0,shouldFailForBothOneAndManynull95_withlog1,shouldFailForBothOneAndManynull95_withlog2,shouldFailForBothOneAndMany_mg62_withlog0,shouldFailForBothOneAndMany_mg62_withlog1,shouldFailForBothOneAndMany_mg62_withlog2,shouldFailForBothOneAndMany_mg14_withlog0,shouldFailForBothOneAndMany_mg14_withlog1,shouldFailForBothOneAndMany_mg14_withlog2,shouldFailForBothOneAndMany_mg85_withlog0,shouldFailForBothOneAndMany_mg85_withlog1,shouldFailForBothOneAndMany_mg85_withlog2,shouldFailForBothOneAndMany_mg37_withlog0,shouldFailForBothOneAndMany_mg37_withlog1,shouldFailForBothOneAndMany_mg37_withlog2,shouldFailForBothOneAndMany_mg61_withlog0,shouldFailForBothOneAndMany_mg61_withlog1,shouldFailForBothOneAndMany_mg61_withlog2,shouldFailForBothOneAndMany_mg13_withlog0,shouldFailForBothOneAndMany_mg13_withlog1,shouldFailForBothOneAndMany_mg13_withlog2,shouldFailForBothOneAndMany_mg84_withlog0,shouldFailForBothOneAndMany_mg84_withlog1,shouldFailForBothOneAndMany_mg84_withlog2,shouldFailForBothOneAndMany_mg36_withlog0,shouldFailForBothOneAndMany_mg36_withlog1,shouldFailForBothOneAndMany_mg36_withlog2,shouldFailForBothOneAndMany_mg60_withlog0,shouldFailForBothOneAndMany_mg60_withlog1,shouldFailForBothOneAndMany_mg60_withlog2,shouldFailForBothOneAndMany_mg12_withlog0,shouldFailForBothOneAndMany_mg12_withlog1,shouldFailForBothOneAndMany_mg12_withlog2,shouldFailForBothOneAndMany_mg59_withlog0,shouldFailForBothOneAndMany_mg59_withlog1,shouldFailForBothOneAndMany_mg59_withlog2
2018-08-13 16:54:05,169 INFO eu.stamp_project.dspot.assertgenerator.MethodsAssertGenerator - Generating assertions...
2018-08-13 16:54:05,212 INFO eu.stamp_project.dspot.assertgenerator.AssertGenerator - 1 test fail, generating try/catch/fail blocks...
2018-08-13 16:54:05,215 INFO eu.stamp_project.dspot.assertgenerator.AssertGenerator - Could not generate any test with assertions
2018-08-13 16:54:05,215 INFO eu.stamp_project.dspot.Amplification - iteration 1 / 3
2018-08-13 16:54:05,215 INFO eu.stamp_project.dspot.Amplification - 97 tests selected to be amplified over 97 available tests
2018-08-13 16:54:05,215 INFO eu.stamp_project.dspot.budget.NoBudgetizer - Amplification of inputs...
 62% |=============================== ]/ 87% |=========================================== ]/ 31% |=========================================== ]\ 13% |=========================================== ]/ 63% |=========================================== ]- 88% |============================================ ]- 32% |============================================ ]| 14% |============================================ ]- 64% |============================================ ]\ 34% |============================================ ]/ 15% |============================================ ]\ 89% |============================================ ]\ 65% |============================================ ]| 90% |============================================= ]| 35% |============================================= ]- 16% |============================================= ]| 67% |============================================= ]/ 17% |============================================= ]/ 91% |============================================= ]/ 36% |============================================= ]\ 68% |============================================= ]- 18% |============================================= ]- 92% |============================================== ]- 37% |============================================== ]| 69% |============================================== ]\ 93% |============================================== ]\ 19% |============================================== ]\ 25% |============================================== ]/ 94% |=============================================== ]| 70% |=============================================== ]| 20% |=============================================== ]| 26% |=============================================== ]- 95% |=============================================== ]/ 71% |=============================================== ]/ 21% |=============================================== ]/ 27% |=============================================== ]\ 96% |================================================ ]- 72% |================================================ ]- 22% |================================================ ]- 28% |================================================ ]| 97% |================================================ ]\ 73% |================================================ ]\ 23% |================================================ ]\ 29% |================================================ ]/ 74% |================================================ ]| 98% |================================================= ]| 24% |================================================= ]| 30% |================================================= ]- 56% |================================================= ]\100% |================================================== ]/
  7% |=== ]\ 57% |============================ ]|  8% |============================ ]| 44% |============================ ]\ 81% |======================================== ]\ 58% |======================================== ]/  9% |======================================== ]/ 45% |======================================== ]| 82% |========================================= ]| 59% |========================================= ]- 10% |========================================= ]- 46% |========================================= ]/ 83% |========================================= ]/ 47% |========================================= ]- 60% |========================================= ]\ 11% |========================================= ]\ 84% |========================================== ]- 48% |========================================== ]\ 12% |========================================== ]| 61% |========================================== ]| 85% |========================================== ]\ 49% |========================================== ]|  1% |========================================== ]/ 50% |========================================== ]/ 86% |=========================================== ]| 38% |=========================================== ]/  2% |=========================================== ]- 51% |=========================================== ]- 75% |=========================================== ]/ 39% |=========================================== ]-  3% |=========================================== ]\ 52% |=========================================== ]\ 76% |=========================================== ]- 40% |=========================================== ]\  4% |=========================================== ]| 53% |=========================================== ]| 41% |=========================================== ]|  5% |=========================================== ]/ 77% |=========================================== ]\ 54% |=========================================== ]/ 42% |=========================================== ]/  6% |=========================================== ]- 78% |=========================================== ]| 43% |=========================================== ]- 55% |=========================================== ]- 79% |=========================================== ]/ 80% |=========================================== ]-2018-08-13 16:54:39,348 INFO eu.stamp_project.dspot.budget.NoBudgetizer - 9954 new tests generated
2018-08-13 16:54:39,348 WARN eu.stamp_project.dspot.budget.NoBudgetizer - Too many tests have been generated: 9954
2018-08-13 16:54:40,303 INFO eu.stamp_project.dspot.budget.NoBudgetizer - Number of generated test reduced to 200
2018-08-13 16:54:45,067 INFO eu.stamp_project.dspot.assertgenerator.AssertGenerator - Run tests. (200)
2018-08-13 16:54:45,400 ERROR eu.stamp_project.utils.compilation.TestCompiler - Error(s) during compilation:
2018-08-13 16:54:45,400 ERROR eu.stamp_project.utils.compilation.TestCompiler - Pb(130) The constructor Configuration(String) is undefined
2018-08-13 16:54:45,400 ERROR eu.stamp_project.utils.compilation.TestCompiler - Pb(130) The constructor Configuration(String, int, float) is undefined
2018-08-13 16:54:45,400 ERROR eu.stamp_project.utils.compilation.TestCompiler - Pb(130) The constructor Configuration(String, Collections.emptyMap()) is undefined
2018-08-13 16:54:45,400 ERROR eu.stamp_project.utils.compilation.TestCompiler - Pb(130) The constructor Configuration(String, int, float) is undefined
2018-08-13 16:54:45,401 ERROR eu.stamp_project.utils.compilation.TestCompiler - Pb(130) The constructor Environment(String) is undefined
2018-08-13 16:54:45,401 ERROR eu.stamp_project.utils.compilation.TestCompiler - Pb(130) The constructor Configuration(String, int, float) is undefined
2018-08-13 16:54:45,401 ERROR eu.stamp_project.utils.compilation.TestCompiler - Pb(130) The constructor Environment(String) is undefined
2018-08-13 16:54:45,401 ERROR eu.stamp_project.utils.compilation.TestCompiler - Pb(130) The constructor Environment(String) is undefined
2018-08-13 16:54:45,401 ERROR eu.stamp_project.utils.compilation.TestCompiler - Pb(130) The constructor Environment(String) is undefined
2018-08-13 16:54:45,401 ERROR eu.stamp_project.utils.compilation.TestCompiler - Pb(130) The constructor Configuration(String) is undefined
2018-08-13 16:54:45,401 ERROR eu.stamp_project.utils.compilation.TestCompiler - Pb(130) The constructor Configuration(String, int) is undefined
2018-08-13 16:54:45,401 ERROR eu.stamp_project.utils.compilation.TestCompiler - Pb(130) The constructor Configuration(String) is undefined
2018-08-13 16:54:45,401 ERROR eu.stamp_project.utils.compilation.TestCompiler - Pb(130) The constructor Environment(String) is undefined
2018-08-13 16:54:45,401 ERROR eu.stamp_project.utils.compilation.TestCompiler - Pb(130) The constructor Environment(String) is undefined
2018-08-13 16:54:45,401 ERROR eu.stamp_project.utils.compilation.TestCompiler - Pb(130) The constructor Environment(String) is undefined
2018-08-13 16:54:45,401 ERROR eu.stamp_project.utils.compilation.TestCompiler - Pb(130) The constructor Environment(String) is undefined
2018-08-13 16:54:45,401 ERROR eu.stamp_project.utils.compilation.TestCompiler - Pb(130) The constructor Configuration(String, int) is undefined
2018-08-13 16:54:45,402 ERROR eu.stamp_project.utils.compilation.TestCompiler - Pb(130) The constructor Environment(String) is undefined
2018-08-13 16:54:45,402 ERROR eu.stamp_project.utils.compilation.TestCompiler - Pb(130) The constructor Configuration(String, int) is undefined
2018-08-13 16:54:45,402 ERROR eu.stamp_project.utils.compilation.TestCompiler - Pb(130) The constructor Configuration(String) is undefined
2018-08-13 16:54:45,900 ERROR eu.stamp_project.utils.compilation.TestCompiler - Error(s) during compilation:
2018-08-13 16:54:45,901 ERROR eu.stamp_project.utils.compilation.TestCompiler - Pb(130) The constructor Environment(String) is undefined
2018-08-13 16:54:45,901 ERROR eu.stamp_project.utils.compilation.TestCompiler - Pb(130) The constructor Environment(String) is undefined
2018-08-13 16:54:45,901 ERROR eu.stamp_project.utils.compilation.TestCompiler - Pb(130) The constructor Environment(String) is undefined
2018-08-13 16:54:45,901 ERROR eu.stamp_project.utils.compilation.TestCompiler - Pb(130) The constructor Configuration(String, int, float) is undefined
2018-08-13 16:54:45,901 ERROR eu.stamp_project.utils.compilation.TestCompiler - Pb(130) The constructor Environment(String) is undefined
2018-08-13 16:54:45,901 ERROR eu.stamp_project.utils.compilation.TestCompiler - Pb(130) The constructor Environment(String) is undefined
2018-08-13 16:54:45,901 ERROR eu.stamp_project.utils.compilation.TestCompiler - Pb(130) The constructor Configuration(String, int, float) is undefined
2018-08-13 16:54:45,901 ERROR eu.stamp_project.utils.compilation.TestCompiler - Pb(130) The constructor Configuration(String, int) is undefined
2018-08-13 16:54:45,901 ERROR eu.stamp_project.utils.compilation.TestCompiler - Pb(130) The constructor Configuration(String, int, float) is undefined
2018-08-13 16:54:45,901 ERROR eu.stamp_project.utils.compilation.TestCompiler - Pb(130) The constructor Configuration(String, Collections.emptyMap()) is undefined
2018-08-13 16:54:45,901 ERROR eu.stamp_project.utils.compilation.TestCompiler - Pb(130) The constructor Environment(String) is undefined
2018-08-13 16:54:45,902 ERROR eu.stamp_project.utils.compilation.TestCompiler - Pb(130) The constructor Environment(String) is undefined
2018-08-13 16:54:45,902 ERROR eu.stamp_project.utils.compilation.TestCompiler - Pb(130) The constructor Environment(String) is undefined
2018-08-13 16:54:45,902 ERROR eu.stamp_project.utils.compilation.TestCompiler - Pb(130) The constructor Configuration(String, int, float) is undefined
2018-08-13 16:54:45,902 ERROR eu.stamp_project.utils.compilation.TestCompiler - Pb(130) The constructor Configuration(String) is undefined
2018-08-13 16:54:45,902 ERROR eu.stamp_project.utils.compilation.TestCompiler - Pb(130) The constructor Environment(String) is undefined
2018-08-13 16:54:45,902 ERROR eu.stamp_project.utils.compilation.TestCompiler - Pb(130) The constructor Environment(String) is undefined
2018-08-13 16:54:45,902 ERROR eu.stamp_project.utils.compilation.TestCompiler - Pb(130) The constructor Environment(String) is undefined
2018-08-13 16:54:45,902 ERROR eu.stamp_project.utils.compilation.TestCompiler - Pb(130) The constructor Environment(String) is undefined
2018-08-13 16:54:45,902 ERROR eu.stamp_project.utils.compilation.TestCompiler - Pb(130) The constructor Environment(String) is undefined
2018-08-13 16:54:46,207 WARN eu.stamp_project.dspot.assertgenerator.AssertGenerator - Error when executing tests before Assertion Amplification:
eu.stamp_project.dspot.AmplificationException: Every test methods are uncompilable
	at eu.stamp_project.utils.compilation.TestCompiler.compileAndDiscardUncompilableMethods(TestCompiler.java:125)
	at eu.stamp_project.utils.compilation.TestCompiler.compileAndRun(TestCompiler.java:93)
	at eu.stamp_project.dspot.assertgenerator.AssertGenerator.innerAssertionAmplification(AssertGenerator.java:100)
	at eu.stamp_project.dspot.assertgenerator.AssertGenerator.assertionAmplification(AssertGenerator.java:71)
	at eu.stamp_project.dspot.Amplification.assertionsAmplification(Amplification.java:149)
	at eu.stamp_project.dspot.Amplification.amplification(Amplification.java:134)
	at eu.stamp_project.dspot.Amplification.amplification(Amplification.java:97)
	at eu.stamp_project.dspot.DSpot.amplifyTest(DSpot.java:180)
	at eu.stamp_project.dspot.DSpot.amplifyTest(DSpot.java:170)
	at eu.stamp_project.Main.lambda$run$1(Main.java:69)
	at java.util.stream.ReferencePipeline$3$1.accept(ReferencePipeline.java:193)
	at java.util.Spliterators$ArraySpliterator.forEachRemaining(Spliterators.java:948)
	at java.util.stream.AbstractPipeline.copyInto(AbstractPipeline.java:481)
	at java.util.stream.AbstractPipeline.wrapAndCopyInto(AbstractPipeline.java:471)
	at java.util.stream.ReduceOps$ReduceOp.evaluateSequential(ReduceOps.java:708)
	at java.util.stream.AbstractPipeline.evaluate(AbstractPipeline.java:234)
	at java.util.stream.ReferencePipeline.collect(ReferencePipeline.java:499)
	at eu.stamp_project.Main.run(Main.java:71)
	at eu.stamp_project.Main.main(Main.java:40)
2018-08-13 16:54:46,207 INFO eu.stamp_project.dspot.assertgenerator.AssertGenerator - Could not generate any test with assertions
2018-08-13 16:54:46,207 INFO eu.stamp_project.dspot.Amplification - iteration 2 / 3
2018-08-13 16:54:46,208 INFO eu.stamp_project.dspot.Amplification - 200 tests selected to be amplified over 200 available tests
2018-08-13 16:54:46,208 INFO eu.stamp_project.dspot.budget.NoBudgetizer - Amplification of inputs...
 63% |============================================ ]- 88% |============================================ ]| 31% |============================================ ]\ 13% |============================================ ]- 63% |============================================ ]\ 88% |============================================ ]/ 32% |============================================ ]| 13% |============================================ ]\ 64% |============================================ ]| 89% |============================================ ]- 32% |============================================ ]/ 14% |============================================ ]| 64% |============================================ ]/ 89% |============================================ ]\ 33% |============================================ ]- 14% |============================================ ]/ 65% |============================================ ]- 90% |============================================= ]| 15% |============================================= ]- 33% |============================================= ]\ 65% |============================================= ]\ 90% |============================================= ]/ 15% |============================================= ]\ 34% |============================================= ]| 66% |============================================= ]| 91% |============================================= ]- 16% |============================================= ]| 34% |============================================= ]/ 66% |============================================= ]/ 16% |============================================= ]/ 91% |============================================= ]\ 35% |============================================= ]- 67% |============================================= ]- 17% |============================================= ]- 92% |============================================== ]| 35% |============================================== ]\ 67% |============================================== ]\ 17% |============================================== ]\ 92% |============================================== ]/ 36% |============================================== ]| 68% |============================================== ]| 18% |============================================== ]| 93% |============================================== ]- 36% |============================================== ]/ 68% |============================================== ]/ 18% |============================================== ]/ 93% |============================================== ]\ 37% |============================================== ]- 69% |============================================== ]- 19% |============================================== ]- 94% |=============================================== ]| 37% |=============================================== ]\ 69% |=============================================== ]\ 19% |=============================================== ]\ 94% |=============================================== ]/ 25% |=============================================== ]\ 70% |=============================================== ]| 20% |=============================================== ]| 95% |=============================================== ]- 26% |=============================================== ]| 70% |=============================================== ]/ 20% |=============================================== ]/ 95% |=============================================== ]\ 26% |=============================================== ]/ 71% |=============================================== ]- 21% |=============================================== ]- 96% |================================================ ]| 27% |================================================ ]- 71% |================================================ ]\ 21% |================================================ ]\ 96% |================================================ ]/ 27% |================================================ ]\ 72% |================================================ ]| 22% |================================================ ]| 97% |================================================ ]- 28% |================================================ ]| 72% |================================================ ]/ 22% |================================================ ]/ 97% |================================================ ]\ 28% |================================================ ]/ 73% |================================================ ]- 23% |================================================ ]- 98% |================================================= ]| 29% |================================================= ]- 73% |================================================= ]\ 23% |================================================= ]\ 98% |================================================= ]/ 29% |================================================= ]\ 74% |================================================= ]| 24% |================================================= ]| 99% |================================================= ]- 30% |================================================= ]| 74% |================================================= ]/ 24% |================================================= ]/ 99% |================================================= ]\ 30% |================================================= ]/ 75% |================================================= ]- 25% |================================================= ]-100% |================================================== ]|
 31% |=============== ]- 56% |============================ ]/  6% |============================ ]/ 81% |======================================== ]\ 44% |======================================== ]| 57% |======================================== ]-  7% |======================================== ]- 82% |========================================= ]| 44% |========================================= ]/ 57% |========================================= ]\  7% |========================================= ]\ 82% |========================================= ]/ 45% |========================================= ]- 58% |========================================= ]| 83% |========================================= ]-  8% |========================================= ]| 45% |========================================= ]\ 83% |========================================= ]\  8% |========================================= ]/ 46% |========================================= ]| 58% |========================================= ]/ 84% |========================================== ]|  9% |========================================== ]- 46% |========================================== ]/ 59% |========================================== ]- 84% |========================================== ]/  9% |========================================== ]\ 47% |========================================== ]- 59% |========================================== ]\ 85% |========================================== ]- 10% |========================================== ]| 60% |========================================== ]| 47% |========================================== ]\ 85% |========================================== ]\ 10% |========================================== ]/ 60% |========================================== ]/ 48% |========================================== ]| 86% |=========================================== ]| 11% |=========================================== ]- 61% |=========================================== ]- 48% |=========================================== ]/ 86% |=========================================== ]/ 11% |=========================================== ]\ 61% |=========================================== ]\ 49% |=========================================== ]- 87% |=========================================== ]- 12% |=========================================== ]| 62% |=========================================== ]| 49% |=========================================== ]\ 87% |=========================================== ]\ 12% |=========================================== ]/ 62% |=========================================== ]/ 50% |=========================================== ]| 75% |=========================================== ]\  0% |=========================================== ]/ 50% |=========================================== ]/ 38% |=========================================== ]| 76% |=========================================== ]| 51% |=========================================== ]-  1% |=========================================== ]- 38% |=========================================== ]/ 76% |=========================================== ]/ 51% |=========================================== ]\  1% |=========================================== ]\ 39% |=========================================== ]- 77% |=========================================== ]- 52% |=========================================== ]|  2% |=========================================== ]| 39% |=========================================== ]\ 77% |=========================================== ]\ 52% |=========================================== ]/ 40% |=========================================== ]|  2% |=========================================== ]/ 78% |=========================================== ]| 53% |=========================================== ]- 40% |=========================================== ]/  3% |=========================================== ]- 78% |=========================================== ]/ 53% |=========================================== ]\ 41% |=========================================== ]-  3% |=========================================== ]\ 79% |=========================================== ]- 54% |=========================================== ]|  4% |=========================================== ]| 41% |=========================================== ]\ 79% |=========================================== ]\ 54% |=========================================== ]/  4% |=========================================== ]/ 42% |=========================================== ]| 80% |=========================================== ]| 55% |=========================================== ]-  5% |=========================================== ]- 42% |=========================================== ]/ 80% |=========================================== ]/  5% |=========================================== ]\ 55% |=========================================== ]\ 43% |=========================================== ]- 81% |=========================================== ]-  6% |=========================================== ]| 56% |=========================================== ]| 43% |=========================================== ]\2018-08-13 16:55:52,454 INFO eu.stamp_project.dspot.budget.NoBudgetizer - 32700 new tests generated
2018-08-13 16:55:52,454 WARN eu.stamp_project.dspot.budget.NoBudgetizer - Too many tests have been generated: 32700
2018-08-13 16:55:57,728 INFO eu.stamp_project.dspot.budget.NoBudgetizer - Number of generated test reduced to 200
2018-08-13 16:56:07,344 INFO eu.stamp_project.dspot.assertgenerator.AssertGenerator - Run tests. (200)
2018-08-13 16:56:07,737 ERROR eu.stamp_project.utils.compilation.TestCompiler - Error(s) during compilation:
2018-08-13 16:56:07,737 ERROR eu.stamp_project.utils.compilation.TestCompiler - Pb(130) The constructor Configuration(String) is undefined
2018-08-13 16:56:07,737 ERROR eu.stamp_project.utils.compilation.TestCompiler - Pb(130) The constructor Environment(String) is undefined
2018-08-13 16:56:07,737 ERROR eu.stamp_project.utils.compilation.TestCompiler - Pb(130) The constructor Configuration(String) is undefined
2018-08-13 16:56:07,737 ERROR eu.stamp_project.utils.compilation.TestCompiler - Pb(130) The constructor Configuration(String, int) is undefined
2018-08-13 16:56:07,737 ERROR eu.stamp_project.utils.compilation.TestCompiler - Pb(130) The constructor Environment(String) is undefined
2018-08-13 16:56:07,737 ERROR eu.stamp_project.utils.compilation.TestCompiler - Pb(130) The constructor Configuration(String, int, float) is undefined
2018-08-13 16:56:07,737 ERROR eu.stamp_project.utils.compilation.TestCompiler - Pb(130) The constructor Configuration(String, int, float) is undefined
2018-08-13 16:56:07,737 ERROR eu.stamp_project.utils.compilation.TestCompiler - Pb(130) The constructor Environment(String) is undefined
2018-08-13 16:56:07,737 ERROR eu.stamp_project.utils.compilation.TestCompiler - Pb(130) The constructor Configuration(String) is undefined
2018-08-13 16:56:07,737 ERROR eu.stamp_project.utils.compilation.TestCompiler - Pb(130) The constructor Configuration(String, int) is undefined
2018-08-13 16:56:07,738 ERROR eu.stamp_project.utils.compilation.TestCompiler - Pb(130) The constructor Configuration(String) is undefined
2018-08-13 16:56:07,738 ERROR eu.stamp_project.utils.compilation.TestCompiler - Pb(130) The constructor Configuration(String, Collections.emptyMap()) is undefined
2018-08-13 16:56:07,738 ERROR eu.stamp_project.utils.compilation.TestCompiler - Pb(130) The constructor Configuration(String, int, float) is undefined
2018-08-13 16:56:07,738 ERROR eu.stamp_project.utils.compilation.TestCompiler - Pb(130) The constructor Configuration(String, int, float) is undefined
2018-08-13 16:56:07,738 ERROR eu.stamp_project.utils.compilation.TestCompiler - Pb(130) The constructor Environment(String) is undefined
2018-08-13 16:56:07,738 ERROR eu.stamp_project.utils.compilation.TestCompiler - Pb(130) The constructor BoundSql(Configuration, String, List<Object>, Object) is undefined
2018-08-13 16:56:07,738 ERROR eu.stamp_project.utils.compilation.TestCompiler - Pb(130) The constructor Environment(String) is undefined
2018-08-13 16:56:07,738 ERROR eu.stamp_project.utils.compilation.TestCompiler - Pb(130) The constructor Configuration(String, int) is undefined
2018-08-13 16:56:07,738 ERROR eu.stamp_project.utils.compilation.TestCompiler - Pb(130) The constructor Environment(String) is undefined
2018-08-13 16:56:07,738 ERROR eu.stamp_project.utils.compilation.TestCompiler - Pb(130) The constructor Configuration(String) is undefined
2018-08-13 16:56:08,356 ERROR eu.stamp_project.utils.compilation.TestCompiler - Error(s) during compilation:
2018-08-13 16:56:08,356 ERROR eu.stamp_project.utils.compilation.TestCompiler - Pb(130) The constructor Configuration(String, Collections.emptyMap()) is undefined
2018-08-13 16:56:08,356 ERROR eu.stamp_project.utils.compilation.TestCompiler - Pb(130) The constructor Configuration(String, Collections.emptyMap()) is undefined
2018-08-13 16:56:08,356 ERROR eu.stamp_project.utils.compilation.TestCompiler - Pb(130) The constructor Configuration(String) is undefined
2018-08-13 16:56:08,356 ERROR eu.stamp_project.utils.compilation.TestCompiler - Pb(130) The constructor BoundSql(Configuration, String, List<Object>, Object) is undefined
2018-08-13 16:56:08,356 ERROR eu.stamp_project.utils.compilation.TestCompiler - Pb(130) The constructor Configuration(String) is undefined
2018-08-13 16:56:08,356 ERROR eu.stamp_project.utils.compilation.TestCompiler - Pb(130) The constructor Configuration(String, Collections.emptyMap()) is undefined
2018-08-13 16:56:08,356 ERROR eu.stamp_project.utils.compilation.TestCompiler - Pb(130) The constructor Configuration(String, int, float) is undefined
2018-08-13 16:56:08,356 ERROR eu.stamp_project.utils.compilation.TestCompiler - Pb(130) The constructor Configuration(String) is undefined
2018-08-13 16:56:08,357 ERROR eu.stamp_project.utils.compilation.TestCompiler - Pb(130) The constructor Configuration(String, Collections.emptyMap()) is undefined
2018-08-13 16:56:08,357 ERROR eu.stamp_project.utils.compilation.TestCompiler - Pb(130) The constructor BoundSql(Configuration, String, List<Object>, Object) is undefined
2018-08-13 16:56:08,357 ERROR eu.stamp_project.utils.compilation.TestCompiler - Pb(130) The constructor Configuration(String, Collections.emptyMap()) is undefined
2018-08-13 16:56:08,357 ERROR eu.stamp_project.utils.compilation.TestCompiler - Pb(130) The constructor Configuration(String) is undefined
2018-08-13 16:56:08,357 ERROR eu.stamp_project.utils.compilation.TestCompiler - Pb(130) The constructor Configuration(String, int, float) is undefined
2018-08-13 16:56:08,357 ERROR eu.stamp_project.utils.compilation.TestCompiler - Pb(130) The constructor Configuration(String) is undefined
2018-08-13 16:56:08,357 ERROR eu.stamp_project.utils.compilation.TestCompiler - Pb(130) The constructor Configuration(String, int) is undefined
2018-08-13 16:56:08,357 ERROR eu.stamp_project.utils.compilation.TestCompiler - Pb(130) The constructor BoundSql(Configuration, String, List<Object>, Object) is undefined
2018-08-13 16:56:08,357 ERROR eu.stamp_project.utils.compilation.TestCompiler - Pb(130) The constructor Configuration(String, int) is undefined
2018-08-13 16:56:08,357 ERROR eu.stamp_project.utils.compilation.TestCompiler - Pb(130) The constructor Environment(String) is undefined
2018-08-13 16:56:08,357 ERROR eu.stamp_project.utils.compilation.TestCompiler - Pb(130) The constructor Environment(String) is undefined
2018-08-13 16:56:08,357 ERROR eu.stamp_project.utils.compilation.TestCompiler - Pb(130) The constructor Environment(String) is undefined
2018-08-13 16:56:08,696 WARN eu.stamp_project.dspot.assertgenerator.AssertGenerator - Error when executing tests before Assertion Amplification:
eu.stamp_project.dspot.AmplificationException: Every test methods are uncompilable
	at eu.stamp_project.utils.compilation.TestCompiler.compileAndDiscardUncompilableMethods(TestCompiler.java:125)
	at eu.stamp_project.utils.compilation.TestCompiler.compileAndRun(TestCompiler.java:93)
	at eu.stamp_project.dspot.assertgenerator.AssertGenerator.innerAssertionAmplification(AssertGenerator.java:100)
	at eu.stamp_project.dspot.assertgenerator.AssertGenerator.assertionAmplification(AssertGenerator.java:71)
	at eu.stamp_project.dspot.Amplification.assertionsAmplification(Amplification.java:149)
	at eu.stamp_project.dspot.Amplification.amplification(Amplification.java:134)
	at eu.stamp_project.dspot.Amplification.amplification(Amplification.java:97)
	at eu.stamp_project.dspot.DSpot.amplifyTest(DSpot.java:180)
	at eu.stamp_project.dspot.DSpot.amplifyTest(DSpot.java:170)
	at eu.stamp_project.Main.lambda$run$1(Main.java:69)
	at java.util.stream.ReferencePipeline$3$1.accept(ReferencePipeline.java:193)
	at java.util.Spliterators$ArraySpliterator.forEachRemaining(Spliterators.java:948)
	at java.util.stream.AbstractPipeline.copyInto(AbstractPipeline.java:481)
	at java.util.stream.AbstractPipeline.wrapAndCopyInto(AbstractPipeline.java:471)
	at java.util.stream.ReduceOps$ReduceOp.evaluateSequential(ReduceOps.java:708)
	at java.util.stream.AbstractPipeline.evaluate(AbstractPipeline.java:234)
	at java.util.stream.ReferencePipeline.collect(ReferencePipeline.java:499)
	at eu.stamp_project.Main.run(Main.java:71)
	at eu.stamp_project.Main.main(Main.java:40)
2018-08-13 16:56:08,696 INFO eu.stamp_project.dspot.assertgenerator.AssertGenerator - Could not generate any test with assertions
2018-08-13 16:56:08,696 INFO eu.stamp_project.dspot.Amplification - 0 amplified test methods has been selected to be kept. (global: 0)
2018-08-13 16:56:08,697 INFO eu.stamp_project.dspot.DSpot - elapsedTime 141657

======= REPORT =======
PitMutantScoreSelector: 
The original test suite kills 93 mutants
The amplification results with 0 new tests
it kills 0 more mutants

2018-08-13 16:56:08,761 INFO eu.stamp_project.dspot.DSpot - Print AmplWrongMapperTest with 0?amplified test cases in /tmp/dspot-experiments/results/august-2018/mybatis/worst_2_amplification
2018-08-13 16:56:08,765 INFO eu.stamp_project.Main - Amplification succeed.
2018-08-13 16:56:08,765 INFO eu.stamp_project.Main - Elapsed time 142360 ms
